#
# There is insufficient memory for the Java Runtime Environment to continue.
# Native memory allocation (mmap) failed to map 264241152 bytes for G1 virtual space
# Possible reasons:
#   The system is out of physical RAM or swap space
#   The process is running with CompressedOops enabled, and the Java Heap may be blocking the growth of the native heap
# Possible solutions:
#   Reduce memory load on the system
#   Increase physical memory or swap space
#   Check if swap backing store is full
#   Decrease Java heap size (-Xmx/-Xms)
#   Decrease number of Java threads
#   Decrease Java thread stack sizes (-Xss)
#   Set larger code cache with -XX:ReservedCodeCacheSize=
#   JVM is running with Unscaled Compressed Oops mode in which the Java heap is
#     placed in the first 4GB address space. The Java Heap base address is the
#     maximum limit for the native heap growth. Please use -XX:HeapBaseMinAddress
#     to set the Java Heap base and to place the Java Heap above 4GB virtual address.
# This output file may be truncated or incomplete.
#
#  Out of Memory Error (os_windows.cpp:3550), pid=21384, tid=25952
#
# JRE version:  (17.0.8+9) (build )
# Java VM: Java HotSpot(TM) 64-Bit Server VM (17.0.8+9-LTS-211, mixed mode, sharing, tiered, compressed oops, compressed class ptrs, g1 gc, windows-amd64)
# No core dump will be written. Minidumps are not enabled by default on client versions of Windows
#

---------------  S U M M A R Y ------------

Command Line: -Dorg.gradle.internal.worker.tmpdir=C:\Users\Filipa\code\LDTS\project-l12gr07\build\tmp\test\work -Dorg.gradle.native=false -Xmx512m -Dfile.encoding=windows-1252 -Duser.country=US -Duser.language=en -Duser.variant -ea worker.org.gradle.process.internal.worker.GradleWorkerMain 'Gradle Test Executor 8'

Host: 12th Gen Intel(R) Core(TM) i7-12700H, 20 cores, 15G,  Windows 11 , 64 bit Build 22621 (10.0.22621.2506)
Time: Sat Dec 23 15:51:24 2023 GMT Standard Time elapsed time: 0.007972 seconds (0d 0h 0m 0s)

---------------  T H R E A D  ---------------

Current thread (0x0000018f4bfadff0):  JavaThread "Unknown thread" [_thread_in_vm, id=25952, stack(0x000000407e800000,0x000000407e900000)]

Stack: [0x000000407e800000,0x000000407e900000]
Native frames: (J=compiled Java code, j=interpreted, Vv=VM code, C=native code)
V  [jvm.dll+0x677d0a]
V  [jvm.dll+0x7d8c54]
V  [jvm.dll+0x7da3fe]
V  [jvm.dll+0x7daa63]
V  [jvm.dll+0x245c5f]
V  [jvm.dll+0x674bb9]
V  [jvm.dll+0x6694f2]
V  [jvm.dll+0x3031d6]
V  [jvm.dll+0x30a756]
V  [jvm.dll+0x359f9e]
V  [jvm.dll+0x35a1cf]
V  [jvm.dll+0x2da3e8]
V  [jvm.dll+0x2db354]
V  [jvm.dll+0x7aa711]
V  [jvm.dll+0x367b51]
V  [jvm.dll+0x789979]
V  [jvm.dll+0x3eb05f]
V  [jvm.dll+0x3ecae1]
C  [jli.dll+0x5297]
C  [ucrtbase.dll+0x29363]
C  [KERNEL32.DLL+0x1257d]
C  [ntdll.dll+0x5aa58]


---------------  P R O C E S S  ---------------

Threads class SMR info:
_java_thread_list=0x00007fffbf2e59d8, length=0, elements={
}

Java Threads: ( => current thread )

Other Threads:
  0x0000018f4e18ccb0 GCTaskThread "GC Thread#0" [stack: 0x000000407e900000,0x000000407ea00000] [id=31228]
  0x0000018f4e192c00 ConcurrentGCThread "G1 Main Marker" [stack: 0x000000407ea00000,0x000000407eb00000] [id=29228]
  0x0000018f4e194620 ConcurrentGCThread "G1 Conc#0" [stack: 0x000000407eb00000,0x000000407ec00000] [id=1396]

[error occurred during error reporting (printing all threads), id 0xc0000005, EXCEPTION_ACCESS_VIOLATION (0xc0000005) at pc=0x00007fffbeb1b047]

VM state: not at safepoint (not fully initialized)

VM Mutex/Monitor currently owned by a thread:  ([mutex/lock_event])
[0x0000018f4bfaafe0] Heap_lock - owner thread: 0x0000018f4bfadff0

Heap address: 0x00000000e0000000, size: 512 MB, Compressed Oops mode: 32-bit

CDS archive(s) mapped at: [0x0000000000000000-0x0000000000000000-0x0000000000000000), size 0, SharedBaseAddress: 0x0000000800000000, ArchiveRelocationMode: 1.
Narrow klass base: 0x0000000000000000, Narrow klass shift: 0, Narrow klass range: 0x0

GC Precious Log:
<Empty>

Heap:
 garbage-first heap   total 0K, used 0K [0x00000000e0000000, 0x0000000100000000)
  region size 1024K, 0 young (0K), 0 survivors (0K)

[error occurred during error reporting (printing heap information), id 0xc0000005, EXCEPTION_ACCESS_VIOLATION (0xc0000005) at pc=0x00007fffbef01499]

GC Heap History (0 events):
No events

Deoptimization events (0 events):
No events

Classes unloaded (0 events):
No events

Classes redefined (0 events):
No events

Internal exceptions (0 events):
No events

VM Operations (0 events):
No events

Events (1 events):
Event: 0.005 Loaded shared library C:\Program Files\Java\jdk-17\bin\java.dll


Dynamic libraries:
0x00007ff62b740000 - 0x00007ff62b750000 	C:\Program Files\Java\jdk-17\bin\java.exe
0x00007ff8d1ed0000 - 0x00007ff8d20e7000 	C:\Windows\SYSTEM32\ntdll.dll
0x00007ff8d08d0000 - 0x00007ff8d0994000 	C:\Windows\System32\KERNEL32.DLL
0x00007ff8cf390000 - 0x00007ff8cf736000 	C:\Windows\System32\KERNELBASE.dll
0x00007ff8cf860000 - 0x00007ff8cf971000 	C:\Windows\System32\ucrtbase.dll
0x00007ff8a1a60000 - 0x00007ff8a1a7b000 	C:\Program Files\Java\jdk-17\bin\VCRUNTIME140.dll
0x00007ff8a1c30000 - 0x00007ff8a1c49000 	C:\Program Files\Java\jdk-17\bin\jli.dll
0x00007ff8d0640000 - 0x00007ff8d06f1000 	C:\Windows\System32\ADVAPI32.dll
0x00007ff8d04e0000 - 0x00007ff8d0587000 	C:\Windows\System32\msvcrt.dll
0x00007ff8cff00000 - 0x00007ff8cffa5000 	C:\Windows\System32\sechost.dll
0x00007ff8d0b30000 - 0x00007ff8d0c47000 	C:\Windows\System32\RPCRT4.dll
0x00007ff8cfc50000 - 0x00007ff8cfdfe000 	C:\Windows\System32\USER32.dll
0x00007ff8cf240000 - 0x00007ff8cf266000 	C:\Windows\System32\win32u.dll
0x00007ff899b10000 - 0x00007ff899da3000 	C:\Windows\WinSxS\amd64_microsoft.windows.common-controls_6595b64144ccf1df_6.0.22621.2506_none_270c5ae97388e100\COMCTL32.dll
0x00007ff8cfc20000 - 0x00007ff8cfc49000 	C:\Windows\System32\GDI32.dll
0x00007ff8cf270000 - 0x00007ff8cf388000 	C:\Windows\System32\gdi32full.dll
0x00007ff8cf740000 - 0x00007ff8cf7da000 	C:\Windows\System32\msvcp_win.dll
0x00007ff8be700000 - 0x00007ff8be70a000 	C:\Windows\SYSTEM32\VERSION.dll
0x00007ff8d0110000 - 0x00007ff8d0141000 	C:\Windows\System32\IMM32.DLL
0x00007ff8a2620000 - 0x00007ff8a262c000 	C:\Program Files\Java\jdk-17\bin\vcruntime140_1.dll
0x00007ff86e4a0000 - 0x00007ff86e52e000 	C:\Program Files\Java\jdk-17\bin\msvcp140.dll
0x00007fffbe830000 - 0x00007fffbf40e000 	C:\Program Files\Java\jdk-17\bin\server\jvm.dll
0x00007ff8d0b20000 - 0x00007ff8d0b28000 	C:\Windows\System32\PSAPI.DLL
0x00007ff8c3d70000 - 0x00007ff8c3da4000 	C:\Windows\SYSTEM32\WINMM.dll
0x00007ffff5770000 - 0x00007ffff5779000 	C:\Windows\SYSTEM32\WSOCK32.dll
0x00007ff8d1580000 - 0x00007ff8d15f1000 	C:\Windows\System32\WS2_32.dll
0x00007ff8ce2f0000 - 0x00007ff8ce308000 	C:\Windows\SYSTEM32\kernel.appcore.dll
0x00007ff8a25a0000 - 0x00007ff8a25aa000 	C:\Program Files\Java\jdk-17\bin\jimage.dll
0x00007ff8cc680000 - 0x00007ff8cc8b3000 	C:\Windows\SYSTEM32\DBGHELP.DLL
0x00007ff8d0150000 - 0x00007ff8d04d9000 	C:\Windows\System32\combase.dll
0x00007ff8d14a0000 - 0x00007ff8d1577000 	C:\Windows\System32\OLEAUT32.dll
0x00007ff8b5eb0000 - 0x00007ff8b5ee2000 	C:\Windows\SYSTEM32\dbgcore.DLL
0x00007ff8cf7e0000 - 0x00007ff8cf85a000 	C:\Windows\System32\bcryptPrimitives.dll
0x00007ff893dc0000 - 0x00007ff893de5000 	C:\Program Files\Java\jdk-17\bin\java.dll

dbghelp: loaded successfully - version: 4.0.5 - missing functions: none
symbol engine: initialized successfully - sym options: 0x614 - pdb path: .;C:\Program Files\Java\jdk-17\bin;C:\Windows\SYSTEM32;C:\Windows\WinSxS\amd64_microsoft.windows.common-controls_6595b64144ccf1df_6.0.22621.2506_none_270c5ae97388e100;C:\Program Files\Java\jdk-17\bin\server

VM Arguments:
jvm_args: -Dorg.gradle.internal.worker.tmpdir=C:\Users\Filipa\code\LDTS\project-l12gr07\build\tmp\test\work -Dorg.gradle.native=false -Xmx512m -Dfile.encoding=windows-1252 -Duser.country=US -Duser.language=en -Duser.variant -ea 
java_command: worker.org.gradle.process.internal.worker.GradleWorkerMain 'Gradle Test Executor 8'
java_class_path (initial): C:\\Users\\Filipa\\.gradle\\caches\\8.2\\workerMain\\gradle-worker.jar;C:\\Users\\Filipa\\code\\LDTS\\project-l12gr07\\build\\classes\\java\\test;C:\\Users\\Filipa\\code\\LDTS\\project-l12gr07\\build\\classes\\java\\main;C:\\Users\\Filipa\\code\\LDTS\\project-l12gr07\\build\\resources\\main;C:\\Users\\Filipa\\.gradle\\caches\\modules-2\\files-2.1\\com.googlecode.lanterna\\lanterna\\3.1.1\\39126bdb16e424e03bd47267ba08b53fbd09f5b2\\lanterna-3.1.1.jar;C:\\Users\\Filipa\\.gradle\\caches\\modules-2\\files-2.1\\com.opencsv\\opencsv\\5.6\\6bbebb3c8c62f278ce2e62ea819694a8a4e3219c\\opencsv-5.6.jar;C:\\Users\\Filipa\\.gradle\\caches\\modules-2\\files-2.1\\org.junit.jupiter\\junit-jupiter\\5.9.1\\9274d3757e224bc02eae367bd481062a263c150b\\junit-jupiter-5.9.1.jar;C:\\Users\\Filipa\\.gradle\\caches\\modules-2\\files-2.1\\org.junit.jupiter\\junit-jupiter-params\\5.9.1\\ffcd1013edaeee112be11fcddeb38882d79238de\\junit-jupiter-params-5.9.1.jar;C:\\Users\\Filipa\\.gradle\\caches\\modules-2\\files-2.1\\org.junit.jupiter\\junit-jupiter-engine\\5.9.1\\1bf771097bde296c3ab174861954e8aafaaf2e94\\junit-jupiter-engine-5.9.1.jar;C:\\Users\\Filipa\\.gradle\\caches\\modules-2\\files-2.1\\org.junit.jupiter\\junit-jupiter-api\\5.9.1\\7bb53fbc0173e9f6a9d21d58297af94b1f2f9ce1\\junit-jupiter-api-5.9.1.jar;C:\\Users\\Filipa\\.gradle\\caches\\modules-2\\files-2.1\\org.junit.platform\\junit-platform-engine\\1.9.1\\83591e5089d6cea5f324aa3ecca9b19d5a275803\\junit-platform-engine-1.9.1.jar;C:\\Users\\Filipa\\.gradle\\caches\\modules-2\\files-2.1\\org.junit.platform\\junit-platform-commons\\1.9.1\\3145f821b5cd10abcdc5f925baa5fffa6f1b628f\\junit-platform-commons-1.9.1.jar;C:\\Users\\Filipa\\.gradle\\caches\\modules-2\\files-2.1\\org.mockito\\mockito-core\\3.7.7\\5d43943be9b57c8ff47d2b9640ea0a7fc7211cf2\\mockito-core-3.7.7.jar;C:\\Users\\Filipa\\.gradle\\caches\\modules-2\\files-2.1\\org.apache.commons\\commons-text\\1.9\\ba6ac8c2807490944a0a27f6f8e68fb5ed2e80e2\\commons-text-1.9.
Launcher Type: SUN_STANDARD

[Global flags]
     intx CICompilerCount                          = 12                                        {product} {ergonomic}
     uint ConcGCThreads                            = 4                                         {product} {ergonomic}
     uint G1ConcRefinementThreads                  = 15                                        {product} {ergonomic}
   size_t G1HeapRegionSize                         = 1048576                                   {product} {ergonomic}
    uintx GCDrainStackTargetSize                   = 64                                        {product} {ergonomic}
   size_t InitialHeapSize                          = 264241152                                 {product} {ergonomic}
   size_t MarkStackSize                            = 4194304                                   {product} {ergonomic}
   size_t MaxHeapSize                              = 536870912                                 {product} {command line}
   size_t MinHeapDeltaBytes                        = 1048576                                   {product} {ergonomic}
   size_t MinHeapSize                              = 8388608                                   {product} {ergonomic}
    uintx NonNMethodCodeHeapSize                   = 7602480                                {pd product} {ergonomic}
    uintx NonProfiledCodeHeapSize                  = 122027880                              {pd product} {ergonomic}
    uintx ProfiledCodeHeapSize                     = 122027880                              {pd product} {ergonomic}
    uintx ReservedCodeCacheSize                    = 251658240                              {pd product} {ergonomic}
     bool SegmentedCodeCache                       = true                                      {product} {ergonomic}
   size_t SoftMaxHeapSize                          = 536870912                              {manageable} {ergonomic}
     bool UseCompressedClassPointers               = true                           {product lp64_product} {ergonomic}
     bool UseCompressedOops                        = true                           {product lp64_product} {ergonomic}
     bool UseG1GC                                  = true                                      {product} {ergonomic}
     bool UseLargePagesIndividualAllocation        = false                                  {pd product} {ergonomic}

Logging:
Log output configuration:
 #0: stdout all=warning uptime,level,tags
 #1: stderr all=off uptime,level,tags

Environment Variables:
JAVA_HOME=C:\Program Files\Java\jdk-17
PATH=C:\Python311\Scripts\;C:\Python311\;C:\Program Files\Common Files\Oracle\Java\javapath;C:\Windows\system32;C:\Windows;C:\Windows\System32\Wbem;C:\Windows\System32\WindowsPowerShell\v1.0\;C:\Windows\System32\OpenSSH\;C:\Program Files (x86)\NVIDIA Corporation\PhysX\Common;C:\Program Files\NVIDIA Corporation\NVIDIA NvDLISR;C:\Program Files\Microsoft VS Code\bin;C:\Program Files\Git\cmd;C:\composer;C:\Program Files\dotnet\;C:\ProgramData\chocolatey\bin;C:\Program Files\Calibre2\;C:\GRADLE\gradle-8.2\bin;C;C:\Program Files\PowerShell\7\;C:\PHP\php-8.1.11-Win32-vs16-x64;C:\Program Files\JetBrains\PyCharm 2023.2.2\bin;C:\Program Files\JetBrains\IntelliJ IDEA 2023.2.2\bin;C:\Program Files\JetBrains\PhpStorm 2022.2.2\bin;C:\Users\Filipa\AppData\Roaming\Composer\vendor\bin;C:\mingw64\bin;C:\Python311;C:\Python311\Scripts;C:\Python311\Lib\site-packages\graphviz;C:\msys64\mingw64\bin;C:\Program Files\JetBrains\CLion 2023.2.2\bin;C:\Users\Filipa\AppData\Local\JetBrains\Toolbox\scripts;C:\ProgramData\chocolatey\lib\SQLite\tools\sqlite-tools-win32-x86-3430200;
USERNAME=Filipa
OS=Windows_NT
PROCESSOR_IDENTIFIER=Intel64 Family 6 Model 154 Stepping 3, GenuineIntel



---------------  S Y S T E M  ---------------

OS:
 Windows 11 , 64 bit Build 22621 (10.0.22621.2506)
OS uptime: 1 days 19:49 hours
Hyper-V role detected

CPU: total 20 (initial active 20) (10 cores per cpu, 2 threads per core) family 6 model 154 stepping 3 microcode 0x416, cx8, cmov, fxsr, ht, mmx, 3dnowpref, sse, sse2, sse3, ssse3, sse4.1, sse4.2, popcnt, lzcnt, tsc, tscinvbit, avx, avx2, aes, erms, clmul, bmi1, bmi2, adx, sha, fma, vzeroupper, clflush, clflushopt, clwb, hv

Memory: 4k page, system-wide physical 16085M (864M free)
TotalPageFile size 26085M (AvailPageFile size 196M)
current process WorkingSet (physical memory assigned to process): 11M, peak: 11M
current process commit charge ("private bytes"): 74M, peak: 326M

vm_info: Java HotSpot(TM) 64-Bit Server VM (17.0.8+9-LTS-211) for windows-amd64 JRE (17.0.8+9-LTS-211), built on Jun 14 2023 10:34:31 by "mach5one" with MS VC++ 17.1 (VS2022)

END.
