#
# There is insufficient memory for the Java Runtime Environment to continue.
# Native memory allocation (malloc) failed to allocate 767536 bytes for Chunk::new
# Possible reasons:
#   The system is out of physical RAM or swap space
#   The process is running with CompressedOops enabled, and the Java Heap may be blocking the growth of the native heap
# Possible solutions:
#   Reduce memory load on the system
#   Increase physical memory or swap space
#   Check if swap backing store is full
#   Decrease Java heap size (-Xmx/-Xms)
#   Decrease number of Java threads
#   Decrease Java thread stack sizes (-Xss)
#   Set larger code cache with -XX:ReservedCodeCacheSize=
#   JVM is running with Unscaled Compressed Oops mode in which the Java heap is
#     placed in the first 4GB address space. The Java Heap base address is the
#     maximum limit for the native heap growth. Please use -XX:HeapBaseMinAddress
#     to set the Java Heap base and to place the Java Heap above 4GB virtual address.
# This output file may be truncated or incomplete.
#
#  Out of Memory Error (arena.cpp:184), pid=19276, tid=30832
#
# JRE version: OpenJDK Runtime Environment Corretto-19.0.2.7.1 (19.0.2+7) (build 19.0.2+7-FR)
# Java VM: OpenJDK 64-Bit Server VM Corretto-19.0.2.7.1 (19.0.2+7-FR, mixed mode, sharing, tiered, compressed oops, compressed class ptrs, g1 gc, windows-amd64)
# No core dump will be written. Minidumps are not enabled by default on client versions of Windows
#

---------------  S U M M A R Y ------------

Command Line: --add-opens=java.base/java.util=ALL-UNNAMED --add-opens=java.base/java.lang=ALL-UNNAMED --add-opens=java.base/java.lang.invoke=ALL-UNNAMED --add-opens=java.prefs/java.util.prefs=ALL-UNNAMED --add-opens=java.base/java.nio.charset=ALL-UNNAMED --add-opens=java.base/java.net=ALL-UNNAMED --add-opens=java.base/java.util.concurrent.atomic=ALL-UNNAMED -XX:MaxMetaspaceSize=384m -XX:+HeapDumpOnOutOfMemoryError -Xms256m -Xmx512m -Dfile.encoding=windows-1252 -Duser.country=PT -Duser.language=pt -Duser.variant -javaagent:C:\Users\g3ral\.gradle\wrapper\dists\gradle-8.2-bin\bbg7u40eoinfdyxsxr3z4i7ta\gradle-8.2\lib\agents\gradle-instrumentation-agent-8.2.jar org.gradle.launcher.daemon.bootstrap.GradleDaemon 8.2

Host: Intel(R) Core(TM) i5-1035G4 CPU @ 1.10GHz, 8 cores, 7G,  Windows 11 , 64 bit Build 22621 (10.0.22621.2506)
Time: Mon Dec  4 17:35:24 2023 Hora padrão de GMT elapsed time: 6.143500 seconds (0d 0h 0m 6s)

---------------  T H R E A D  ---------------

Current thread (0x000001e1c6f43870):  JavaThread "C2 CompilerThread0" daemon [_thread_in_native, id=30832, stack(0x000000dc0e900000,0x000000dc0ea00000)]


Current CompileTask:
C2:   6143 2519   !   4       java.security.AccessController::doPrivileged (26 bytes)

Stack: [0x000000dc0e900000,0x000000dc0ea00000]
Native frames: (J=compiled Java code, j=interpreted, Vv=VM code, C=native code)
V  [jvm.dll+0x6d034a]
V  [jvm.dll+0x880f10]
V  [jvm.dll+0x88289e]
V  [jvm.dll+0x882f43]
V  [jvm.dll+0x27b4bb]
V  [jvm.dll+0xdd792]
V  [jvm.dll+0xddb25]
V  [jvm.dll+0x2f2d72]
V  [jvm.dll+0x5d5c0f]
V  [jvm.dll+0x24f710]
V  [jvm.dll+0x248818]
V  [jvm.dll+0x246488]
V  [jvm.dll+0x1d4bb7]
V  [jvm.dll+0x25558a]
V  [jvm.dll+0x2538d7]
V  [jvm.dll+0x8342bd]
V  [jvm.dll+0x82e2fa]
V  [jvm.dll+0x6cf0d3]
C  [ucrtbase.dll+0x29363]
C  [KERNEL32.DLL+0x1257d]
C  [ntdll.dll+0x5aa58]


---------------  P R O C E S S  ---------------

Threads class SMR info:
_java_thread_list=0x000001e1cbd253e0, length=24, elements={
0x000001e1a9d55600, 0x000001e1c6f39b20, 0x000001e1c6f3aab0, 0x000001e1c6f3c4e0,
0x000001e1c6f3d7d0, 0x000001e1c6f41210, 0x000001e1c6f421e0, 0x000001e1c6f43870,
0x000001e1c6f49160, 0x000001e1c6f50790, 0x000001e1cb219f70, 0x000001e1cb2ca840,
0x000001e1cc7a5060, 0x000001e1cb480e80, 0x000001e1ccd25750, 0x000001e1ccd169c0,
0x000001e1ccd17b40, 0x000001e1cce75060, 0x000001e1ccbf95f0, 0x000001e1ccbf7b60,
0x000001e1ccbf80b0, 0x000001e1ccbf9b40, 0x000001e1ccbfa090, 0x000001e1ccbf8600
}

Java Threads: ( => current thread )
  0x000001e1a9d55600 JavaThread "main" [_thread_blocked, id=15956, stack(0x000000dc0dc00000,0x000000dc0dd00000)]
  0x000001e1c6f39b20 JavaThread "Reference Handler" daemon [_thread_blocked, id=26132, stack(0x000000dc0e300000,0x000000dc0e400000)]
  0x000001e1c6f3aab0 JavaThread "Finalizer" daemon [_thread_blocked, id=14924, stack(0x000000dc0e400000,0x000000dc0e500000)]
  0x000001e1c6f3c4e0 JavaThread "Signal Dispatcher" daemon [_thread_blocked, id=23256, stack(0x000000dc0e500000,0x000000dc0e600000)]
  0x000001e1c6f3d7d0 JavaThread "Attach Listener" daemon [_thread_blocked, id=23984, stack(0x000000dc0e600000,0x000000dc0e700000)]
  0x000001e1c6f41210 JavaThread "Service Thread" daemon [_thread_blocked, id=23116, stack(0x000000dc0e700000,0x000000dc0e800000)]
  0x000001e1c6f421e0 JavaThread "Monitor Deflation Thread" daemon [_thread_blocked, id=20900, stack(0x000000dc0e800000,0x000000dc0e900000)]
=>0x000001e1c6f43870 JavaThread "C2 CompilerThread0" daemon [_thread_in_native, id=30832, stack(0x000000dc0e900000,0x000000dc0ea00000)]
  0x000001e1c6f49160 JavaThread "C1 CompilerThread0" daemon [_thread_blocked, id=22312, stack(0x000000dc0ea00000,0x000000dc0eb00000)]
  0x000001e1c6f50790 JavaThread "Sweeper thread" daemon [_thread_blocked, id=23020, stack(0x000000dc0eb00000,0x000000dc0ec00000)]
  0x000001e1cb219f70 JavaThread "Common-Cleaner" daemon [_thread_blocked, id=26704, stack(0x000000dc0ec00000,0x000000dc0ed00000)]
  0x000001e1cb2ca840 JavaThread "Notification Thread" daemon [_thread_blocked, id=15192, stack(0x000000dc0ed00000,0x000000dc0ee00000)]
  0x000001e1cc7a5060 JavaThread "Daemon health stats" [_thread_blocked, id=24252, stack(0x000000dc0f500000,0x000000dc0f600000)]
  0x000001e1cb480e80 JavaThread "Incoming local TCP Connector on port 55554" [_thread_in_native, id=24604, stack(0x000000dc0ef00000,0x000000dc0f000000)]
  0x000001e1ccd25750 JavaThread "Daemon periodic checks" [_thread_blocked, id=25132, stack(0x000000dc0f600000,0x000000dc0f700000)]
  0x000001e1ccd169c0 JavaThread "Daemon" [_thread_blocked, id=11216, stack(0x000000dc0f800000,0x000000dc0f900000)]
  0x000001e1ccd17b40 JavaThread "Handler for socket connection from /127.0.0.1:55554 to /127.0.0.1:55555" [_thread_in_native, id=11420, stack(0x000000dc0f900000,0x000000dc0fa00000)]
  0x000001e1cce75060 JavaThread "Cancel handler" [_thread_blocked, id=21680, stack(0x000000dc0fa00000,0x000000dc0fb00000)]
  0x000001e1ccbf95f0 JavaThread "Daemon worker" [_thread_in_Java, id=25344, stack(0x000000dc0fb00000,0x000000dc0fc00000)]
  0x000001e1ccbf7b60 JavaThread "Asynchronous log dispatcher for DefaultDaemonConnection: socket connection from /127.0.0.1:55554 to /127.0.0.1:55555" [_thread_blocked, id=18532, stack(0x000000dc0fc00000,0x000000dc0fd00000)]
  0x000001e1ccbf80b0 JavaThread "Stdin handler" [_thread_blocked, id=25040, stack(0x000000dc0fd00000,0x000000dc0fe00000)]
  0x000001e1ccbf9b40 JavaThread "Daemon client event forwarder" [_thread_blocked, id=19868, stack(0x000000dc0fe00000,0x000000dc0ff00000)]
  0x000001e1ccbfa090 JavaThread "Cache worker for journal cache (C:\Users\g3ral\.gradle\caches\journal-1)" [_thread_blocked, id=29248, stack(0x000000dc0ff00000,0x000000dc10000000)]
  0x000001e1ccbf8600 JavaThread "File lock request listener" [_thread_in_native, id=2764, stack(0x000000dc10000000,0x000000dc10100000)]

Other Threads:
  0x000001e1c6f24800 VMThread "VM Thread" [stack: 0x000000dc0e200000,0x000000dc0e300000] [id=20384]
  0x000001e1a9d564e0 WatcherThread "VM Periodic Task Thread" [stack: 0x000000dc0ee00000,0x000000dc0ef00000] [id=16852]
  0x000001e1a9d86ff0 WorkerThread "GC Thread#0" [stack: 0x000000dc0dd00000,0x000000dc0de00000] [id=20172]
  0x000001e1cbb47080 WorkerThread "GC Thread#1" [stack: 0x000000dc0f000000,0x000000dc0f100000] [id=31148]
  0x000001e1cbb47e90 WorkerThread "GC Thread#2" [stack: 0x000000dc0f100000,0x000000dc0f200000] [id=14672]
  0x000001e1cbb478f0 WorkerThread "GC Thread#3" [stack: 0x000000dc0f200000,0x000000dc0f300000] [id=25560]
  0x000001e1cbb47bc0 WorkerThread "GC Thread#4" [stack: 0x000000dc0f300000,0x000000dc0f400000] [id=25180]
  0x000001e1cbb47350 WorkerThread "GC Thread#5" [stack: 0x000000dc0f400000,0x000000dc0f500000] [id=15724]
  0x000001e1a9d8bf50 ConcurrentGCThread "G1 Main Marker" [stack: 0x000000dc0de00000,0x000000dc0df00000] [id=5808]
  0x000001e1a9d8c980 WorkerThread "G1 Conc#0" [stack: 0x000000dc0df00000,0x000000dc0e000000] [id=10796]
  0x000001e1c6de4400 ConcurrentGCThread "G1 Refine#0" [stack: 0x000000dc0e000000,0x000000dc0e100000] [id=9976]
  0x000001e1c6de5060 ConcurrentGCThread "G1 Service" [stack: 0x000000dc0e100000,0x000000dc0e200000] [id=27788]

Threads with active compile tasks:
C2 CompilerThread0     6206 2519   !   4       java.security.AccessController::doPrivileged (26 bytes)

VM state: not at safepoint (normal execution)

VM Mutex/Monitor currently owned by a thread: None

Heap address: 0x00000000e0000000, size: 512 MB, Compressed Oops mode: 32-bit

CDS archive(s) mapped at: [0x0000000800000000-0x0000000800c40000-0x0000000800c40000), size 12845056, SharedBaseAddress: 0x0000000800000000, ArchiveRelocationMode: 0.
Compressed class space mapped at: 0x0000000801000000-0x0000000814400000, reserved size: 322961408
Narrow klass base: 0x0000000800000000, Narrow klass shift: 0, Narrow klass range: 0x100000000

GC Precious Log:
 CardTable entry size: 512
 Card Set container configuration: InlinePtr #cards 5 size 8 Array Of Cards #cards 12 size 40 Howl #buckets 4 coarsen threshold 1843 Howl Bitmap #cards 512 size 80 coarsen threshold 460 Card regions per heap region 1 cards per card region 2048
 CPUs: 8 total, 8 available
 Memory: 7778M
 Large Page Support: Disabled
 NUMA Support: Disabled
 Compressed Oops: Enabled (32-bit)
 Heap Region Size: 1M
 Heap Min Capacity: 256M
 Heap Initial Capacity: 256M
 Heap Max Capacity: 512M
 Pre-touch: Disabled
 Parallel Workers: 8
 Concurrent Workers: 2
 Concurrent Refinement Workers: 8
 Periodic GC: Disabled

Heap:
 garbage-first heap   total 262144K, used 79101K [0x00000000e0000000, 0x0000000100000000)
  region size 1024K, 68 young (69632K), 4 survivors (4096K)
 Metaspace       used 15913K, committed 16448K, reserved 380928K
  class space    used 2183K, committed 2432K, reserved 315392K

Heap Regions: E=young(eden), S=young(survivor), O=old, HS=humongous(starts), HC=humongous(continues), CS=collection set, F=free, OA=open archive, CA=closed archive, TAMS=top-at-mark-start (previous, next)
|   0|0x00000000e0000000, 0x00000000e0100000, 0x00000000e0100000|100%|HS|  |TAMS 0x00000000e0000000, 0x00000000e0000000| Complete 
|   1|0x00000000e0100000, 0x00000000e0200000, 0x00000000e0200000|100%|HC|  |TAMS 0x00000000e0100000, 0x00000000e0100000| Complete 
|   2|0x00000000e0200000, 0x00000000e0300000, 0x00000000e0300000|100%|HC|  |TAMS 0x00000000e0200000, 0x00000000e0200000| Complete 
|   3|0x00000000e0300000, 0x00000000e0400000, 0x00000000e0400000|100%|HC|  |TAMS 0x00000000e0300000, 0x00000000e0300000| Complete 
|   4|0x00000000e0400000, 0x00000000e0500000, 0x00000000e0500000|100%| O|  |TAMS 0x00000000e0400000, 0x00000000e0400000| Untracked 
|   5|0x00000000e0500000, 0x00000000e0600000, 0x00000000e0600000|100%| O|  |TAMS 0x00000000e0500000, 0x00000000e0500000| Untracked 
|   6|0x00000000e0600000, 0x00000000e0700000, 0x00000000e0700000|100%| O|  |TAMS 0x00000000e0600000, 0x00000000e0600000| Untracked 
|   7|0x00000000e0700000, 0x00000000e0800000, 0x00000000e0800000|100%| O|  |TAMS 0x00000000e0700000, 0x00000000e0700000| Untracked 
|   8|0x00000000e0800000, 0x00000000e0800000, 0x00000000e0900000|  0%| F|  |TAMS 0x00000000e0800000, 0x00000000e0800000| Untracked 
|   9|0x00000000e0900000, 0x00000000e0a00000, 0x00000000e0a00000|100%| O|  |TAMS 0x00000000e0900000, 0x00000000e0900000| Untracked 
|  10|0x00000000e0a00000, 0x00000000e0b00000, 0x00000000e0b00000|100%| O|  |TAMS 0x00000000e0a00000, 0x00000000e0a00000| Untracked 
|  11|0x00000000e0b00000, 0x00000000e0b74a00, 0x00000000e0c00000| 45%| O|  |TAMS 0x00000000e0b00000, 0x00000000e0b00000| Untracked 
|  12|0x00000000e0c00000, 0x00000000e0c00000, 0x00000000e0d00000|  0%| F|  |TAMS 0x00000000e0c00000, 0x00000000e0c00000| Untracked 
|  13|0x00000000e0d00000, 0x00000000e0d00000, 0x00000000e0e00000|  0%| F|  |TAMS 0x00000000e0d00000, 0x00000000e0d00000| Untracked 
|  14|0x00000000e0e00000, 0x00000000e0e00000, 0x00000000e0f00000|  0%| F|  |TAMS 0x00000000e0e00000, 0x00000000e0e00000| Untracked 
|  15|0x00000000e0f00000, 0x00000000e0f00000, 0x00000000e1000000|  0%| F|  |TAMS 0x00000000e0f00000, 0x00000000e0f00000| Untracked 
|  16|0x00000000e1000000, 0x00000000e1000000, 0x00000000e1100000|  0%| F|  |TAMS 0x00000000e1000000, 0x00000000e1000000| Untracked 
|  17|0x00000000e1100000, 0x00000000e1100000, 0x00000000e1200000|  0%| F|  |TAMS 0x00000000e1100000, 0x00000000e1100000| Untracked 
|  18|0x00000000e1200000, 0x00000000e1200000, 0x00000000e1300000|  0%| F|  |TAMS 0x00000000e1200000, 0x00000000e1200000| Untracked 
|  19|0x00000000e1300000, 0x00000000e1300000, 0x00000000e1400000|  0%| F|  |TAMS 0x00000000e1300000, 0x00000000e1300000| Untracked 
|  20|0x00000000e1400000, 0x00000000e1400000, 0x00000000e1500000|  0%| F|  |TAMS 0x00000000e1400000, 0x00000000e1400000| Untracked 
|  21|0x00000000e1500000, 0x00000000e1500000, 0x00000000e1600000|  0%| F|  |TAMS 0x00000000e1500000, 0x00000000e1500000| Untracked 
|  22|0x00000000e1600000, 0x00000000e1600000, 0x00000000e1700000|  0%| F|  |TAMS 0x00000000e1600000, 0x00000000e1600000| Untracked 
|  23|0x00000000e1700000, 0x00000000e1700000, 0x00000000e1800000|  0%| F|  |TAMS 0x00000000e1700000, 0x00000000e1700000| Untracked 
|  24|0x00000000e1800000, 0x00000000e1800000, 0x00000000e1900000|  0%| F|  |TAMS 0x00000000e1800000, 0x00000000e1800000| Untracked 
|  25|0x00000000e1900000, 0x00000000e1900000, 0x00000000e1a00000|  0%| F|  |TAMS 0x00000000e1900000, 0x00000000e1900000| Untracked 
|  26|0x00000000e1a00000, 0x00000000e1a00000, 0x00000000e1b00000|  0%| F|  |TAMS 0x00000000e1a00000, 0x00000000e1a00000| Untracked 
|  27|0x00000000e1b00000, 0x00000000e1b00000, 0x00000000e1c00000|  0%| F|  |TAMS 0x00000000e1b00000, 0x00000000e1b00000| Untracked 
|  28|0x00000000e1c00000, 0x00000000e1c00000, 0x00000000e1d00000|  0%| F|  |TAMS 0x00000000e1c00000, 0x00000000e1c00000| Untracked 
|  29|0x00000000e1d00000, 0x00000000e1d00000, 0x00000000e1e00000|  0%| F|  |TAMS 0x00000000e1d00000, 0x00000000e1d00000| Untracked 
|  30|0x00000000e1e00000, 0x00000000e1e00000, 0x00000000e1f00000|  0%| F|  |TAMS 0x00000000e1e00000, 0x00000000e1e00000| Untracked 
|  31|0x00000000e1f00000, 0x00000000e1f00000, 0x00000000e2000000|  0%| F|  |TAMS 0x00000000e1f00000, 0x00000000e1f00000| Untracked 
|  32|0x00000000e2000000, 0x00000000e2000000, 0x00000000e2100000|  0%| F|  |TAMS 0x00000000e2000000, 0x00000000e2000000| Untracked 
|  33|0x00000000e2100000, 0x00000000e2100000, 0x00000000e2200000|  0%| F|  |TAMS 0x00000000e2100000, 0x00000000e2100000| Untracked 
|  34|0x00000000e2200000, 0x00000000e2200000, 0x00000000e2300000|  0%| F|  |TAMS 0x00000000e2200000, 0x00000000e2200000| Untracked 
|  35|0x00000000e2300000, 0x00000000e2300000, 0x00000000e2400000|  0%| F|  |TAMS 0x00000000e2300000, 0x00000000e2300000| Untracked 
|  36|0x00000000e2400000, 0x00000000e2400000, 0x00000000e2500000|  0%| F|  |TAMS 0x00000000e2400000, 0x00000000e2400000| Untracked 
|  37|0x00000000e2500000, 0x00000000e2500000, 0x00000000e2600000|  0%| F|  |TAMS 0x00000000e2500000, 0x00000000e2500000| Untracked 
|  38|0x00000000e2600000, 0x00000000e2600000, 0x00000000e2700000|  0%| F|  |TAMS 0x00000000e2600000, 0x00000000e2600000| Untracked 
|  39|0x00000000e2700000, 0x00000000e2700000, 0x00000000e2800000|  0%| F|  |TAMS 0x00000000e2700000, 0x00000000e2700000| Untracked 
|  40|0x00000000e2800000, 0x00000000e2800000, 0x00000000e2900000|  0%| F|  |TAMS 0x00000000e2800000, 0x00000000e2800000| Untracked 
|  41|0x00000000e2900000, 0x00000000e2900000, 0x00000000e2a00000|  0%| F|  |TAMS 0x00000000e2900000, 0x00000000e2900000| Untracked 
|  42|0x00000000e2a00000, 0x00000000e2a00000, 0x00000000e2b00000|  0%| F|  |TAMS 0x00000000e2a00000, 0x00000000e2a00000| Untracked 
|  43|0x00000000e2b00000, 0x00000000e2b00000, 0x00000000e2c00000|  0%| F|  |TAMS 0x00000000e2b00000, 0x00000000e2b00000| Untracked 
|  44|0x00000000e2c00000, 0x00000000e2c00000, 0x00000000e2d00000|  0%| F|  |TAMS 0x00000000e2c00000, 0x00000000e2c00000| Untracked 
|  45|0x00000000e2d00000, 0x00000000e2d00000, 0x00000000e2e00000|  0%| F|  |TAMS 0x00000000e2d00000, 0x00000000e2d00000| Untracked 
|  46|0x00000000e2e00000, 0x00000000e2e00000, 0x00000000e2f00000|  0%| F|  |TAMS 0x00000000e2e00000, 0x00000000e2e00000| Untracked 
|  47|0x00000000e2f00000, 0x00000000e2f00000, 0x00000000e3000000|  0%| F|  |TAMS 0x00000000e2f00000, 0x00000000e2f00000| Untracked 
|  48|0x00000000e3000000, 0x00000000e3000000, 0x00000000e3100000|  0%| F|  |TAMS 0x00000000e3000000, 0x00000000e3000000| Untracked 
|  49|0x00000000e3100000, 0x00000000e3100000, 0x00000000e3200000|  0%| F|  |TAMS 0x00000000e3100000, 0x00000000e3100000| Untracked 
|  50|0x00000000e3200000, 0x00000000e3200000, 0x00000000e3300000|  0%| F|  |TAMS 0x00000000e3200000, 0x00000000e3200000| Untracked 
|  51|0x00000000e3300000, 0x00000000e3300000, 0x00000000e3400000|  0%| F|  |TAMS 0x00000000e3300000, 0x00000000e3300000| Untracked 
|  52|0x00000000e3400000, 0x00000000e3400000, 0x00000000e3500000|  0%| F|  |TAMS 0x00000000e3400000, 0x00000000e3400000| Untracked 
|  53|0x00000000e3500000, 0x00000000e3500000, 0x00000000e3600000|  0%| F|  |TAMS 0x00000000e3500000, 0x00000000e3500000| Untracked 
|  54|0x00000000e3600000, 0x00000000e3600000, 0x00000000e3700000|  0%| F|  |TAMS 0x00000000e3600000, 0x00000000e3600000| Untracked 
|  55|0x00000000e3700000, 0x00000000e3700000, 0x00000000e3800000|  0%| F|  |TAMS 0x00000000e3700000, 0x00000000e3700000| Untracked 
|  56|0x00000000e3800000, 0x00000000e3800000, 0x00000000e3900000|  0%| F|  |TAMS 0x00000000e3800000, 0x00000000e3800000| Untracked 
|  57|0x00000000e3900000, 0x00000000e3900000, 0x00000000e3a00000|  0%| F|  |TAMS 0x00000000e3900000, 0x00000000e3900000| Untracked 
|  58|0x00000000e3a00000, 0x00000000e3a00000, 0x00000000e3b00000|  0%| F|  |TAMS 0x00000000e3a00000, 0x00000000e3a00000| Untracked 
|  59|0x00000000e3b00000, 0x00000000e3b00000, 0x00000000e3c00000|  0%| F|  |TAMS 0x00000000e3b00000, 0x00000000e3b00000| Untracked 
|  60|0x00000000e3c00000, 0x00000000e3c00000, 0x00000000e3d00000|  0%| F|  |TAMS 0x00000000e3c00000, 0x00000000e3c00000| Untracked 
|  61|0x00000000e3d00000, 0x00000000e3d00000, 0x00000000e3e00000|  0%| F|  |TAMS 0x00000000e3d00000, 0x00000000e3d00000| Untracked 
|  62|0x00000000e3e00000, 0x00000000e3e00000, 0x00000000e3f00000|  0%| F|  |TAMS 0x00000000e3e00000, 0x00000000e3e00000| Untracked 
|  63|0x00000000e3f00000, 0x00000000e3f00000, 0x00000000e4000000|  0%| F|  |TAMS 0x00000000e3f00000, 0x00000000e3f00000| Untracked 
|  64|0x00000000e4000000, 0x00000000e4000000, 0x00000000e4100000|  0%| F|  |TAMS 0x00000000e4000000, 0x00000000e4000000| Untracked 
|  65|0x00000000e4100000, 0x00000000e4100000, 0x00000000e4200000|  0%| F|  |TAMS 0x00000000e4100000, 0x00000000e4100000| Untracked 
|  66|0x00000000e4200000, 0x00000000e4200000, 0x00000000e4300000|  0%| F|  |TAMS 0x00000000e4200000, 0x00000000e4200000| Untracked 
|  67|0x00000000e4300000, 0x00000000e4300000, 0x00000000e4400000|  0%| F|  |TAMS 0x00000000e4300000, 0x00000000e4300000| Untracked 
|  68|0x00000000e4400000, 0x00000000e4400000, 0x00000000e4500000|  0%| F|  |TAMS 0x00000000e4400000, 0x00000000e4400000| Untracked 
|  69|0x00000000e4500000, 0x00000000e4500000, 0x00000000e4600000|  0%| F|  |TAMS 0x00000000e4500000, 0x00000000e4500000| Untracked 
|  70|0x00000000e4600000, 0x00000000e4600000, 0x00000000e4700000|  0%| F|  |TAMS 0x00000000e4600000, 0x00000000e4600000| Untracked 
|  71|0x00000000e4700000, 0x00000000e4700000, 0x00000000e4800000|  0%| F|  |TAMS 0x00000000e4700000, 0x00000000e4700000| Untracked 
|  72|0x00000000e4800000, 0x00000000e4800000, 0x00000000e4900000|  0%| F|  |TAMS 0x00000000e4800000, 0x00000000e4800000| Untracked 
|  73|0x00000000e4900000, 0x00000000e4900000, 0x00000000e4a00000|  0%| F|  |TAMS 0x00000000e4900000, 0x00000000e4900000| Untracked 
|  74|0x00000000e4a00000, 0x00000000e4a00000, 0x00000000e4b00000|  0%| F|  |TAMS 0x00000000e4a00000, 0x00000000e4a00000| Untracked 
|  75|0x00000000e4b00000, 0x00000000e4b00000, 0x00000000e4c00000|  0%| F|  |TAMS 0x00000000e4b00000, 0x00000000e4b00000| Untracked 
|  76|0x00000000e4c00000, 0x00000000e4c00000, 0x00000000e4d00000|  0%| F|  |TAMS 0x00000000e4c00000, 0x00000000e4c00000| Untracked 
|  77|0x00000000e4d00000, 0x00000000e4d00000, 0x00000000e4e00000|  0%| F|  |TAMS 0x00000000e4d00000, 0x00000000e4d00000| Untracked 
|  78|0x00000000e4e00000, 0x00000000e4e00000, 0x00000000e4f00000|  0%| F|  |TAMS 0x00000000e4e00000, 0x00000000e4e00000| Untracked 
|  79|0x00000000e4f00000, 0x00000000e4f00000, 0x00000000e5000000|  0%| F|  |TAMS 0x00000000e4f00000, 0x00000000e4f00000| Untracked 
|  80|0x00000000e5000000, 0x00000000e5000000, 0x00000000e5100000|  0%| F|  |TAMS 0x00000000e5000000, 0x00000000e5000000| Untracked 
|  81|0x00000000e5100000, 0x00000000e5100000, 0x00000000e5200000|  0%| F|  |TAMS 0x00000000e5100000, 0x00000000e5100000| Untracked 
|  82|0x00000000e5200000, 0x00000000e5200000, 0x00000000e5300000|  0%| F|  |TAMS 0x00000000e5200000, 0x00000000e5200000| Untracked 
|  83|0x00000000e5300000, 0x00000000e5300000, 0x00000000e5400000|  0%| F|  |TAMS 0x00000000e5300000, 0x00000000e5300000| Untracked 
|  84|0x00000000e5400000, 0x00000000e5400000, 0x00000000e5500000|  0%| F|  |TAMS 0x00000000e5400000, 0x00000000e5400000| Untracked 
|  85|0x00000000e5500000, 0x00000000e5500000, 0x00000000e5600000|  0%| F|  |TAMS 0x00000000e5500000, 0x00000000e5500000| Untracked 
|  86|0x00000000e5600000, 0x00000000e5600000, 0x00000000e5700000|  0%| F|  |TAMS 0x00000000e5600000, 0x00000000e5600000| Untracked 
|  87|0x00000000e5700000, 0x00000000e5700000, 0x00000000e5800000|  0%| F|  |TAMS 0x00000000e5700000, 0x00000000e5700000| Untracked 
|  88|0x00000000e5800000, 0x00000000e5800000, 0x00000000e5900000|  0%| F|  |TAMS 0x00000000e5800000, 0x00000000e5800000| Untracked 
|  89|0x00000000e5900000, 0x00000000e5900000, 0x00000000e5a00000|  0%| F|  |TAMS 0x00000000e5900000, 0x00000000e5900000| Untracked 
|  90|0x00000000e5a00000, 0x00000000e5a00000, 0x00000000e5b00000|  0%| F|  |TAMS 0x00000000e5a00000, 0x00000000e5a00000| Untracked 
|  91|0x00000000e5b00000, 0x00000000e5b00000, 0x00000000e5c00000|  0%| F|  |TAMS 0x00000000e5b00000, 0x00000000e5b00000| Untracked 
|  92|0x00000000e5c00000, 0x00000000e5c00000, 0x00000000e5d00000|  0%| F|  |TAMS 0x00000000e5c00000, 0x00000000e5c00000| Untracked 
|  93|0x00000000e5d00000, 0x00000000e5d00000, 0x00000000e5e00000|  0%| F|  |TAMS 0x00000000e5d00000, 0x00000000e5d00000| Untracked 
|  94|0x00000000e5e00000, 0x00000000e5e00000, 0x00000000e5f00000|  0%| F|  |TAMS 0x00000000e5e00000, 0x00000000e5e00000| Untracked 
|  95|0x00000000e5f00000, 0x00000000e5f00000, 0x00000000e6000000|  0%| F|  |TAMS 0x00000000e5f00000, 0x00000000e5f00000| Untracked 
|  96|0x00000000e6000000, 0x00000000e6000000, 0x00000000e6100000|  0%| F|  |TAMS 0x00000000e6000000, 0x00000000e6000000| Untracked 
|  97|0x00000000e6100000, 0x00000000e6100000, 0x00000000e6200000|  0%| F|  |TAMS 0x00000000e6100000, 0x00000000e6100000| Untracked 
|  98|0x00000000e6200000, 0x00000000e6200000, 0x00000000e6300000|  0%| F|  |TAMS 0x00000000e6200000, 0x00000000e6200000| Untracked 
|  99|0x00000000e6300000, 0x00000000e6300000, 0x00000000e6400000|  0%| F|  |TAMS 0x00000000e6300000, 0x00000000e6300000| Untracked 
| 100|0x00000000e6400000, 0x00000000e6400000, 0x00000000e6500000|  0%| F|  |TAMS 0x00000000e6400000, 0x00000000e6400000| Untracked 
| 101|0x00000000e6500000, 0x00000000e6500000, 0x00000000e6600000|  0%| F|  |TAMS 0x00000000e6500000, 0x00000000e6500000| Untracked 
| 102|0x00000000e6600000, 0x00000000e6600000, 0x00000000e6700000|  0%| F|  |TAMS 0x00000000e6600000, 0x00000000e6600000| Untracked 
| 103|0x00000000e6700000, 0x00000000e6700000, 0x00000000e6800000|  0%| F|  |TAMS 0x00000000e6700000, 0x00000000e6700000| Untracked 
| 104|0x00000000e6800000, 0x00000000e6800000, 0x00000000e6900000|  0%| F|  |TAMS 0x00000000e6800000, 0x00000000e6800000| Untracked 
| 105|0x00000000e6900000, 0x00000000e6900000, 0x00000000e6a00000|  0%| F|  |TAMS 0x00000000e6900000, 0x00000000e6900000| Untracked 
| 106|0x00000000e6a00000, 0x00000000e6a00000, 0x00000000e6b00000|  0%| F|  |TAMS 0x00000000e6a00000, 0x00000000e6a00000| Untracked 
| 107|0x00000000e6b00000, 0x00000000e6b00000, 0x00000000e6c00000|  0%| F|  |TAMS 0x00000000e6b00000, 0x00000000e6b00000| Untracked 
| 108|0x00000000e6c00000, 0x00000000e6c00000, 0x00000000e6d00000|  0%| F|  |TAMS 0x00000000e6c00000, 0x00000000e6c00000| Untracked 
| 109|0x00000000e6d00000, 0x00000000e6d00000, 0x00000000e6e00000|  0%| F|  |TAMS 0x00000000e6d00000, 0x00000000e6d00000| Untracked 
| 110|0x00000000e6e00000, 0x00000000e6e00000, 0x00000000e6f00000|  0%| F|  |TAMS 0x00000000e6e00000, 0x00000000e6e00000| Untracked 
| 111|0x00000000e6f00000, 0x00000000e6f00000, 0x00000000e7000000|  0%| F|  |TAMS 0x00000000e6f00000, 0x00000000e6f00000| Untracked 
| 112|0x00000000e7000000, 0x00000000e7000000, 0x00000000e7100000|  0%| F|  |TAMS 0x00000000e7000000, 0x00000000e7000000| Untracked 
| 113|0x00000000e7100000, 0x00000000e7100000, 0x00000000e7200000|  0%| F|  |TAMS 0x00000000e7100000, 0x00000000e7100000| Untracked 
| 114|0x00000000e7200000, 0x00000000e7200000, 0x00000000e7300000|  0%| F|  |TAMS 0x00000000e7200000, 0x00000000e7200000| Untracked 
| 115|0x00000000e7300000, 0x00000000e7300000, 0x00000000e7400000|  0%| F|  |TAMS 0x00000000e7300000, 0x00000000e7300000| Untracked 
| 116|0x00000000e7400000, 0x00000000e7400000, 0x00000000e7500000|  0%| F|  |TAMS 0x00000000e7400000, 0x00000000e7400000| Untracked 
| 117|0x00000000e7500000, 0x00000000e7500000, 0x00000000e7600000|  0%| F|  |TAMS 0x00000000e7500000, 0x00000000e7500000| Untracked 
| 118|0x00000000e7600000, 0x00000000e7600000, 0x00000000e7700000|  0%| F|  |TAMS 0x00000000e7600000, 0x00000000e7600000| Untracked 
| 119|0x00000000e7700000, 0x00000000e7700000, 0x00000000e7800000|  0%| F|  |TAMS 0x00000000e7700000, 0x00000000e7700000| Untracked 
| 120|0x00000000e7800000, 0x00000000e7800000, 0x00000000e7900000|  0%| F|  |TAMS 0x00000000e7800000, 0x00000000e7800000| Untracked 
| 121|0x00000000e7900000, 0x00000000e7900000, 0x00000000e7a00000|  0%| F|  |TAMS 0x00000000e7900000, 0x00000000e7900000| Untracked 
| 122|0x00000000e7a00000, 0x00000000e7a00000, 0x00000000e7b00000|  0%| F|  |TAMS 0x00000000e7a00000, 0x00000000e7a00000| Untracked 
| 123|0x00000000e7b00000, 0x00000000e7b00000, 0x00000000e7c00000|  0%| F|  |TAMS 0x00000000e7b00000, 0x00000000e7b00000| Untracked 
| 124|0x00000000e7c00000, 0x00000000e7c00000, 0x00000000e7d00000|  0%| F|  |TAMS 0x00000000e7c00000, 0x00000000e7c00000| Untracked 
| 125|0x00000000e7d00000, 0x00000000e7d00000, 0x00000000e7e00000|  0%| F|  |TAMS 0x00000000e7d00000, 0x00000000e7d00000| Untracked 
| 126|0x00000000e7e00000, 0x00000000e7e00000, 0x00000000e7f00000|  0%| F|  |TAMS 0x00000000e7e00000, 0x00000000e7e00000| Untracked 
| 127|0x00000000e7f00000, 0x00000000e7f00000, 0x00000000e8000000|  0%| F|  |TAMS 0x00000000e7f00000, 0x00000000e7f00000| Untracked 
| 128|0x00000000e8000000, 0x00000000e8000000, 0x00000000e8100000|  0%| F|  |TAMS 0x00000000e8000000, 0x00000000e8000000| Untracked 
| 129|0x00000000e8100000, 0x00000000e8100000, 0x00000000e8200000|  0%| F|  |TAMS 0x00000000e8100000, 0x00000000e8100000| Untracked 
| 130|0x00000000e8200000, 0x00000000e8200000, 0x00000000e8300000|  0%| F|  |TAMS 0x00000000e8200000, 0x00000000e8200000| Untracked 
| 131|0x00000000e8300000, 0x00000000e8300000, 0x00000000e8400000|  0%| F|  |TAMS 0x00000000e8300000, 0x00000000e8300000| Untracked 
| 132|0x00000000e8400000, 0x00000000e8400000, 0x00000000e8500000|  0%| F|  |TAMS 0x00000000e8400000, 0x00000000e8400000| Untracked 
| 133|0x00000000e8500000, 0x00000000e8500000, 0x00000000e8600000|  0%| F|  |TAMS 0x00000000e8500000, 0x00000000e8500000| Untracked 
| 134|0x00000000e8600000, 0x00000000e8600000, 0x00000000e8700000|  0%| F|  |TAMS 0x00000000e8600000, 0x00000000e8600000| Untracked 
| 135|0x00000000e8700000, 0x00000000e8700000, 0x00000000e8800000|  0%| F|  |TAMS 0x00000000e8700000, 0x00000000e8700000| Untracked 
| 136|0x00000000e8800000, 0x00000000e8800000, 0x00000000e8900000|  0%| F|  |TAMS 0x00000000e8800000, 0x00000000e8800000| Untracked 
| 137|0x00000000e8900000, 0x00000000e8900000, 0x00000000e8a00000|  0%| F|  |TAMS 0x00000000e8900000, 0x00000000e8900000| Untracked 
| 138|0x00000000e8a00000, 0x00000000e8a00000, 0x00000000e8b00000|  0%| F|  |TAMS 0x00000000e8a00000, 0x00000000e8a00000| Untracked 
| 139|0x00000000e8b00000, 0x00000000e8b00000, 0x00000000e8c00000|  0%| F|  |TAMS 0x00000000e8b00000, 0x00000000e8b00000| Untracked 
| 140|0x00000000e8c00000, 0x00000000e8c00000, 0x00000000e8d00000|  0%| F|  |TAMS 0x00000000e8c00000, 0x00000000e8c00000| Untracked 
| 141|0x00000000e8d00000, 0x00000000e8d00000, 0x00000000e8e00000|  0%| F|  |TAMS 0x00000000e8d00000, 0x00000000e8d00000| Untracked 
| 142|0x00000000e8e00000, 0x00000000e8e00000, 0x00000000e8f00000|  0%| F|  |TAMS 0x00000000e8e00000, 0x00000000e8e00000| Untracked 
| 143|0x00000000e8f00000, 0x00000000e8f00000, 0x00000000e9000000|  0%| F|  |TAMS 0x00000000e8f00000, 0x00000000e8f00000| Untracked 
| 144|0x00000000e9000000, 0x00000000e9000000, 0x00000000e9100000|  0%| F|  |TAMS 0x00000000e9000000, 0x00000000e9000000| Untracked 
| 145|0x00000000e9100000, 0x00000000e9100000, 0x00000000e9200000|  0%| F|  |TAMS 0x00000000e9100000, 0x00000000e9100000| Untracked 
| 146|0x00000000e9200000, 0x00000000e9200000, 0x00000000e9300000|  0%| F|  |TAMS 0x00000000e9200000, 0x00000000e9200000| Untracked 
| 147|0x00000000e9300000, 0x00000000e9300000, 0x00000000e9400000|  0%| F|  |TAMS 0x00000000e9300000, 0x00000000e9300000| Untracked 
| 148|0x00000000e9400000, 0x00000000e9400000, 0x00000000e9500000|  0%| F|  |TAMS 0x00000000e9400000, 0x00000000e9400000| Untracked 
| 149|0x00000000e9500000, 0x00000000e9500000, 0x00000000e9600000|  0%| F|  |TAMS 0x00000000e9500000, 0x00000000e9500000| Untracked 
| 150|0x00000000e9600000, 0x00000000e9600000, 0x00000000e9700000|  0%| F|  |TAMS 0x00000000e9600000, 0x00000000e9600000| Untracked 
| 151|0x00000000e9700000, 0x00000000e9700000, 0x00000000e9800000|  0%| F|  |TAMS 0x00000000e9700000, 0x00000000e9700000| Untracked 
| 152|0x00000000e9800000, 0x00000000e9800000, 0x00000000e9900000|  0%| F|  |TAMS 0x00000000e9800000, 0x00000000e9800000| Untracked 
| 153|0x00000000e9900000, 0x00000000e9900000, 0x00000000e9a00000|  0%| F|  |TAMS 0x00000000e9900000, 0x00000000e9900000| Untracked 
| 154|0x00000000e9a00000, 0x00000000e9a00000, 0x00000000e9b00000|  0%| F|  |TAMS 0x00000000e9a00000, 0x00000000e9a00000| Untracked 
| 155|0x00000000e9b00000, 0x00000000e9b00000, 0x00000000e9c00000|  0%| F|  |TAMS 0x00000000e9b00000, 0x00000000e9b00000| Untracked 
| 156|0x00000000e9c00000, 0x00000000e9c00000, 0x00000000e9d00000|  0%| F|  |TAMS 0x00000000e9c00000, 0x00000000e9c00000| Untracked 
| 157|0x00000000e9d00000, 0x00000000e9d00000, 0x00000000e9e00000|  0%| F|  |TAMS 0x00000000e9d00000, 0x00000000e9d00000| Untracked 
| 158|0x00000000e9e00000, 0x00000000e9e00000, 0x00000000e9f00000|  0%| F|  |TAMS 0x00000000e9e00000, 0x00000000e9e00000| Untracked 
| 159|0x00000000e9f00000, 0x00000000e9f00000, 0x00000000ea000000|  0%| F|  |TAMS 0x00000000e9f00000, 0x00000000e9f00000| Untracked 
| 160|0x00000000ea000000, 0x00000000ea000000, 0x00000000ea100000|  0%| F|  |TAMS 0x00000000ea000000, 0x00000000ea000000| Untracked 
| 161|0x00000000ea100000, 0x00000000ea100000, 0x00000000ea200000|  0%| F|  |TAMS 0x00000000ea100000, 0x00000000ea100000| Untracked 
| 162|0x00000000ea200000, 0x00000000ea200000, 0x00000000ea300000|  0%| F|  |TAMS 0x00000000ea200000, 0x00000000ea200000| Untracked 
| 163|0x00000000ea300000, 0x00000000ea300000, 0x00000000ea400000|  0%| F|  |TAMS 0x00000000ea300000, 0x00000000ea300000| Untracked 
| 164|0x00000000ea400000, 0x00000000ea400000, 0x00000000ea500000|  0%| F|  |TAMS 0x00000000ea400000, 0x00000000ea400000| Untracked 
| 165|0x00000000ea500000, 0x00000000ea500000, 0x00000000ea600000|  0%| F|  |TAMS 0x00000000ea500000, 0x00000000ea500000| Untracked 
| 166|0x00000000ea600000, 0x00000000ea600000, 0x00000000ea700000|  0%| F|  |TAMS 0x00000000ea600000, 0x00000000ea600000| Untracked 
| 167|0x00000000ea700000, 0x00000000ea700000, 0x00000000ea800000|  0%| F|  |TAMS 0x00000000ea700000, 0x00000000ea700000| Untracked 
| 168|0x00000000ea800000, 0x00000000ea800000, 0x00000000ea900000|  0%| F|  |TAMS 0x00000000ea800000, 0x00000000ea800000| Untracked 
| 169|0x00000000ea900000, 0x00000000ea900000, 0x00000000eaa00000|  0%| F|  |TAMS 0x00000000ea900000, 0x00000000ea900000| Untracked 
| 170|0x00000000eaa00000, 0x00000000eaa00000, 0x00000000eab00000|  0%| F|  |TAMS 0x00000000eaa00000, 0x00000000eaa00000| Untracked 
| 171|0x00000000eab00000, 0x00000000eab00000, 0x00000000eac00000|  0%| F|  |TAMS 0x00000000eab00000, 0x00000000eab00000| Untracked 
| 172|0x00000000eac00000, 0x00000000eac00000, 0x00000000ead00000|  0%| F|  |TAMS 0x00000000eac00000, 0x00000000eac00000| Untracked 
| 173|0x00000000ead00000, 0x00000000ead00000, 0x00000000eae00000|  0%| F|  |TAMS 0x00000000ead00000, 0x00000000ead00000| Untracked 
| 174|0x00000000eae00000, 0x00000000eae00000, 0x00000000eaf00000|  0%| F|  |TAMS 0x00000000eae00000, 0x00000000eae00000| Untracked 
| 175|0x00000000eaf00000, 0x00000000eaf00000, 0x00000000eb000000|  0%| F|  |TAMS 0x00000000eaf00000, 0x00000000eaf00000| Untracked 
| 176|0x00000000eb000000, 0x00000000eb000000, 0x00000000eb100000|  0%| F|  |TAMS 0x00000000eb000000, 0x00000000eb000000| Untracked 
| 177|0x00000000eb100000, 0x00000000eb100000, 0x00000000eb200000|  0%| F|  |TAMS 0x00000000eb100000, 0x00000000eb100000| Untracked 
| 178|0x00000000eb200000, 0x00000000eb200000, 0x00000000eb300000|  0%| F|  |TAMS 0x00000000eb200000, 0x00000000eb200000| Untracked 
| 179|0x00000000eb300000, 0x00000000eb300000, 0x00000000eb400000|  0%| F|  |TAMS 0x00000000eb300000, 0x00000000eb300000| Untracked 
| 180|0x00000000eb400000, 0x00000000eb400000, 0x00000000eb500000|  0%| F|  |TAMS 0x00000000eb400000, 0x00000000eb400000| Untracked 
| 181|0x00000000eb500000, 0x00000000eb500000, 0x00000000eb600000|  0%| F|  |TAMS 0x00000000eb500000, 0x00000000eb500000| Untracked 
| 182|0x00000000eb600000, 0x00000000eb600000, 0x00000000eb700000|  0%| F|  |TAMS 0x00000000eb600000, 0x00000000eb600000| Untracked 
| 183|0x00000000eb700000, 0x00000000eb700000, 0x00000000eb800000|  0%| F|  |TAMS 0x00000000eb700000, 0x00000000eb700000| Untracked 
| 184|0x00000000eb800000, 0x00000000eb800000, 0x00000000eb900000|  0%| F|  |TAMS 0x00000000eb800000, 0x00000000eb800000| Untracked 
| 185|0x00000000eb900000, 0x00000000eb900000, 0x00000000eba00000|  0%| F|  |TAMS 0x00000000eb900000, 0x00000000eb900000| Untracked 
| 186|0x00000000eba00000, 0x00000000eba00000, 0x00000000ebb00000|  0%| F|  |TAMS 0x00000000eba00000, 0x00000000eba00000| Untracked 
| 187|0x00000000ebb00000, 0x00000000ebb00000, 0x00000000ebc00000|  0%| F|  |TAMS 0x00000000ebb00000, 0x00000000ebb00000| Untracked 
| 188|0x00000000ebc00000, 0x00000000ebd00000, 0x00000000ebd00000|100%| E|  |TAMS 0x00000000ebc00000, 0x00000000ebc00000| Complete 
| 189|0x00000000ebd00000, 0x00000000ebe00000, 0x00000000ebe00000|100%| E|CS|TAMS 0x00000000ebd00000, 0x00000000ebd00000| Complete 
| 190|0x00000000ebe00000, 0x00000000ebf00000, 0x00000000ebf00000|100%| E|CS|TAMS 0x00000000ebe00000, 0x00000000ebe00000| Complete 
| 191|0x00000000ebf00000, 0x00000000ec000000, 0x00000000ec000000|100%| E|CS|TAMS 0x00000000ebf00000, 0x00000000ebf00000| Complete 
| 192|0x00000000ec000000, 0x00000000ec100000, 0x00000000ec100000|100%| E|CS|TAMS 0x00000000ec000000, 0x00000000ec000000| Complete 
| 193|0x00000000ec100000, 0x00000000ec200000, 0x00000000ec200000|100%| E|CS|TAMS 0x00000000ec100000, 0x00000000ec100000| Complete 
| 194|0x00000000ec200000, 0x00000000ec300000, 0x00000000ec300000|100%| E|CS|TAMS 0x00000000ec200000, 0x00000000ec200000| Complete 
| 195|0x00000000ec300000, 0x00000000ec400000, 0x00000000ec400000|100%| E|CS|TAMS 0x00000000ec300000, 0x00000000ec300000| Complete 
| 196|0x00000000ec400000, 0x00000000ec500000, 0x00000000ec500000|100%| E|CS|TAMS 0x00000000ec400000, 0x00000000ec400000| Complete 
| 197|0x00000000ec500000, 0x00000000ec600000, 0x00000000ec600000|100%| E|CS|TAMS 0x00000000ec500000, 0x00000000ec500000| Complete 
| 198|0x00000000ec600000, 0x00000000ec700000, 0x00000000ec700000|100%| E|CS|TAMS 0x00000000ec600000, 0x00000000ec600000| Complete 
| 199|0x00000000ec700000, 0x00000000ec800000, 0x00000000ec800000|100%| E|CS|TAMS 0x00000000ec700000, 0x00000000ec700000| Complete 
| 200|0x00000000ec800000, 0x00000000ec900000, 0x00000000ec900000|100%| E|CS|TAMS 0x00000000ec800000, 0x00000000ec800000| Complete 
| 201|0x00000000ec900000, 0x00000000eca00000, 0x00000000eca00000|100%| E|CS|TAMS 0x00000000ec900000, 0x00000000ec900000| Complete 
| 202|0x00000000eca00000, 0x00000000ecb00000, 0x00000000ecb00000|100%| E|CS|TAMS 0x00000000eca00000, 0x00000000eca00000| Complete 
| 203|0x00000000ecb00000, 0x00000000ecc00000, 0x00000000ecc00000|100%| E|CS|TAMS 0x00000000ecb00000, 0x00000000ecb00000| Complete 
| 204|0x00000000ecc00000, 0x00000000ecd00000, 0x00000000ecd00000|100%| E|CS|TAMS 0x00000000ecc00000, 0x00000000ecc00000| Complete 
| 205|0x00000000ecd00000, 0x00000000ece00000, 0x00000000ece00000|100%| E|CS|TAMS 0x00000000ecd00000, 0x00000000ecd00000| Complete 
| 206|0x00000000ece00000, 0x00000000ecf00000, 0x00000000ecf00000|100%| E|CS|TAMS 0x00000000ece00000, 0x00000000ece00000| Complete 
| 207|0x00000000ecf00000, 0x00000000ed000000, 0x00000000ed000000|100%| E|CS|TAMS 0x00000000ecf00000, 0x00000000ecf00000| Complete 
| 208|0x00000000ed000000, 0x00000000ed100000, 0x00000000ed100000|100%| E|CS|TAMS 0x00000000ed000000, 0x00000000ed000000| Complete 
| 209|0x00000000ed100000, 0x00000000ed200000, 0x00000000ed200000|100%| E|CS|TAMS 0x00000000ed100000, 0x00000000ed100000| Complete 
| 210|0x00000000ed200000, 0x00000000ed300000, 0x00000000ed300000|100%| E|CS|TAMS 0x00000000ed200000, 0x00000000ed200000| Complete 
| 211|0x00000000ed300000, 0x00000000ed400000, 0x00000000ed400000|100%| E|CS|TAMS 0x00000000ed300000, 0x00000000ed300000| Complete 
| 212|0x00000000ed400000, 0x00000000ed500000, 0x00000000ed500000|100%| E|CS|TAMS 0x00000000ed400000, 0x00000000ed400000| Complete 
| 213|0x00000000ed500000, 0x00000000ed600000, 0x00000000ed600000|100%| E|CS|TAMS 0x00000000ed500000, 0x00000000ed500000| Complete 
| 214|0x00000000ed600000, 0x00000000ed700000, 0x00000000ed700000|100%| E|CS|TAMS 0x00000000ed600000, 0x00000000ed600000| Complete 
| 215|0x00000000ed700000, 0x00000000ed800000, 0x00000000ed800000|100%| E|CS|TAMS 0x00000000ed700000, 0x00000000ed700000| Complete 
| 216|0x00000000ed800000, 0x00000000ed900000, 0x00000000ed900000|100%| E|CS|TAMS 0x00000000ed800000, 0x00000000ed800000| Complete 
| 217|0x00000000ed900000, 0x00000000eda00000, 0x00000000eda00000|100%| E|CS|TAMS 0x00000000ed900000, 0x00000000ed900000| Complete 
| 218|0x00000000eda00000, 0x00000000edb00000, 0x00000000edb00000|100%| E|CS|TAMS 0x00000000eda00000, 0x00000000eda00000| Complete 
| 219|0x00000000edb00000, 0x00000000edc00000, 0x00000000edc00000|100%| E|CS|TAMS 0x00000000edb00000, 0x00000000edb00000| Complete 
| 220|0x00000000edc00000, 0x00000000edccab08, 0x00000000edd00000| 79%| S|CS|TAMS 0x00000000edc00000, 0x00000000edc00000| Complete 
| 221|0x00000000edd00000, 0x00000000ede00000, 0x00000000ede00000|100%| S|CS|TAMS 0x00000000edd00000, 0x00000000edd00000| Complete 
| 222|0x00000000ede00000, 0x00000000edf00000, 0x00000000edf00000|100%| S|CS|TAMS 0x00000000ede00000, 0x00000000ede00000| Complete 
| 223|0x00000000edf00000, 0x00000000ee000000, 0x00000000ee000000|100%| S|CS|TAMS 0x00000000edf00000, 0x00000000edf00000| Complete 
| 224|0x00000000ee000000, 0x00000000ee100000, 0x00000000ee100000|100%| E|CS|TAMS 0x00000000ee000000, 0x00000000ee000000| Complete 
| 225|0x00000000ee100000, 0x00000000ee200000, 0x00000000ee200000|100%| E|CS|TAMS 0x00000000ee100000, 0x00000000ee100000| Complete 
| 226|0x00000000ee200000, 0x00000000ee300000, 0x00000000ee300000|100%| E|CS|TAMS 0x00000000ee200000, 0x00000000ee200000| Complete 
| 227|0x00000000ee300000, 0x00000000ee400000, 0x00000000ee400000|100%| E|CS|TAMS 0x00000000ee300000, 0x00000000ee300000| Complete 
| 228|0x00000000ee400000, 0x00000000ee500000, 0x00000000ee500000|100%| E|CS|TAMS 0x00000000ee400000, 0x00000000ee400000| Complete 
| 229|0x00000000ee500000, 0x00000000ee600000, 0x00000000ee600000|100%| E|CS|TAMS 0x00000000ee500000, 0x00000000ee500000| Complete 
| 230|0x00000000ee600000, 0x00000000ee700000, 0x00000000ee700000|100%| E|CS|TAMS 0x00000000ee600000, 0x00000000ee600000| Complete 
| 231|0x00000000ee700000, 0x00000000ee800000, 0x00000000ee800000|100%| E|CS|TAMS 0x00000000ee700000, 0x00000000ee700000| Complete 
| 232|0x00000000ee800000, 0x00000000ee900000, 0x00000000ee900000|100%| E|CS|TAMS 0x00000000ee800000, 0x00000000ee800000| Complete 
| 233|0x00000000ee900000, 0x00000000eea00000, 0x00000000eea00000|100%| E|CS|TAMS 0x00000000ee900000, 0x00000000ee900000| Complete 
| 234|0x00000000eea00000, 0x00000000eeb00000, 0x00000000eeb00000|100%| E|CS|TAMS 0x00000000eea00000, 0x00000000eea00000| Complete 
| 235|0x00000000eeb00000, 0x00000000eec00000, 0x00000000eec00000|100%| E|CS|TAMS 0x00000000eeb00000, 0x00000000eeb00000| Complete 
| 236|0x00000000eec00000, 0x00000000eed00000, 0x00000000eed00000|100%| E|CS|TAMS 0x00000000eec00000, 0x00000000eec00000| Complete 
| 237|0x00000000eed00000, 0x00000000eee00000, 0x00000000eee00000|100%| E|CS|TAMS 0x00000000eed00000, 0x00000000eed00000| Complete 
| 238|0x00000000eee00000, 0x00000000eef00000, 0x00000000eef00000|100%| E|CS|TAMS 0x00000000eee00000, 0x00000000eee00000| Complete 
| 239|0x00000000eef00000, 0x00000000ef000000, 0x00000000ef000000|100%| E|CS|TAMS 0x00000000eef00000, 0x00000000eef00000| Complete 
| 240|0x00000000ef000000, 0x00000000ef100000, 0x00000000ef100000|100%| E|CS|TAMS 0x00000000ef000000, 0x00000000ef000000| Complete 
| 241|0x00000000ef100000, 0x00000000ef200000, 0x00000000ef200000|100%| E|CS|TAMS 0x00000000ef100000, 0x00000000ef100000| Complete 
| 242|0x00000000ef200000, 0x00000000ef300000, 0x00000000ef300000|100%| E|CS|TAMS 0x00000000ef200000, 0x00000000ef200000| Complete 
| 243|0x00000000ef300000, 0x00000000ef400000, 0x00000000ef400000|100%| E|CS|TAMS 0x00000000ef300000, 0x00000000ef300000| Complete 
| 244|0x00000000ef400000, 0x00000000ef500000, 0x00000000ef500000|100%| E|CS|TAMS 0x00000000ef400000, 0x00000000ef400000| Complete 
| 245|0x00000000ef500000, 0x00000000ef600000, 0x00000000ef600000|100%| E|CS|TAMS 0x00000000ef500000, 0x00000000ef500000| Complete 
| 246|0x00000000ef600000, 0x00000000ef700000, 0x00000000ef700000|100%| E|CS|TAMS 0x00000000ef600000, 0x00000000ef600000| Complete 
| 247|0x00000000ef700000, 0x00000000ef800000, 0x00000000ef800000|100%| E|CS|TAMS 0x00000000ef700000, 0x00000000ef700000| Complete 
| 248|0x00000000ef800000, 0x00000000ef900000, 0x00000000ef900000|100%| E|CS|TAMS 0x00000000ef800000, 0x00000000ef800000| Complete 
| 249|0x00000000ef900000, 0x00000000efa00000, 0x00000000efa00000|100%| E|CS|TAMS 0x00000000ef900000, 0x00000000ef900000| Complete 
| 250|0x00000000efa00000, 0x00000000efb00000, 0x00000000efb00000|100%| E|CS|TAMS 0x00000000efa00000, 0x00000000efa00000| Complete 
| 251|0x00000000efb00000, 0x00000000efc00000, 0x00000000efc00000|100%| E|CS|TAMS 0x00000000efb00000, 0x00000000efb00000| Complete 
| 252|0x00000000efc00000, 0x00000000efd00000, 0x00000000efd00000|100%| E|CS|TAMS 0x00000000efc00000, 0x00000000efc00000| Complete 
| 253|0x00000000efd00000, 0x00000000efe00000, 0x00000000efe00000|100%| E|CS|TAMS 0x00000000efd00000, 0x00000000efd00000| Complete 
| 254|0x00000000efe00000, 0x00000000eff00000, 0x00000000eff00000|100%| E|CS|TAMS 0x00000000efe00000, 0x00000000efe00000| Complete 
| 255|0x00000000eff00000, 0x00000000f0000000, 0x00000000f0000000|100%| E|CS|TAMS 0x00000000eff00000, 0x00000000eff00000| Complete 

Card table byte_map: [0x000001e1c32b0000,0x000001e1c33b0000] _byte_map_base: 0x000001e1c2bb0000

Marking Bits (Prev, Next): (CMBitMap*) 0x000001e1a9d87620, (CMBitMap*) 0x000001e1a9d87660
 Prev Bits: [0x000001e1c34b0000, 0x000001e1c3cb0000)
 Next Bits: [0x000001e1c3cb0000, 0x000001e1c44b0000)

Polling page: 0x000001e1a9e20000

Metaspace:

Usage:
  Non-class:     13.43 MB used.
      Class:      2.14 MB used.
       Both:     15.57 MB used.

Virtual space:
  Non-class space:       64.00 MB reserved,      13.69 MB ( 21%) committed,  1 nodes.
      Class space:      308.00 MB reserved,       2.38 MB ( <1%) committed,  1 nodes.
             Both:      372.00 MB reserved,      16.06 MB (  4%) committed. 

Chunk freelists:
   Non-Class:  2.02 MB
       Class:  1.64 MB
        Both:  3.66 MB

MaxMetaspaceSize: 384.00 MB
CompressedClassSpaceSize: 308.00 MB
Initial GC threshold: 21.00 MB
Current GC threshold: 21.00 MB
CDS: on
MetaspaceReclaimPolicy: balanced
 - commit_granule_bytes: 65536.
 - commit_granule_words: 8192.
 - virtual_space_node_default_size: 8388608.
 - enlarge_chunks_in_place: 1.
 - new_chunks_are_fully_committed: 0.
 - uncommit_free_chunks: 1.
 - use_allocation_guard: 0.


Internal statistics:

num_allocs_failed_limit: 0.
num_arena_births: 592.
num_arena_deaths: 0.
num_vsnodes_births: 2.
num_vsnodes_deaths: 0.
num_space_committed: 257.
num_space_uncommitted: 0.
num_chunks_returned_to_freelist: 0.
num_chunks_taken_from_freelist: 1175.
num_chunk_merges: 0.
num_chunk_splits: 750.
num_chunks_enlarged: 495.
num_inconsistent_stats: 0.

CodeHeap 'non-profiled nmethods': size=120000Kb used=1129Kb max_used=1129Kb free=118870Kb
 bounds [0x000001e1bb210000, 0x000001e1bb480000, 0x000001e1c2740000]
CodeHeap 'profiled nmethods': size=120000Kb used=5255Kb max_used=5255Kb free=114744Kb
 bounds [0x000001e1b3740000, 0x000001e1b3c70000, 0x000001e1bac70000]
CodeHeap 'non-nmethods': size=5760Kb used=1350Kb max_used=1362Kb free=4410Kb
 bounds [0x000001e1bac70000, 0x000001e1baee0000, 0x000001e1bb210000]
 total_blobs=3112 nmethods=2551 adapters=471
 compilation: enabled
              stopped_count=0, restarted_count=0
 full_count=0

Compilation events (20 events):
Event: 5.998 Thread 0x000001e1c6f49160 2522       3       java.lang.invoke.MethodHandles$Lookup::checkMethodName (45 bytes)
Event: 6.000 Thread 0x000001e1c6f49160 nmethod 2522 0x000001e1b3c48b90 code [0x000001e1b3c48dc0, 0x000001e1b3c49498]
Event: 6.013 Thread 0x000001e1c6f49160 2523       1       sun.reflect.generics.repository.AbstractRepository::getFactory (5 bytes)
Event: 6.013 Thread 0x000001e1c6f49160 nmethod 2523 0x000001e1bb329d90 code [0x000001e1bb329f20, 0x000001e1bb329fd8]
Event: 6.022 Thread 0x000001e1c6f49160 2524       1       java.lang.reflect.Constructor::getRoot (5 bytes)
Event: 6.023 Thread 0x000001e1c6f49160 nmethod 2524 0x000001e1bb32a090 code [0x000001e1bb32a220, 0x000001e1bb32a2d8]
Event: 6.065 Thread 0x000001e1c6f49160 2526       3       java.lang.invoke.MethodHandle::asFixedArity (23 bytes)
Event: 6.066 Thread 0x000001e1c6f49160 nmethod 2526 0x000001e1b3c49790 code [0x000001e1b3c49920, 0x000001e1b3c49a38]
Event: 6.066 Thread 0x000001e1c6f49160 2527       3       java.lang.invoke.InvokerBytecodeGenerator::<init> (12 bytes)
Event: 6.066 Thread 0x000001e1c6f49160 nmethod 2527 0x000001e1b3c49b10 code [0x000001e1b3c49cc0, 0x000001e1b3c49e58]
Event: 6.066 Thread 0x000001e1c6f49160 2528       3       java.lang.invoke.InvokerBytecodeGenerator::generateCustomizedCodeBytes (44 bytes)
Event: 6.067 Thread 0x000001e1c6f49160 nmethod 2528 0x000001e1b3c49f90 code [0x000001e1b3c4a1a0, 0x000001e1b3c4a5d8]
Event: 6.067 Thread 0x000001e1c6f49160 2529       3       java.lang.invoke.LambdaFormBuffer::replaceParameterByCopy (38 bytes)
Event: 6.068 Thread 0x000001e1c6f49160 nmethod 2529 0x000001e1b3c4a810 code [0x000001e1b3c4a9c0, 0x000001e1b3c4ab98]
Event: 6.068 Thread 0x000001e1c6f49160 2530       3       java.lang.invoke.LambdaFormBuffer::noteDuplicate (115 bytes)
Event: 6.069 Thread 0x000001e1c6f49160 nmethod 2530 0x000001e1b3c4ac90 code [0x000001e1b3c4aea0, 0x000001e1b3c4b6a8]
Event: 6.108 Thread 0x000001e1c6f49160 2532   !   3       org.gradle.internal.classloader.TransformingClassLoader::findClass (203 bytes)
Event: 6.114 Thread 0x000001e1c6f49160 nmethod 2532 0x000001e1b3c4b990 code [0x000001e1b3c4be60, 0x000001e1b3c4e1a8]
Event: 6.114 Thread 0x000001e1c6f49160 2533       3       org.gradle.initialization.MixInLegacyTypesClassLoader::shouldTransform (42 bytes)
Event: 6.115 Thread 0x000001e1c6f49160 nmethod 2533 0x000001e1b3c4f110 code [0x000001e1b3c4f2e0, 0x000001e1b3c4f6d8]

GC Heap History (4 events):
Event: 1.720 GC heap before
{Heap before GC invocations=0 (full 0):
 garbage-first heap   total 262144K, used 26624K [0x00000000e0000000, 0x0000000100000000)
  region size 1024K, 23 young (23552K), 0 survivors (0K)
 Metaspace       used 3160K, committed 3328K, reserved 380928K
  class space    used 389K, committed 448K, reserved 315392K
}
Event: 1.735 GC heap after
{Heap after GC invocations=1 (full 0):
 garbage-first heap   total 262144K, used 10432K [0x00000000e0000000, 0x0000000100000000)
  region size 1024K, 3 young (3072K), 3 survivors (3072K)
 Metaspace       used 3160K, committed 3328K, reserved 380928K
  class space    used 389K, committed 448K, reserved 315392K
}
Event: 2.859 GC heap before
{Heap before GC invocations=1 (full 0):
 garbage-first heap   total 262144K, used 40128K [0x00000000e0000000, 0x0000000100000000)
  region size 1024K, 32 young (32768K), 3 survivors (3072K)
 Metaspace       used 4115K, committed 4288K, reserved 380928K
  class space    used 481K, committed 576K, reserved 315392K
}
Event: 2.865 GC heap after
{Heap after GC invocations=2 (full 0):
 garbage-first heap   total 262144K, used 14589K [0x00000000e0000000, 0x0000000100000000)
  region size 1024K, 4 young (4096K), 4 survivors (4096K)
 Metaspace       used 4115K, committed 4288K, reserved 380928K
  class space    used 481K, committed 576K, reserved 315392K
}

Dll operation events (15 events):
Event: 0.022 Loaded shared library C:\Users\g3ral\.jdks\corretto-19.0.2\bin\java.dll
Event: 0.055 Loaded shared library C:\Users\g3ral\.jdks\corretto-19.0.2\bin\jsvml.dll
Event: 0.226 Loaded shared library C:\Users\g3ral\.jdks\corretto-19.0.2\bin\zip.dll
Event: 0.233 Loaded shared library C:\Users\g3ral\.jdks\corretto-19.0.2\bin\instrument.dll
Event: 0.248 Loaded shared library C:\Users\g3ral\.jdks\corretto-19.0.2\bin\net.dll
Event: 0.252 Loaded shared library C:\Users\g3ral\.jdks\corretto-19.0.2\bin\nio.dll
Event: 0.265 Loaded shared library C:\Users\g3ral\.jdks\corretto-19.0.2\bin\zip.dll
Event: 0.884 Loaded shared library C:\Users\g3ral\.jdks\corretto-19.0.2\bin\jimage.dll
Event: 1.049 Loaded shared library C:\Users\g3ral\.jdks\corretto-19.0.2\bin\verify.dll
Event: 1.426 Loaded shared library C:\Users\g3ral\.gradle\native\68d5fa5c4cc2d200863cafc0d521ce42e7d3e7ee720ec0a83991735586a16f82\windows-amd64\native-platform.dll
Event: 1.437 Loaded shared library C:\Users\g3ral\.gradle\native\e376f236ea51e6404a007f0833ffe2c6e607c4080706a723a18a27aeea778392\windows-amd64\native-platform-file-events.dll
Event: 3.470 Loaded shared library C:\Users\g3ral\.jdks\corretto-19.0.2\bin\management.dll
Event: 3.474 Loaded shared library C:\Users\g3ral\.jdks\corretto-19.0.2\bin\management_ext.dll
Event: 3.982 Loaded shared library C:\Users\g3ral\.jdks\corretto-19.0.2\bin\extnet.dll
Event: 4.488 Loaded shared library C:\Users\g3ral\.jdks\corretto-19.0.2\bin\sunmscapi.dll

Deoptimization events (20 events):
Event: 5.407 Thread 0x000001e1ccbf95f0 Uncommon trap: trap_request=0xffffffde fr.pc=0x000001e1bb2b7110 relative=0x00000000000002d0
Event: 5.407 Thread 0x000001e1ccbf95f0 Uncommon trap: reason=class_check action=maybe_recompile pc=0x000001e1bb2b7110 method=java.util.regex.Pattern$BmpCharPropertyGreedy.match(Ljava/util/regex/Matcher;ILjava/lang/CharSequence;)Z @ 26 c2
Event: 5.407 Thread 0x000001e1ccbf95f0 DEOPT PACKING pc=0x000001e1bb2b7110 sp=0x000000dc0fbfc960
Event: 5.407 Thread 0x000001e1ccbf95f0 DEOPT UNPACKING pc=0x000001e1bacda5a3 sp=0x000000dc0fbfc918 mode 2
Event: 5.407 Thread 0x000001e1ccbf95f0 Uncommon trap: trap_request=0xffffffde fr.pc=0x000001e1bb2b7110 relative=0x00000000000002d0
Event: 5.407 Thread 0x000001e1ccbf95f0 Uncommon trap: reason=class_check action=maybe_recompile pc=0x000001e1bb2b7110 method=java.util.regex.Pattern$BmpCharPropertyGreedy.match(Ljava/util/regex/Matcher;ILjava/lang/CharSequence;)Z @ 26 c2
Event: 5.407 Thread 0x000001e1ccbf95f0 DEOPT PACKING pc=0x000001e1bb2b7110 sp=0x000000dc0fbfc8d0
Event: 5.407 Thread 0x000001e1ccbf95f0 DEOPT UNPACKING pc=0x000001e1bacda5a3 sp=0x000000dc0fbfc888 mode 2
Event: 5.579 Thread 0x000001e1ccbf95f0 Uncommon trap: trap_request=0xffffff45 fr.pc=0x000001e1bb29277c relative=0x00000000000007bc
Event: 5.579 Thread 0x000001e1ccbf95f0 Uncommon trap: reason=unstable_if action=reinterpret pc=0x000001e1bb29277c method=java.util.ArrayList.grow(I)[Ljava/lang/Object; @ 17 c2
Event: 5.579 Thread 0x000001e1ccbf95f0 DEOPT PACKING pc=0x000001e1bb29277c sp=0x000000dc0fbfd620
Event: 5.579 Thread 0x000001e1ccbf95f0 DEOPT UNPACKING pc=0x000001e1bacda5a3 sp=0x000000dc0fbfd4b8 mode 2
Event: 5.659 Thread 0x000001e1ccbf95f0 Uncommon trap: trap_request=0xffffff45 fr.pc=0x000001e1bb2382e4 relative=0x0000000000000cc4
Event: 5.659 Thread 0x000001e1ccbf95f0 Uncommon trap: reason=unstable_if action=reinterpret pc=0x000001e1bb2382e4 method=java.io.WinNTFileSystem.resolve(Ljava/lang/String;Ljava/lang/String;)Ljava/lang/String; @ 19 c2
Event: 5.659 Thread 0x000001e1ccbf95f0 DEOPT PACKING pc=0x000001e1bb2382e4 sp=0x000000dc0fbfd380
Event: 5.659 Thread 0x000001e1ccbf95f0 DEOPT UNPACKING pc=0x000001e1bacda5a3 sp=0x000000dc0fbfd318 mode 2
Event: 5.662 Thread 0x000001e1ccbf95f0 Uncommon trap: trap_request=0xffffff45 fr.pc=0x000001e1bb27e5c0 relative=0x0000000000000600
Event: 5.662 Thread 0x000001e1ccbf95f0 Uncommon trap: reason=unstable_if action=reinterpret pc=0x000001e1bb27e5c0 method=java.io.File.getName()Ljava/lang/String; @ 16 c2
Event: 5.662 Thread 0x000001e1ccbf95f0 DEOPT PACKING pc=0x000001e1bb27e5c0 sp=0x000000dc0fbfd330
Event: 5.662 Thread 0x000001e1ccbf95f0 DEOPT UNPACKING pc=0x000001e1bacda5a3 sp=0x000000dc0fbfd300 mode 2

Classes loaded (20 events):
Event: 5.764 Loading class java/lang/invoke/BoundMethodHandle$Species_LLLLLLLLLLLLLLL
Event: 5.764 Loading class java/lang/invoke/BoundMethodHandle$Species_LLLLLLLLLLLLLLL done
Event: 5.775 Loading class java/lang/invoke/BoundMethodHandle$Species_LLLLLLLLLLLLLLLL
Event: 5.775 Loading class java/lang/invoke/BoundMethodHandle$Species_LLLLLLLLLLLLLLLL done
Event: 5.787 Loading class java/lang/invoke/BoundMethodHandle$Species_LLLLLLLLLLLLLLLLL
Event: 5.787 Loading class java/lang/invoke/BoundMethodHandle$Species_LLLLLLLLLLLLLLLLL done
Event: 5.791 Loading class java/lang/invoke/BoundMethodHandle$Species_LLLLLLLLLLLLLLLLLL
Event: 5.791 Loading class java/lang/invoke/BoundMethodHandle$Species_LLLLLLLLLLLLLLLLLL done
Event: 5.797 Loading class java/lang/invoke/BoundMethodHandle$Species_LLLLLLLLLLLLLLLLLLL
Event: 5.797 Loading class java/lang/invoke/BoundMethodHandle$Species_LLLLLLLLLLLLLLLLLLL done
Event: 5.802 Loading class java/lang/invoke/BoundMethodHandle$Species_LLLLLLLLLLLLLLLLLLLL
Event: 5.802 Loading class java/lang/invoke/BoundMethodHandle$Species_LLLLLLLLLLLLLLLLLLLL done
Event: 5.808 Loading class java/lang/invoke/BoundMethodHandle$Species_LLLLLLLLLLLLLLLLLLLLL
Event: 5.808 Loading class java/lang/invoke/BoundMethodHandle$Species_LLLLLLLLLLLLLLLLLLLLL done
Event: 5.813 Loading class java/lang/invoke/BoundMethodHandle$Species_LLLLLLLLLLLLLLLLLLLLLL
Event: 5.813 Loading class java/lang/invoke/BoundMethodHandle$Species_LLLLLLLLLLLLLLLLLLLLLL done
Event: 6.072 Loading class java/security/InvalidKeyException
Event: 6.073 Loading class java/security/KeyException
Event: 6.073 Loading class java/security/KeyException done
Event: 6.073 Loading class java/security/InvalidKeyException done

Classes unloaded (0 events):
No events

Classes redefined (0 events):
No events

Internal exceptions (20 events):
Event: 5.400 Thread 0x000001e1ccbf95f0 Exception <a 'java/lang/NoSuchMethodError'{0x00000000ecc519d8}: 'void java.lang.invoke.DirectMethodHandle$Holder.invokeInterface(java.lang.Object, java.lang.Object)'> (0x00000000ecc519d8) 
thrown [s\src\hotspot\share\interpreter\linkResolver.cpp, line 774]
Event: 5.401 Thread 0x000001e1ccbf95f0 Exception <a 'java/lang/IncompatibleClassChangeError'{0x00000000ecc55220}: Found class java.lang.Object, but interface was expected> (0x00000000ecc55220) 
thrown [s\src\hotspot\share\interpreter\linkResolver.cpp, line 841]
Event: 5.423 Thread 0x000001e1ccbf95f0 Exception <a 'java/lang/NoSuchMethodError'{0x00000000eccc98d8}: 'void java.lang.invoke.DirectMethodHandle$Holder.invokeStaticInit(java.lang.Object)'> (0x00000000eccc98d8) 
thrown [s\src\hotspot\share\interpreter\linkResolver.cpp, line 774]
Event: 5.454 Thread 0x000001e1ccbf95f0 Exception <a 'java/lang/NoSuchMethodError'{0x00000000ecb73188}: 'java.lang.Object java.lang.invoke.DirectMethodHandle$Holder.newInvokeSpecial(java.lang.Object, java.lang.Object, java.lang.Object, int)'> (0x00000000ecb73188) 
thrown [s\src\hotspot\share\interpreter\linkResolver.cpp, line 774]
Event: 5.455 Thread 0x000001e1ccbf95f0 Exception <a 'java/lang/NoSuchMethodError'{0x00000000ecb77ae0}: 'java.lang.Object java.lang.invoke.DirectMethodHandle$Holder.invokeSpecial(java.lang.Object, java.lang.Object, java.lang.Object, java.lang.Object, int)'> (0x00000000ecb77ae0) 
thrown [s\src\hotspot\share\interpreter\linkResolver.cpp, line 774]
Event: 5.456 Thread 0x000001e1ccbf95f0 Exception <a 'java/lang/NoSuchMethodError'{0x00000000ecb7bc18}: 'java.lang.Object java.lang.invoke.Invokers$Holder.linkToTargetMethod(java.lang.Object, java.lang.Object, int, java.lang.Object)'> (0x00000000ecb7bc18) 
thrown [s\src\hotspot\share\interpreter\linkResolver.cpp, line 774]
Event: 5.590 Thread 0x000001e1ccbf95f0 Exception <a 'java/lang/NoSuchMethodError'{0x00000000ec8a8ae8}: 'java.lang.Object java.lang.invoke.DirectMethodHandle$Holder.invokeVirtual(java.lang.Object, java.lang.Object, java.lang.Object, java.lang.Object, java.lang.Object, java.lang.Object, java.lang.Object, java.lang.Object, java.lang.Object)'> (0x00000000ec8a8ae8) 
thrown [s\src\hotspot\share\interpreter\linkResolver.cpp, line 774]
Event: 5.650 Thread 0x000001e1ccbf95f0 Exception <a 'java/lang/NoSuchMethodError'{0x00000000ec7d50a0}: 'java.lang.Object java.lang.invoke.DirectMethodHandle$Holder.invokeVirtual(java.lang.Object, java.lang.Object, java.lang.Object, java.lang.Object, java.lang.Object, java.lang.Object, java.lang.Object, java.lang.Object, java.lang.Object, java.lang.Object)'> (0x00000000ec7d50a0) 
thrown [s\src\hotspot\share\interpreter\linkResolver.cpp, line 774]
Event: 5.736 Thread 0x000001e1ccbf95f0 Exception <a 'java/lang/NoSuchMethodError'{0x00000000ec5695f8}: 'java.lang.Object java.lang.invoke.DelegatingMethodHandle$Holder.reinvoke_L(java.lang.Object, java.lang.Object, java.lang.Object, java.lang.Object, java.lang.Object, java.lang.Object, java.lang.Object, java.lang.Object, java.lang.Object, java.lang.Object, java.lang.Object, java.lang.Object, java.lang.Object, java.lang.Object, java.lang.Object, java.lang.Object, java.lang.Object, java.lang.Object, java.lang.Object, java.lang.Object, java.lang.O
Event: 5.747 Thread 0x000001e1ccbf95f0 Exception <a 'java/lang/NoSuchMethodError'{0x00000000ec5c35e0}: 'java.lang.Object java.lang.invoke.DirectMethodHandle$Holder.invokeStatic(java.lang.Object, java.lang.Object, java.lang.Object, java.lang.Object, java.lang.Object, java.lang.Object, java.lang.Object, java.lang.Object, java.lang.Object, java.lang.Object, java.lang.Object, java.lang.Object, java.lang.Object, java.lang.Object, java.lang.Object)'> (0x00000000ec5c35e0) 
thrown [s\src\hotspot\share\interpreter\linkResolver.cpp, line 774]
Event: 5.754 Thread 0x000001e1ccbf95f0 Exception <a 'java/lang/NoSuchMethodError'{0x00000000ec5e7d20}: 'java.lang.Object java.lang.invoke.DirectMethodHandle$Holder.invokeStatic(java.lang.Object, java.lang.Object, java.lang.Object, java.lang.Object, java.lang.Object, java.lang.Object, java.lang.Object, java.lang.Object, java.lang.Object, java.lang.Object, java.lang.Object, java.lang.Object, java.lang.Object, java.lang.Object, java.lang.Object, java.lang.Object)'> (0x00000000ec5e7d20) 
thrown [s\src\hotspot\share\interpreter\linkResolver.cpp, lin
Event: 5.760 Thread 0x000001e1ccbf95f0 Exception <a 'java/lang/NoSuchMethodError'{0x00000000ec40faf8}: 'java.lang.Object java.lang.invoke.DirectMethodHandle$Holder.invokeStatic(java.lang.Object, java.lang.Object, java.lang.Object, java.lang.Object, java.lang.Object, java.lang.Object, java.lang.Object, java.lang.Object, java.lang.Object, java.lang.Object, java.lang.Object, java.lang.Object, java.lang.Object, java.lang.Object, java.lang.Object, java.lang.Object, java.lang.Object)'> (0x00000000ec40faf8) 
thrown [s\src\hotspot\share\interpreter\lin
Event: 5.772 Thread 0x000001e1ccbf95f0 Exception <a 'java/lang/NoSuchMethodError'{0x00000000ec438660}: 'java.lang.Object java.lang.invoke.DirectMethodHandle$Holder.invokeStatic(java.lang.Object, java.lang.Object, java.lang.Object, java.lang.Object, java.lang.Object, java.lang.Object, java.lang.Object, java.lang.Object, java.lang.Object, java.lang.Object, java.lang.Object, java.lang.Object, java.lang.Object, java.lang.Object, java.lang.Object, java.lang.Object, java.lang.Object, java.lang.Object)'> (0x00000000ec438660) 
thrown [s\src\hotspot\sha
Event: 5.784 Thread 0x000001e1ccbf95f0 Exception <a 'java/lang/NoSuchMethodError'{0x00000000ec4624d0}: 'java.lang.Object java.lang.invoke.DirectMethodHandle$Holder.invokeStatic(java.lang.Object, java.lang.Object, java.lang.Object, java.lang.Object, java.lang.Object, java.lang.Object, java.lang.Object, java.lang.Object, java.lang.Object, java.lang.Object, java.lang.Object, java.lang.Object, java.lang.Object, java.lang.Object, java.lang.Object, java.lang.Object, java.lang.Object, java.lang.Object, java.lang.Object)'> (0x00000000ec4624d0) 
thrown 
Event: 5.789 Thread 0x000001e1ccbf95f0 Exception <a 'java/lang/NoSuchMethodError'{0x00000000ec48d960}: 'java.lang.Object java.lang.invoke.DirectMethodHandle$Holder.invokeStatic(java.lang.Object, java.lang.Object, java.lang.Object, java.lang.Object, java.lang.Object, java.lang.Object, java.lang.Object, java.lang.Object, java.lang.Object, java.lang.Object, java.lang.Object, java.lang.Object, java.lang.Object, java.lang.Object, java.lang.Object, java.lang.Object, java.lang.Object, java.lang.Object, java.lang.Object, java.lang.Object)'> (0x00000000
Event: 5.794 Thread 0x000001e1ccbf95f0 Exception <a 'java/lang/NoSuchMethodError'{0x00000000ec4b9ca0}: 'java.lang.Object java.lang.invoke.DirectMethodHandle$Holder.invokeStatic(java.lang.Object, java.lang.Object, java.lang.Object, java.lang.Object, java.lang.Object, java.lang.Object, java.lang.Object, java.lang.Object, java.lang.Object, java.lang.Object, java.lang.Object, java.lang.Object, java.lang.Object, java.lang.Object, java.lang.Object, java.lang.Object, java.lang.Object, java.lang.Object, java.lang.Object, java.lang.Object, java.lang.Obj
Event: 5.799 Thread 0x000001e1ccbf95f0 Exception <a 'java/lang/NoSuchMethodError'{0x00000000ec4e6b40}: 'java.lang.Object java.lang.invoke.DirectMethodHandle$Holder.invokeStatic(java.lang.Object, java.lang.Object, java.lang.Object, java.lang.Object, java.lang.Object, java.lang.Object, java.lang.Object, java.lang.Object, java.lang.Object, java.lang.Object, java.lang.Object, java.lang.Object, java.lang.Object, java.lang.Object, java.lang.Object, java.lang.Object, java.lang.Object, java.lang.Object, java.lang.Object, java.lang.Object, java.lang.Obj
Event: 5.805 Thread 0x000001e1ccbf95f0 Exception <a 'java/lang/NoSuchMethodError'{0x00000000ec314d00}: 'java.lang.Object java.lang.invoke.DirectMethodHandle$Holder.invokeStatic(java.lang.Object, java.lang.Object, java.lang.Object, java.lang.Object, java.lang.Object, java.lang.Object, java.lang.Object, java.lang.Object, java.lang.Object, java.lang.Object, java.lang.Object, java.lang.Object, java.lang.Object, java.lang.Object, java.lang.Object, java.lang.Object, java.lang.Object, java.lang.Object, java.lang.Object, java.lang.Object, java.lang.Obj
Event: 5.811 Thread 0x000001e1ccbf95f0 Exception <a 'java/lang/NoSuchMethodError'{0x00000000ec3434a8}: 'java.lang.Object java.lang.invoke.DirectMethodHandle$Holder.invokeStatic(java.lang.Object, java.lang.Object, java.lang.Object, java.lang.Object, java.lang.Object, java.lang.Object, java.lang.Object, java.lang.Object, java.lang.Object, java.lang.Object, java.lang.Object, java.lang.Object, java.lang.Object, java.lang.Object, java.lang.Object, java.lang.Object, java.lang.Object, java.lang.Object, java.lang.Object, java.lang.Object, java.lang.Obj
Event: 5.816 Thread 0x000001e1ccbf95f0 Exception <a 'java/lang/NoSuchMethodError'{0x00000000ec373948}: 'java.lang.Object java.lang.invoke.DirectMethodHandle$Holder.invokeStatic(java.lang.Object, java.lang.Object, java.lang.Object, java.lang.Object, java.lang.Object, java.lang.Object, java.lang.Object, java.lang.Object, java.lang.Object, java.lang.Object, java.lang.Object, java.lang.Object, java.lang.Object, java.lang.Object, java.lang.Object, java.lang.Object, java.lang.Object, java.lang.Object, java.lang.Object, java.lang.Object, java.lang.Obj

VM Operations (20 events):
Event: 3.936 Executing VM operation: HandshakeAllThreads
Event: 3.936 Executing VM operation: HandshakeAllThreads done
Event: 3.936 Executing VM operation: Cleanup
Event: 3.936 Executing VM operation: Cleanup done
Event: 4.453 Executing VM operation: HandshakeAllThreads
Event: 4.453 Executing VM operation: HandshakeAllThreads done
Event: 5.161 Executing VM operation: HandshakeAllThreads
Event: 5.161 Executing VM operation: HandshakeAllThreads done
Event: 5.161 Executing VM operation: Cleanup
Event: 5.162 Executing VM operation: Cleanup done
Event: 5.450 Executing VM operation: HandshakeAllThreads
Event: 5.450 Executing VM operation: HandshakeAllThreads done
Event: 5.670 Executing VM operation: HandshakeAllThreads
Event: 5.670 Executing VM operation: HandshakeAllThreads done
Event: 5.670 Executing VM operation: HandshakeAllThreads
Event: 5.671 Executing VM operation: HandshakeAllThreads done
Event: 5.831 Executing VM operation: HandshakeAllThreads
Event: 5.831 Executing VM operation: HandshakeAllThreads done
Event: 5.832 Executing VM operation: HandshakeAllThreads
Event: 5.832 Executing VM operation: HandshakeAllThreads done

Events (20 events):
Event: 0.093 Thread 0x000001e1c6f421e0 Thread added: 0x000001e1c6f421e0
Event: 0.093 Thread 0x000001e1c6f43870 Thread added: 0x000001e1c6f43870
Event: 0.094 Thread 0x000001e1c6f49160 Thread added: 0x000001e1c6f49160
Event: 0.094 Thread 0x000001e1c6f50790 Thread added: 0x000001e1c6f50790
Event: 0.158 Thread 0x000001e1cb219f70 Thread added: 0x000001e1cb219f70
Event: 0.321 Thread 0x000001e1cb2ca840 Thread added: 0x000001e1cb2ca840
Event: 0.887 Thread 0x000001e1cb480e80 Thread added: 0x000001e1cb480e80
Event: 3.558 Thread 0x000001e1cc7a5060 Thread added: 0x000001e1cc7a5060
Event: 4.155 Thread 0x000001e1cb480e80 Thread exited: 0x000001e1cb480e80
Event: 4.294 Thread 0x000001e1cb480e80 Thread added: 0x000001e1cb480e80
Event: 4.415 Thread 0x000001e1ccd25750 Thread added: 0x000001e1ccd25750
Event: 4.530 Thread 0x000001e1ccd169c0 Thread added: 0x000001e1ccd169c0
Event: 4.535 Thread 0x000001e1ccd17b40 Thread added: 0x000001e1ccd17b40
Event: 4.614 Thread 0x000001e1cce75060 Thread added: 0x000001e1cce75060
Event: 4.660 Thread 0x000001e1ccbf95f0 Thread added: 0x000001e1ccbf95f0
Event: 4.679 Thread 0x000001e1ccbf7b60 Thread added: 0x000001e1ccbf7b60
Event: 4.686 Thread 0x000001e1ccbf80b0 Thread added: 0x000001e1ccbf80b0
Event: 4.693 Thread 0x000001e1ccbf9b40 Thread added: 0x000001e1ccbf9b40
Event: 5.451 Thread 0x000001e1ccbfa090 Thread added: 0x000001e1ccbfa090
Event: 5.487 Thread 0x000001e1ccbf8600 Thread added: 0x000001e1ccbf8600


Dynamic libraries:
0x00007ff64f4d0000 - 0x00007ff64f4dd000 	C:\Users\g3ral\.jdks\corretto-19.0.2\bin\java.exe
0x00007ffb137f0000 - 0x00007ffb13a07000 	C:\WINDOWS\SYSTEM32\ntdll.dll
0x00007ffb12fa0000 - 0x00007ffb13064000 	C:\WINDOWS\System32\KERNEL32.DLL
0x00007ffb10b60000 - 0x00007ffb10f05000 	C:\WINDOWS\System32\KERNELBASE.dll
0x00007ffb10fd0000 - 0x00007ffb110e1000 	C:\WINDOWS\System32\ucrtbase.dll
0x00007ffafd050000 - 0x00007ffafd067000 	C:\Users\g3ral\.jdks\corretto-19.0.2\bin\jli.dll
0x00007ffb133f0000 - 0x00007ffb1359e000 	C:\WINDOWS\System32\USER32.dll
0x00007ffafce10000 - 0x00007ffafce25000 	C:\Users\g3ral\.jdks\corretto-19.0.2\bin\VCRUNTIME140.dll
0x00007ffb113a0000 - 0x00007ffb113c6000 	C:\WINDOWS\System32\win32u.dll
0x00007ffb12d90000 - 0x00007ffb12db9000 	C:\WINDOWS\System32\GDI32.dll
0x00007ffb111e0000 - 0x00007ffb112f9000 	C:\WINDOWS\System32\gdi32full.dll
0x00007ffb11300000 - 0x00007ffb1139a000 	C:\WINDOWS\System32\msvcp_win.dll
0x00007ffaf34f0000 - 0x00007ffaf3783000 	C:\WINDOWS\WinSxS\amd64_microsoft.windows.common-controls_6595b64144ccf1df_6.0.22621.2506_none_270c5ae97388e100\COMCTL32.dll
0x00007ffb12ef0000 - 0x00007ffb12f97000 	C:\WINDOWS\System32\msvcrt.dll
0x00007ffb11540000 - 0x00007ffb11571000 	C:\WINDOWS\System32\IMM32.DLL
0x00007ffad5930000 - 0x00007ffad59cb000 	C:\Users\g3ral\.jdks\corretto-19.0.2\bin\msvcp140.dll
0x00007ffa42660000 - 0x00007ffa43339000 	C:\Users\g3ral\.jdks\corretto-19.0.2\bin\server\jvm.dll
0x00007ffb12050000 - 0x00007ffb12101000 	C:\WINDOWS\System32\ADVAPI32.dll
0x00007ffb13160000 - 0x00007ffb13206000 	C:\WINDOWS\System32\sechost.dll
0x00007ffb11f30000 - 0x00007ffb12047000 	C:\WINDOWS\System32\RPCRT4.dll
0x00007ffb0de40000 - 0x00007ffb0de49000 	C:\WINDOWS\SYSTEM32\WSOCK32.dll
0x00007ffb12e70000 - 0x00007ffb12ee1000 	C:\WINDOWS\System32\WS2_32.dll
0x00007ffb091d0000 - 0x00007ffb09204000 	C:\WINDOWS\SYSTEM32\WINMM.dll
0x00007ffb05b70000 - 0x00007ffb05b7a000 	C:\WINDOWS\SYSTEM32\VERSION.dll
0x00007ffb0fb00000 - 0x00007ffb0fb18000 	C:\WINDOWS\SYSTEM32\kernel.appcore.dll
0x00007ffafdac0000 - 0x00007ffafdaca000 	C:\Users\g3ral\.jdks\corretto-19.0.2\bin\jimage.dll
0x00007ffb0c020000 - 0x00007ffb0c253000 	C:\WINDOWS\SYSTEM32\DBGHELP.DLL
0x00007ffb11610000 - 0x00007ffb11999000 	C:\WINDOWS\System32\combase.dll
0x00007ffb12cb0000 - 0x00007ffb12d87000 	C:\WINDOWS\System32\OLEAUT32.dll
0x00007ffae8070000 - 0x00007ffae80a2000 	C:\WINDOWS\SYSTEM32\dbgcore.DLL
0x00007ffb11160000 - 0x00007ffb111da000 	C:\WINDOWS\System32\bcryptPrimitives.dll
0x00007ffafcf30000 - 0x00007ffafcf3e000 	C:\Users\g3ral\.jdks\corretto-19.0.2\bin\instrument.dll
0x00007ffafc710000 - 0x00007ffafc736000 	C:\Users\g3ral\.jdks\corretto-19.0.2\bin\java.dll
0x00007ffad0eb0000 - 0x00007ffad0f86000 	C:\Users\g3ral\.jdks\corretto-19.0.2\bin\jsvml.dll
0x00007ffb12420000 - 0x00007ffb12c79000 	C:\WINDOWS\System32\SHELL32.dll
0x00007ffb0ea80000 - 0x00007ffb0f374000 	C:\WINDOWS\SYSTEM32\windows.storage.dll
0x00007ffb0e940000 - 0x00007ffb0ea7e000 	C:\WINDOWS\SYSTEM32\wintypes.dll
0x00007ffb13210000 - 0x00007ffb13303000 	C:\WINDOWS\System32\SHCORE.dll
0x00007ffb13390000 - 0x00007ffb133ee000 	C:\WINDOWS\System32\shlwapi.dll
0x00007ffb10a90000 - 0x00007ffb10ab6000 	C:\WINDOWS\SYSTEM32\profapi.dll
0x00007ffaf5090000 - 0x00007ffaf50a8000 	C:\Users\g3ral\.jdks\corretto-19.0.2\bin\zip.dll
0x00007ffafbbc0000 - 0x00007ffafbbd3000 	C:\Users\g3ral\.jdks\corretto-19.0.2\bin\net.dll
0x00007ffb0a400000 - 0x00007ffb0a537000 	C:\WINDOWS\SYSTEM32\WINHTTP.dll
0x00007ffb0ffe0000 - 0x00007ffb10049000 	C:\WINDOWS\system32\mswsock.dll
0x00007ffafa410000 - 0x00007ffafa425000 	C:\Users\g3ral\.jdks\corretto-19.0.2\bin\nio.dll
0x00007ffafd1b0000 - 0x00007ffafd1c0000 	C:\Users\g3ral\.jdks\corretto-19.0.2\bin\verify.dll
0x00007ffaeb420000 - 0x00007ffaeb447000 	C:\Users\g3ral\.gradle\native\68d5fa5c4cc2d200863cafc0d521ce42e7d3e7ee720ec0a83991735586a16f82\windows-amd64\native-platform.dll
0x00007ffacbcc0000 - 0x00007ffacbe04000 	C:\Users\g3ral\.gradle\native\e376f236ea51e6404a007f0833ffe2c6e607c4080706a723a18a27aeea778392\windows-amd64\native-platform-file-events.dll
0x00007ffafc2b0000 - 0x00007ffafc2b9000 	C:\Users\g3ral\.jdks\corretto-19.0.2\bin\management.dll
0x00007ffafbbb0000 - 0x00007ffafbbbb000 	C:\Users\g3ral\.jdks\corretto-19.0.2\bin\management_ext.dll
0x00007ffb135b0000 - 0x00007ffb135b8000 	C:\WINDOWS\System32\PSAPI.DLL
0x00007ffb10230000 - 0x00007ffb1024b000 	C:\WINDOWS\SYSTEM32\CRYPTSP.dll
0x00007ffb0fac0000 - 0x00007ffb0faf5000 	C:\WINDOWS\system32\rsaenh.dll
0x00007ffb100d0000 - 0x00007ffb100fc000 	C:\WINDOWS\SYSTEM32\USERENV.dll
0x00007ffb10420000 - 0x00007ffb10448000 	C:\WINDOWS\SYSTEM32\bcrypt.dll
0x00007ffb10250000 - 0x00007ffb1025c000 	C:\WINDOWS\SYSTEM32\CRYPTBASE.dll
0x00007ffb0f5e0000 - 0x00007ffb0f60d000 	C:\WINDOWS\SYSTEM32\IPHLPAPI.DLL
0x00007ffb12ca0000 - 0x00007ffb12ca9000 	C:\WINDOWS\System32\NSI.dll
0x00007ffb09a10000 - 0x00007ffb09a29000 	C:\WINDOWS\SYSTEM32\dhcpcsvc6.DLL
0x00007ffb099f0000 - 0x00007ffb09a0f000 	C:\WINDOWS\SYSTEM32\dhcpcsvc.DLL
0x00007ffb0f610000 - 0x00007ffb0f709000 	C:\WINDOWS\SYSTEM32\DNSAPI.dll
0x00007ffafd780000 - 0x00007ffafd788000 	C:\Users\g3ral\.jdks\corretto-19.0.2\bin\extnet.dll
0x00007ffafa400000 - 0x00007ffafa40e000 	C:\Users\g3ral\.jdks\corretto-19.0.2\bin\sunmscapi.dll
0x00007ffb113d0000 - 0x00007ffb11536000 	C:\WINDOWS\System32\CRYPT32.dll
0x00007ffb103f0000 - 0x00007ffb1041d000 	C:\WINDOWS\SYSTEM32\ncrypt.dll
0x00007ffb103b0000 - 0x00007ffb103e7000 	C:\WINDOWS\SYSTEM32\NTASN1.dll
0x00007ffb09cf0000 - 0x00007ffb09cf8000 	C:\WINDOWS\system32\wshunix.dll

dbghelp: loaded successfully - version: 4.0.5 - missing functions: none
symbol engine: initialized successfully - sym options: 0x614 - pdb path: .;C:\Users\g3ral\.jdks\corretto-19.0.2\bin;C:\WINDOWS\SYSTEM32;C:\WINDOWS\WinSxS\amd64_microsoft.windows.common-controls_6595b64144ccf1df_6.0.22621.2506_none_270c5ae97388e100;C:\Users\g3ral\.jdks\corretto-19.0.2\bin\server;C:\Users\g3ral\.gradle\native\68d5fa5c4cc2d200863cafc0d521ce42e7d3e7ee720ec0a83991735586a16f82\windows-amd64;C:\Users\g3ral\.gradle\native\e376f236ea51e6404a007f0833ffe2c6e607c4080706a723a18a27aeea778392\windows-amd64

VM Arguments:
jvm_args: --add-opens=java.base/java.util=ALL-UNNAMED --add-opens=java.base/java.lang=ALL-UNNAMED --add-opens=java.base/java.lang.invoke=ALL-UNNAMED --add-opens=java.prefs/java.util.prefs=ALL-UNNAMED --add-opens=java.base/java.nio.charset=ALL-UNNAMED --add-opens=java.base/java.net=ALL-UNNAMED --add-opens=java.base/java.util.concurrent.atomic=ALL-UNNAMED -XX:MaxMetaspaceSize=384m -XX:+HeapDumpOnOutOfMemoryError -Xms256m -Xmx512m -Dfile.encoding=windows-1252 -Duser.country=PT -Duser.language=pt -Duser.variant -javaagent:C:\Users\g3ral\.gradle\wrapper\dists\gradle-8.2-bin\bbg7u40eoinfdyxsxr3z4i7ta\gradle-8.2\lib\agents\gradle-instrumentation-agent-8.2.jar 
java_command: org.gradle.launcher.daemon.bootstrap.GradleDaemon 8.2
java_class_path (initial): C:\Users\g3ral\.gradle\wrapper\dists\gradle-8.2-bin\bbg7u40eoinfdyxsxr3z4i7ta\gradle-8.2\lib\gradle-launcher-8.2.jar
Launcher Type: SUN_STANDARD

[Global flags]
     intx CICompilerCount                          = 4                                         {product} {ergonomic}
   size_t CompressedClassSpaceSize                 = 322961408                                 {product} {ergonomic}
     uint ConcGCThreads                            = 2                                         {product} {ergonomic}
     uint G1ConcRefinementThreads                  = 8                                         {product} {ergonomic}
   size_t G1HeapRegionSize                         = 1048576                                   {product} {ergonomic}
    uintx GCDrainStackTargetSize                   = 64                                        {product} {ergonomic}
     bool HeapDumpOnOutOfMemoryError               = true                                   {manageable} {command line}
   size_t InitialHeapSize                          = 268435456                                 {product} {command line}
   size_t MarkStackSize                            = 4194304                                   {product} {ergonomic}
   size_t MaxHeapSize                              = 536870912                                 {product} {command line}
   size_t MaxMetaspaceSize                         = 402653184                                 {product} {command line}
   size_t MaxNewSize                               = 321912832                                 {product} {ergonomic}
   size_t MinHeapDeltaBytes                        = 1048576                                   {product} {ergonomic}
   size_t MinHeapSize                              = 268435456                                 {product} {command line}
    uintx NonNMethodCodeHeapSize                   = 5839372                                {pd product} {ergonomic}
    uintx NonProfiledCodeHeapSize                  = 122909434                              {pd product} {ergonomic}
    uintx ProfiledCodeHeapSize                     = 122909434                              {pd product} {ergonomic}
    uintx ReservedCodeCacheSize                    = 251658240                              {pd product} {ergonomic}
     bool SegmentedCodeCache                       = true                                      {product} {ergonomic}
   size_t SoftMaxHeapSize                          = 536870912                              {manageable} {ergonomic}
     bool UseCompressedClassPointers               = true                           {product lp64_product} {ergonomic}
     bool UseCompressedOops                        = true                           {product lp64_product} {ergonomic}
     bool UseG1GC                                  = true                                      {product} {ergonomic}
     bool UseLargePagesIndividualAllocation        = false                                  {pd product} {ergonomic}

Logging:
Log output configuration:
 #0: stdout all=warning uptime,level,tags foldmultilines=false
 #1: stderr all=off uptime,level,tags foldmultilines=false

Environment Variables:
PATH=C:\Program Files (x86)\Common Files\Oracle\Java\javapath;C:\WINDOWS\system32;C:\WINDOWS;C:\WINDOWS\System32\Wbem;C:\WINDOWS\System32\WindowsPowerShell\v1.0\;C:\WINDOWS\System32\OpenSSH\;C:\Program Files\dotnet;C:\Program Files\Git\cmd;C:\Users\g3ral\AppData\Local\Programs\Python\Python311\Scripts\;C:\Users\g3ral\AppData\Local\Programs\Python\Python311\;C:\Users\g3ral\AppData\Local\Microsoft\WindowsApps;C:\Users\g3ral\AppData\Local\Programs\Microsoft VS Code\bin;C:\MinGW\bin;C:\Program Files\JetBrains\CLion 2023.2.2\bin;
USERNAME=g3ral
OS=Windows_NT
PROCESSOR_IDENTIFIER=Intel64 Family 6 Model 126 Stepping 5, GenuineIntel
TMP=C:\Users\g3ral\AppData\Local\Temp
TEMP=C:\Users\g3ral\AppData\Local\Temp



---------------  S Y S T E M  ---------------

OS:
 Windows 11 , 64 bit Build 22621 (10.0.22621.2506)
OS uptime: 9 days 1:54 hours

CPU: total 8 (initial active 8) (4 cores per cpu, 2 threads per core) family 6 model 126 stepping 5 microcode 0xb0, cx8, cmov, fxsr, ht, mmx, 3dnowpref, sse, sse2, sse3, ssse3, sse4.1, sse4.2, popcnt, lzcnt, tsc, tscinvbit, avx, avx2, aes, erms, clmul, bmi1, bmi2, adx, avx512f, avx512dq, avx512cd, avx512bw, avx512vl, sha, fma, vzeroupper, avx512_vpopcntdq, avx512_vpclmulqdq, avx512_vaes, avx512_vnni, clflush, clflushopt, avx512_vbmi2, avx512_vbmi, rdtscp, rdpid, fsrm, gfni, avx512_bitalg

Memory: 4k page, system-wide physical 7778M (379M free)
TotalPageFile size 22866M (AvailPageFile size 1M)
current process WorkingSet (physical memory assigned to process): 166M, peak: 166M
current process commit charge ("private bytes"): 395M, peak: 396M

vm_info: OpenJDK 64-Bit Server VM (19.0.2+7-FR) for windows-amd64 JRE (19.0.2+7-FR), built on Jan 13 2023 22:53:32 by "Administrator" with MS VC++ 15.9 (VS2017)

END.
