#
# There is insufficient memory for the Java Runtime Environment to continue.
# Native memory allocation (malloc) failed to allocate 635904 bytes for Chunk::new
# Possible reasons:
#   The system is out of physical RAM or swap space
#   The process is running with CompressedOops enabled, and the Java Heap may be blocking the growth of the native heap
# Possible solutions:
#   Reduce memory load on the system
#   Increase physical memory or swap space
#   Check if swap backing store is full
#   Decrease Java heap size (-Xmx/-Xms)
#   Decrease number of Java threads
#   Decrease Java thread stack sizes (-Xss)
#   Set larger code cache with -XX:ReservedCodeCacheSize=
#   JVM is running with Unscaled Compressed Oops mode in which the Java heap is
#     placed in the first 4GB address space. The Java Heap base address is the
#     maximum limit for the native heap growth. Please use -XX:HeapBaseMinAddress
#     to set the Java Heap base and to place the Java Heap above 4GB virtual address.
# This output file may be truncated or incomplete.
#
#  Out of Memory Error (arena.cpp:184), pid=21412, tid=30680
#
# JRE version: OpenJDK Runtime Environment Corretto-19.0.2.7.1 (19.0.2+7) (build 19.0.2+7-FR)
# Java VM: OpenJDK 64-Bit Server VM Corretto-19.0.2.7.1 (19.0.2+7-FR, mixed mode, sharing, tiered, compressed oops, compressed class ptrs, g1 gc, windows-amd64)
# No core dump will be written. Minidumps are not enabled by default on client versions of Windows
#

---------------  S U M M A R Y ------------

Command Line: --add-opens=java.base/java.util=ALL-UNNAMED --add-opens=java.base/java.lang=ALL-UNNAMED --add-opens=java.base/java.lang.invoke=ALL-UNNAMED --add-opens=java.prefs/java.util.prefs=ALL-UNNAMED --add-opens=java.base/java.nio.charset=ALL-UNNAMED --add-opens=java.base/java.net=ALL-UNNAMED --add-opens=java.base/java.util.concurrent.atomic=ALL-UNNAMED -XX:MaxMetaspaceSize=384m -XX:+HeapDumpOnOutOfMemoryError -Xms256m -Xmx512m -Dfile.encoding=windows-1252 -Duser.country=PT -Duser.language=pt -Duser.variant -javaagent:C:\Users\g3ral\.gradle\wrapper\dists\gradle-8.2-bin\bbg7u40eoinfdyxsxr3z4i7ta\gradle-8.2\lib\agents\gradle-instrumentation-agent-8.2.jar org.gradle.launcher.daemon.bootstrap.GradleDaemon 8.2

Host: Intel(R) Core(TM) i5-1035G4 CPU @ 1.10GHz, 8 cores, 7G,  Windows 11 , 64 bit Build 22621 (10.0.22621.2506)
Time: Mon Dec  4 17:36:00 2023 Hora padrão de GMT elapsed time: 7.314963 seconds (0d 0h 0m 7s)

---------------  T H R E A D  ---------------

Current thread (0x0000023ab9ce1ec0):  JavaThread "C2 CompilerThread0" daemon [_thread_in_native, id=30680, stack(0x0000009d47f00000,0x0000009d48000000)]


Current CompileTask:
C2:   7315 2428       4       jdk.internal.org.objectweb.asm.Frame::execute (2305 bytes)

Stack: [0x0000009d47f00000,0x0000009d48000000]
Native frames: (J=compiled Java code, j=interpreted, Vv=VM code, C=native code)
V  [jvm.dll+0x6d034a]
V  [jvm.dll+0x880f10]
V  [jvm.dll+0x88289e]
V  [jvm.dll+0x882f43]
V  [jvm.dll+0x27b4bb]
V  [jvm.dll+0xdd792]
V  [jvm.dll+0xddb25]
V  [jvm.dll+0x3b4a5b]
V  [jvm.dll+0x37c86a]
V  [jvm.dll+0x37bc5a]
V  [jvm.dll+0x2470ef]
V  [jvm.dll+0x2465a7]
V  [jvm.dll+0x1d4bb7]
V  [jvm.dll+0x25558a]
V  [jvm.dll+0x2538d7]
V  [jvm.dll+0x8342bd]
V  [jvm.dll+0x82e2fa]
V  [jvm.dll+0x6cf0d3]
C  [ucrtbase.dll+0x29363]
C  [KERNEL32.DLL+0x1257d]
C  [ntdll.dll+0x5aa58]


---------------  P R O C E S S  ---------------

Threads class SMR info:
_java_thread_list=0x0000023abed27d80, length=24, elements={
0x0000023a9ea45620, 0x0000023ab9cd9110, 0x0000023ab9cda0a0, 0x0000023ab9cdbf90,
0x0000023ab9cddd20, 0x0000023ab9ce0750, 0x0000023ab9ce1170, 0x0000023ab9ce1ec0,
0x0000023ab9ce36d0, 0x0000023abe058770, 0x0000023ab9ca9230, 0x0000023abe28a960,
0x0000023abec96080, 0x0000023abf6f87e0, 0x0000023abf43ec20, 0x0000023abfafcf00,
0x0000023abf5a0790, 0x0000023abfbb79d0, 0x0000023abfbb7f10, 0x0000023abf9fe8e0,
0x0000023abfa01e00, 0x0000023abf9ffe20, 0x0000023abfa018b0, 0x0000023abf9ff8d0
}

Java Threads: ( => current thread )
  0x0000023a9ea45620 JavaThread "main" [_thread_blocked, id=740, stack(0x0000009d47200000,0x0000009d47300000)]
  0x0000023ab9cd9110 JavaThread "Reference Handler" daemon [_thread_blocked, id=23188, stack(0x0000009d47900000,0x0000009d47a00000)]
  0x0000023ab9cda0a0 JavaThread "Finalizer" daemon [_thread_blocked, id=30864, stack(0x0000009d47a00000,0x0000009d47b00000)]
  0x0000023ab9cdbf90 JavaThread "Signal Dispatcher" daemon [_thread_blocked, id=21424, stack(0x0000009d47b00000,0x0000009d47c00000)]
  0x0000023ab9cddd20 JavaThread "Attach Listener" daemon [_thread_blocked, id=15864, stack(0x0000009d47c00000,0x0000009d47d00000)]
  0x0000023ab9ce0750 JavaThread "Service Thread" daemon [_thread_blocked, id=26856, stack(0x0000009d47d00000,0x0000009d47e00000)]
  0x0000023ab9ce1170 JavaThread "Monitor Deflation Thread" daemon [_thread_blocked, id=5864, stack(0x0000009d47e00000,0x0000009d47f00000)]
=>0x0000023ab9ce1ec0 JavaThread "C2 CompilerThread0" daemon [_thread_in_native, id=30680, stack(0x0000009d47f00000,0x0000009d48000000)]
  0x0000023ab9ce36d0 JavaThread "C1 CompilerThread0" daemon [_thread_blocked, id=21400, stack(0x0000009d48000000,0x0000009d48100000)]
  0x0000023abe058770 JavaThread "Sweeper thread" daemon [_thread_blocked, id=18224, stack(0x0000009d48100000,0x0000009d48200000)]
  0x0000023ab9ca9230 JavaThread "Common-Cleaner" daemon [_thread_blocked, id=17236, stack(0x0000009d48200000,0x0000009d48300000)]
  0x0000023abe28a960 JavaThread "Notification Thread" daemon [_thread_blocked, id=17096, stack(0x0000009d48300000,0x0000009d48400000)]
  0x0000023abec96080 JavaThread "Daemon health stats" [_thread_blocked, id=28588, stack(0x0000009d48b00000,0x0000009d48c00000)]
  0x0000023abf6f87e0 JavaThread "Incoming local TCP Connector on port 55567" [_thread_in_native, id=30200, stack(0x0000009d48500000,0x0000009d48600000)]
  0x0000023abf43ec20 JavaThread "Daemon periodic checks" [_thread_blocked, id=17448, stack(0x0000009d48c00000,0x0000009d48d00000)]
  0x0000023abfafcf00 JavaThread "Daemon" [_thread_blocked, id=12516, stack(0x0000009d48e00000,0x0000009d48f00000)]
  0x0000023abf5a0790 JavaThread "Handler for socket connection from /127.0.0.1:55567 to /127.0.0.1:55568" [_thread_in_native, id=21872, stack(0x0000009d48f00000,0x0000009d49000000)]
  0x0000023abfbb79d0 JavaThread "Cancel handler" [_thread_blocked, id=21292, stack(0x0000009d49000000,0x0000009d49100000)]
  0x0000023abfbb7f10 JavaThread "Daemon worker" [_thread_in_vm, id=29980, stack(0x0000009d49100000,0x0000009d49200000)]
  0x0000023abf9fe8e0 JavaThread "Asynchronous log dispatcher for DefaultDaemonConnection: socket connection from /127.0.0.1:55567 to /127.0.0.1:55568" [_thread_blocked, id=10860, stack(0x0000009d49200000,0x0000009d49300000)]
  0x0000023abfa01e00 JavaThread "Stdin handler" [_thread_blocked, id=5944, stack(0x0000009d49300000,0x0000009d49400000)]
  0x0000023abf9ffe20 JavaThread "Daemon client event forwarder" [_thread_blocked, id=28824, stack(0x0000009d48d00000,0x0000009d48e00000)]
  0x0000023abfa018b0 JavaThread "Cache worker for journal cache (C:\Users\g3ral\.gradle\caches\journal-1)" [_thread_blocked, id=3392, stack(0x0000009d49400000,0x0000009d49500000)]
  0x0000023abf9ff8d0 JavaThread "File lock request listener" [_thread_in_native, id=15244, stack(0x0000009d49500000,0x0000009d49600000)]

Other Threads:
  0x0000023ab9cbf050 VMThread "VM Thread" [stack: 0x0000009d47800000,0x0000009d47900000] [id=23640]
  0x0000023a9ea46500 WatcherThread "VM Periodic Task Thread" [stack: 0x0000009d48400000,0x0000009d48500000] [id=25620]
  0x0000023a9ea79020 WorkerThread "GC Thread#0" [stack: 0x0000009d47300000,0x0000009d47400000] [id=9524]
  0x0000023abeafb170 WorkerThread "GC Thread#1" [stack: 0x0000009d48600000,0x0000009d48700000] [id=23956]
  0x0000023abeb64ba0 WorkerThread "GC Thread#2" [stack: 0x0000009d48700000,0x0000009d48800000] [id=21000]
  0x0000023abeafcaf0 WorkerThread "GC Thread#3" [stack: 0x0000009d48800000,0x0000009d48900000] [id=19628]
  0x0000023abec77590 WorkerThread "GC Thread#4" [stack: 0x0000009d48900000,0x0000009d48a00000] [id=9776]
  0x0000023abec76780 WorkerThread "GC Thread#5" [stack: 0x0000009d48a00000,0x0000009d48b00000] [id=3956]
  0x0000023a9ea7df80 ConcurrentGCThread "G1 Main Marker" [stack: 0x0000009d47400000,0x0000009d47500000] [id=5280]
  0x0000023a9ea7e9b0 WorkerThread "G1 Conc#0" [stack: 0x0000009d47500000,0x0000009d47600000] [id=26412]
  0x0000023a9eb0e980 ConcurrentGCThread "G1 Refine#0" [stack: 0x0000009d47600000,0x0000009d47700000] [id=25316]
  0x0000023ab9b818a0 ConcurrentGCThread "G1 Service" [stack: 0x0000009d47700000,0x0000009d47800000] [id=9408]

Threads with active compile tasks:
C2 CompilerThread0     7385 2428       4       jdk.internal.org.objectweb.asm.Frame::execute (2305 bytes)

VM state: not at safepoint (normal execution)

VM Mutex/Monitor currently owned by a thread: None

Heap address: 0x00000000e0000000, size: 512 MB, Compressed Oops mode: 32-bit

CDS archive(s) mapped at: [0x0000000800000000-0x0000000800c40000-0x0000000800c40000), size 12845056, SharedBaseAddress: 0x0000000800000000, ArchiveRelocationMode: 0.
Compressed class space mapped at: 0x0000000801000000-0x0000000814400000, reserved size: 322961408
Narrow klass base: 0x0000000800000000, Narrow klass shift: 0, Narrow klass range: 0x100000000

GC Precious Log:
 CardTable entry size: 512
 Card Set container configuration: InlinePtr #cards 5 size 8 Array Of Cards #cards 12 size 40 Howl #buckets 4 coarsen threshold 1843 Howl Bitmap #cards 512 size 80 coarsen threshold 460 Card regions per heap region 1 cards per card region 2048
 CPUs: 8 total, 8 available
 Memory: 7778M
 Large Page Support: Disabled
 NUMA Support: Disabled
 Compressed Oops: Enabled (32-bit)
 Heap Region Size: 1M
 Heap Min Capacity: 256M
 Heap Initial Capacity: 256M
 Heap Max Capacity: 512M
 Pre-touch: Disabled
 Parallel Workers: 8
 Concurrent Workers: 2
 Concurrent Refinement Workers: 8
 Periodic GC: Disabled

Heap:
 garbage-first heap   total 262144K, used 69230K [0x00000000e0000000, 0x0000000100000000)
  region size 1024K, 58 young (59392K), 3 survivors (3072K)
 Metaspace       used 14552K, committed 14976K, reserved 380928K
  class space    used 1947K, committed 2176K, reserved 315392K

Heap Regions: E=young(eden), S=young(survivor), O=old, HS=humongous(starts), HC=humongous(continues), CS=collection set, F=free, OA=open archive, CA=closed archive, TAMS=top-at-mark-start (previous, next)
|   0|0x00000000e0000000, 0x00000000e0100000, 0x00000000e0100000|100%|HS|  |TAMS 0x00000000e0000000, 0x00000000e0000000| Complete 
|   1|0x00000000e0100000, 0x00000000e0200000, 0x00000000e0200000|100%|HC|  |TAMS 0x00000000e0100000, 0x00000000e0100000| Complete 
|   2|0x00000000e0200000, 0x00000000e0300000, 0x00000000e0300000|100%|HC|  |TAMS 0x00000000e0200000, 0x00000000e0200000| Complete 
|   3|0x00000000e0300000, 0x00000000e0400000, 0x00000000e0400000|100%|HC|  |TAMS 0x00000000e0300000, 0x00000000e0300000| Complete 
|   4|0x00000000e0400000, 0x00000000e0500000, 0x00000000e0500000|100%| O|  |TAMS 0x00000000e0400000, 0x00000000e0400000| Untracked 
|   5|0x00000000e0500000, 0x00000000e0600000, 0x00000000e0600000|100%| O|  |TAMS 0x00000000e0500000, 0x00000000e0500000| Untracked 
|   6|0x00000000e0600000, 0x00000000e0700000, 0x00000000e0700000|100%| O|  |TAMS 0x00000000e0600000, 0x00000000e0600000| Untracked 
|   7|0x00000000e0700000, 0x00000000e0800000, 0x00000000e0800000|100%| O|  |TAMS 0x00000000e0700000, 0x00000000e0700000| Untracked 
|   8|0x00000000e0800000, 0x00000000e0800000, 0x00000000e0900000|  0%| F|  |TAMS 0x00000000e0800000, 0x00000000e0800000| Untracked 
|   9|0x00000000e0900000, 0x00000000e0a00000, 0x00000000e0a00000|100%| O|  |TAMS 0x00000000e0900000, 0x00000000e0900000| Untracked 
|  10|0x00000000e0a00000, 0x00000000e0b00000, 0x00000000e0b00000|100%| O|  |TAMS 0x00000000e0a00000, 0x00000000e0a00000| Untracked 
|  11|0x00000000e0b00000, 0x00000000e0b9ba00, 0x00000000e0c00000| 60%| O|  |TAMS 0x00000000e0b00000, 0x00000000e0b00000| Untracked 
|  12|0x00000000e0c00000, 0x00000000e0c00000, 0x00000000e0d00000|  0%| F|  |TAMS 0x00000000e0c00000, 0x00000000e0c00000| Untracked 
|  13|0x00000000e0d00000, 0x00000000e0d00000, 0x00000000e0e00000|  0%| F|  |TAMS 0x00000000e0d00000, 0x00000000e0d00000| Untracked 
|  14|0x00000000e0e00000, 0x00000000e0e00000, 0x00000000e0f00000|  0%| F|  |TAMS 0x00000000e0e00000, 0x00000000e0e00000| Untracked 
|  15|0x00000000e0f00000, 0x00000000e0f00000, 0x00000000e1000000|  0%| F|  |TAMS 0x00000000e0f00000, 0x00000000e0f00000| Untracked 
|  16|0x00000000e1000000, 0x00000000e1000000, 0x00000000e1100000|  0%| F|  |TAMS 0x00000000e1000000, 0x00000000e1000000| Untracked 
|  17|0x00000000e1100000, 0x00000000e1100000, 0x00000000e1200000|  0%| F|  |TAMS 0x00000000e1100000, 0x00000000e1100000| Untracked 
|  18|0x00000000e1200000, 0x00000000e1200000, 0x00000000e1300000|  0%| F|  |TAMS 0x00000000e1200000, 0x00000000e1200000| Untracked 
|  19|0x00000000e1300000, 0x00000000e1300000, 0x00000000e1400000|  0%| F|  |TAMS 0x00000000e1300000, 0x00000000e1300000| Untracked 
|  20|0x00000000e1400000, 0x00000000e1400000, 0x00000000e1500000|  0%| F|  |TAMS 0x00000000e1400000, 0x00000000e1400000| Untracked 
|  21|0x00000000e1500000, 0x00000000e1500000, 0x00000000e1600000|  0%| F|  |TAMS 0x00000000e1500000, 0x00000000e1500000| Untracked 
|  22|0x00000000e1600000, 0x00000000e1600000, 0x00000000e1700000|  0%| F|  |TAMS 0x00000000e1600000, 0x00000000e1600000| Untracked 
|  23|0x00000000e1700000, 0x00000000e1700000, 0x00000000e1800000|  0%| F|  |TAMS 0x00000000e1700000, 0x00000000e1700000| Untracked 
|  24|0x00000000e1800000, 0x00000000e1800000, 0x00000000e1900000|  0%| F|  |TAMS 0x00000000e1800000, 0x00000000e1800000| Untracked 
|  25|0x00000000e1900000, 0x00000000e1900000, 0x00000000e1a00000|  0%| F|  |TAMS 0x00000000e1900000, 0x00000000e1900000| Untracked 
|  26|0x00000000e1a00000, 0x00000000e1a00000, 0x00000000e1b00000|  0%| F|  |TAMS 0x00000000e1a00000, 0x00000000e1a00000| Untracked 
|  27|0x00000000e1b00000, 0x00000000e1b00000, 0x00000000e1c00000|  0%| F|  |TAMS 0x00000000e1b00000, 0x00000000e1b00000| Untracked 
|  28|0x00000000e1c00000, 0x00000000e1c00000, 0x00000000e1d00000|  0%| F|  |TAMS 0x00000000e1c00000, 0x00000000e1c00000| Untracked 
|  29|0x00000000e1d00000, 0x00000000e1d00000, 0x00000000e1e00000|  0%| F|  |TAMS 0x00000000e1d00000, 0x00000000e1d00000| Untracked 
|  30|0x00000000e1e00000, 0x00000000e1e00000, 0x00000000e1f00000|  0%| F|  |TAMS 0x00000000e1e00000, 0x00000000e1e00000| Untracked 
|  31|0x00000000e1f00000, 0x00000000e1f00000, 0x00000000e2000000|  0%| F|  |TAMS 0x00000000e1f00000, 0x00000000e1f00000| Untracked 
|  32|0x00000000e2000000, 0x00000000e2000000, 0x00000000e2100000|  0%| F|  |TAMS 0x00000000e2000000, 0x00000000e2000000| Untracked 
|  33|0x00000000e2100000, 0x00000000e2100000, 0x00000000e2200000|  0%| F|  |TAMS 0x00000000e2100000, 0x00000000e2100000| Untracked 
|  34|0x00000000e2200000, 0x00000000e2200000, 0x00000000e2300000|  0%| F|  |TAMS 0x00000000e2200000, 0x00000000e2200000| Untracked 
|  35|0x00000000e2300000, 0x00000000e2300000, 0x00000000e2400000|  0%| F|  |TAMS 0x00000000e2300000, 0x00000000e2300000| Untracked 
|  36|0x00000000e2400000, 0x00000000e2400000, 0x00000000e2500000|  0%| F|  |TAMS 0x00000000e2400000, 0x00000000e2400000| Untracked 
|  37|0x00000000e2500000, 0x00000000e2500000, 0x00000000e2600000|  0%| F|  |TAMS 0x00000000e2500000, 0x00000000e2500000| Untracked 
|  38|0x00000000e2600000, 0x00000000e2600000, 0x00000000e2700000|  0%| F|  |TAMS 0x00000000e2600000, 0x00000000e2600000| Untracked 
|  39|0x00000000e2700000, 0x00000000e2700000, 0x00000000e2800000|  0%| F|  |TAMS 0x00000000e2700000, 0x00000000e2700000| Untracked 
|  40|0x00000000e2800000, 0x00000000e2800000, 0x00000000e2900000|  0%| F|  |TAMS 0x00000000e2800000, 0x00000000e2800000| Untracked 
|  41|0x00000000e2900000, 0x00000000e2900000, 0x00000000e2a00000|  0%| F|  |TAMS 0x00000000e2900000, 0x00000000e2900000| Untracked 
|  42|0x00000000e2a00000, 0x00000000e2a00000, 0x00000000e2b00000|  0%| F|  |TAMS 0x00000000e2a00000, 0x00000000e2a00000| Untracked 
|  43|0x00000000e2b00000, 0x00000000e2b00000, 0x00000000e2c00000|  0%| F|  |TAMS 0x00000000e2b00000, 0x00000000e2b00000| Untracked 
|  44|0x00000000e2c00000, 0x00000000e2c00000, 0x00000000e2d00000|  0%| F|  |TAMS 0x00000000e2c00000, 0x00000000e2c00000| Untracked 
|  45|0x00000000e2d00000, 0x00000000e2d00000, 0x00000000e2e00000|  0%| F|  |TAMS 0x00000000e2d00000, 0x00000000e2d00000| Untracked 
|  46|0x00000000e2e00000, 0x00000000e2e00000, 0x00000000e2f00000|  0%| F|  |TAMS 0x00000000e2e00000, 0x00000000e2e00000| Untracked 
|  47|0x00000000e2f00000, 0x00000000e2f00000, 0x00000000e3000000|  0%| F|  |TAMS 0x00000000e2f00000, 0x00000000e2f00000| Untracked 
|  48|0x00000000e3000000, 0x00000000e3000000, 0x00000000e3100000|  0%| F|  |TAMS 0x00000000e3000000, 0x00000000e3000000| Untracked 
|  49|0x00000000e3100000, 0x00000000e3100000, 0x00000000e3200000|  0%| F|  |TAMS 0x00000000e3100000, 0x00000000e3100000| Untracked 
|  50|0x00000000e3200000, 0x00000000e3200000, 0x00000000e3300000|  0%| F|  |TAMS 0x00000000e3200000, 0x00000000e3200000| Untracked 
|  51|0x00000000e3300000, 0x00000000e3300000, 0x00000000e3400000|  0%| F|  |TAMS 0x00000000e3300000, 0x00000000e3300000| Untracked 
|  52|0x00000000e3400000, 0x00000000e3400000, 0x00000000e3500000|  0%| F|  |TAMS 0x00000000e3400000, 0x00000000e3400000| Untracked 
|  53|0x00000000e3500000, 0x00000000e3500000, 0x00000000e3600000|  0%| F|  |TAMS 0x00000000e3500000, 0x00000000e3500000| Untracked 
|  54|0x00000000e3600000, 0x00000000e3600000, 0x00000000e3700000|  0%| F|  |TAMS 0x00000000e3600000, 0x00000000e3600000| Untracked 
|  55|0x00000000e3700000, 0x00000000e3700000, 0x00000000e3800000|  0%| F|  |TAMS 0x00000000e3700000, 0x00000000e3700000| Untracked 
|  56|0x00000000e3800000, 0x00000000e3800000, 0x00000000e3900000|  0%| F|  |TAMS 0x00000000e3800000, 0x00000000e3800000| Untracked 
|  57|0x00000000e3900000, 0x00000000e3900000, 0x00000000e3a00000|  0%| F|  |TAMS 0x00000000e3900000, 0x00000000e3900000| Untracked 
|  58|0x00000000e3a00000, 0x00000000e3a00000, 0x00000000e3b00000|  0%| F|  |TAMS 0x00000000e3a00000, 0x00000000e3a00000| Untracked 
|  59|0x00000000e3b00000, 0x00000000e3b00000, 0x00000000e3c00000|  0%| F|  |TAMS 0x00000000e3b00000, 0x00000000e3b00000| Untracked 
|  60|0x00000000e3c00000, 0x00000000e3c00000, 0x00000000e3d00000|  0%| F|  |TAMS 0x00000000e3c00000, 0x00000000e3c00000| Untracked 
|  61|0x00000000e3d00000, 0x00000000e3d00000, 0x00000000e3e00000|  0%| F|  |TAMS 0x00000000e3d00000, 0x00000000e3d00000| Untracked 
|  62|0x00000000e3e00000, 0x00000000e3e00000, 0x00000000e3f00000|  0%| F|  |TAMS 0x00000000e3e00000, 0x00000000e3e00000| Untracked 
|  63|0x00000000e3f00000, 0x00000000e3f00000, 0x00000000e4000000|  0%| F|  |TAMS 0x00000000e3f00000, 0x00000000e3f00000| Untracked 
|  64|0x00000000e4000000, 0x00000000e4000000, 0x00000000e4100000|  0%| F|  |TAMS 0x00000000e4000000, 0x00000000e4000000| Untracked 
|  65|0x00000000e4100000, 0x00000000e4100000, 0x00000000e4200000|  0%| F|  |TAMS 0x00000000e4100000, 0x00000000e4100000| Untracked 
|  66|0x00000000e4200000, 0x00000000e4200000, 0x00000000e4300000|  0%| F|  |TAMS 0x00000000e4200000, 0x00000000e4200000| Untracked 
|  67|0x00000000e4300000, 0x00000000e4300000, 0x00000000e4400000|  0%| F|  |TAMS 0x00000000e4300000, 0x00000000e4300000| Untracked 
|  68|0x00000000e4400000, 0x00000000e4400000, 0x00000000e4500000|  0%| F|  |TAMS 0x00000000e4400000, 0x00000000e4400000| Untracked 
|  69|0x00000000e4500000, 0x00000000e4500000, 0x00000000e4600000|  0%| F|  |TAMS 0x00000000e4500000, 0x00000000e4500000| Untracked 
|  70|0x00000000e4600000, 0x00000000e4600000, 0x00000000e4700000|  0%| F|  |TAMS 0x00000000e4600000, 0x00000000e4600000| Untracked 
|  71|0x00000000e4700000, 0x00000000e4700000, 0x00000000e4800000|  0%| F|  |TAMS 0x00000000e4700000, 0x00000000e4700000| Untracked 
|  72|0x00000000e4800000, 0x00000000e4800000, 0x00000000e4900000|  0%| F|  |TAMS 0x00000000e4800000, 0x00000000e4800000| Untracked 
|  73|0x00000000e4900000, 0x00000000e4900000, 0x00000000e4a00000|  0%| F|  |TAMS 0x00000000e4900000, 0x00000000e4900000| Untracked 
|  74|0x00000000e4a00000, 0x00000000e4a00000, 0x00000000e4b00000|  0%| F|  |TAMS 0x00000000e4a00000, 0x00000000e4a00000| Untracked 
|  75|0x00000000e4b00000, 0x00000000e4b00000, 0x00000000e4c00000|  0%| F|  |TAMS 0x00000000e4b00000, 0x00000000e4b00000| Untracked 
|  76|0x00000000e4c00000, 0x00000000e4c00000, 0x00000000e4d00000|  0%| F|  |TAMS 0x00000000e4c00000, 0x00000000e4c00000| Untracked 
|  77|0x00000000e4d00000, 0x00000000e4d00000, 0x00000000e4e00000|  0%| F|  |TAMS 0x00000000e4d00000, 0x00000000e4d00000| Untracked 
|  78|0x00000000e4e00000, 0x00000000e4e00000, 0x00000000e4f00000|  0%| F|  |TAMS 0x00000000e4e00000, 0x00000000e4e00000| Untracked 
|  79|0x00000000e4f00000, 0x00000000e4f00000, 0x00000000e5000000|  0%| F|  |TAMS 0x00000000e4f00000, 0x00000000e4f00000| Untracked 
|  80|0x00000000e5000000, 0x00000000e5000000, 0x00000000e5100000|  0%| F|  |TAMS 0x00000000e5000000, 0x00000000e5000000| Untracked 
|  81|0x00000000e5100000, 0x00000000e5100000, 0x00000000e5200000|  0%| F|  |TAMS 0x00000000e5100000, 0x00000000e5100000| Untracked 
|  82|0x00000000e5200000, 0x00000000e5200000, 0x00000000e5300000|  0%| F|  |TAMS 0x00000000e5200000, 0x00000000e5200000| Untracked 
|  83|0x00000000e5300000, 0x00000000e5300000, 0x00000000e5400000|  0%| F|  |TAMS 0x00000000e5300000, 0x00000000e5300000| Untracked 
|  84|0x00000000e5400000, 0x00000000e5400000, 0x00000000e5500000|  0%| F|  |TAMS 0x00000000e5400000, 0x00000000e5400000| Untracked 
|  85|0x00000000e5500000, 0x00000000e5500000, 0x00000000e5600000|  0%| F|  |TAMS 0x00000000e5500000, 0x00000000e5500000| Untracked 
|  86|0x00000000e5600000, 0x00000000e5600000, 0x00000000e5700000|  0%| F|  |TAMS 0x00000000e5600000, 0x00000000e5600000| Untracked 
|  87|0x00000000e5700000, 0x00000000e5700000, 0x00000000e5800000|  0%| F|  |TAMS 0x00000000e5700000, 0x00000000e5700000| Untracked 
|  88|0x00000000e5800000, 0x00000000e5800000, 0x00000000e5900000|  0%| F|  |TAMS 0x00000000e5800000, 0x00000000e5800000| Untracked 
|  89|0x00000000e5900000, 0x00000000e5900000, 0x00000000e5a00000|  0%| F|  |TAMS 0x00000000e5900000, 0x00000000e5900000| Untracked 
|  90|0x00000000e5a00000, 0x00000000e5a00000, 0x00000000e5b00000|  0%| F|  |TAMS 0x00000000e5a00000, 0x00000000e5a00000| Untracked 
|  91|0x00000000e5b00000, 0x00000000e5b00000, 0x00000000e5c00000|  0%| F|  |TAMS 0x00000000e5b00000, 0x00000000e5b00000| Untracked 
|  92|0x00000000e5c00000, 0x00000000e5c00000, 0x00000000e5d00000|  0%| F|  |TAMS 0x00000000e5c00000, 0x00000000e5c00000| Untracked 
|  93|0x00000000e5d00000, 0x00000000e5d00000, 0x00000000e5e00000|  0%| F|  |TAMS 0x00000000e5d00000, 0x00000000e5d00000| Untracked 
|  94|0x00000000e5e00000, 0x00000000e5e00000, 0x00000000e5f00000|  0%| F|  |TAMS 0x00000000e5e00000, 0x00000000e5e00000| Untracked 
|  95|0x00000000e5f00000, 0x00000000e5f00000, 0x00000000e6000000|  0%| F|  |TAMS 0x00000000e5f00000, 0x00000000e5f00000| Untracked 
|  96|0x00000000e6000000, 0x00000000e6000000, 0x00000000e6100000|  0%| F|  |TAMS 0x00000000e6000000, 0x00000000e6000000| Untracked 
|  97|0x00000000e6100000, 0x00000000e6100000, 0x00000000e6200000|  0%| F|  |TAMS 0x00000000e6100000, 0x00000000e6100000| Untracked 
|  98|0x00000000e6200000, 0x00000000e6200000, 0x00000000e6300000|  0%| F|  |TAMS 0x00000000e6200000, 0x00000000e6200000| Untracked 
|  99|0x00000000e6300000, 0x00000000e6300000, 0x00000000e6400000|  0%| F|  |TAMS 0x00000000e6300000, 0x00000000e6300000| Untracked 
| 100|0x00000000e6400000, 0x00000000e6400000, 0x00000000e6500000|  0%| F|  |TAMS 0x00000000e6400000, 0x00000000e6400000| Untracked 
| 101|0x00000000e6500000, 0x00000000e6500000, 0x00000000e6600000|  0%| F|  |TAMS 0x00000000e6500000, 0x00000000e6500000| Untracked 
| 102|0x00000000e6600000, 0x00000000e6600000, 0x00000000e6700000|  0%| F|  |TAMS 0x00000000e6600000, 0x00000000e6600000| Untracked 
| 103|0x00000000e6700000, 0x00000000e6700000, 0x00000000e6800000|  0%| F|  |TAMS 0x00000000e6700000, 0x00000000e6700000| Untracked 
| 104|0x00000000e6800000, 0x00000000e6800000, 0x00000000e6900000|  0%| F|  |TAMS 0x00000000e6800000, 0x00000000e6800000| Untracked 
| 105|0x00000000e6900000, 0x00000000e6900000, 0x00000000e6a00000|  0%| F|  |TAMS 0x00000000e6900000, 0x00000000e6900000| Untracked 
| 106|0x00000000e6a00000, 0x00000000e6a00000, 0x00000000e6b00000|  0%| F|  |TAMS 0x00000000e6a00000, 0x00000000e6a00000| Untracked 
| 107|0x00000000e6b00000, 0x00000000e6b00000, 0x00000000e6c00000|  0%| F|  |TAMS 0x00000000e6b00000, 0x00000000e6b00000| Untracked 
| 108|0x00000000e6c00000, 0x00000000e6c00000, 0x00000000e6d00000|  0%| F|  |TAMS 0x00000000e6c00000, 0x00000000e6c00000| Untracked 
| 109|0x00000000e6d00000, 0x00000000e6d00000, 0x00000000e6e00000|  0%| F|  |TAMS 0x00000000e6d00000, 0x00000000e6d00000| Untracked 
| 110|0x00000000e6e00000, 0x00000000e6e00000, 0x00000000e6f00000|  0%| F|  |TAMS 0x00000000e6e00000, 0x00000000e6e00000| Untracked 
| 111|0x00000000e6f00000, 0x00000000e6f00000, 0x00000000e7000000|  0%| F|  |TAMS 0x00000000e6f00000, 0x00000000e6f00000| Untracked 
| 112|0x00000000e7000000, 0x00000000e7000000, 0x00000000e7100000|  0%| F|  |TAMS 0x00000000e7000000, 0x00000000e7000000| Untracked 
| 113|0x00000000e7100000, 0x00000000e7100000, 0x00000000e7200000|  0%| F|  |TAMS 0x00000000e7100000, 0x00000000e7100000| Untracked 
| 114|0x00000000e7200000, 0x00000000e7200000, 0x00000000e7300000|  0%| F|  |TAMS 0x00000000e7200000, 0x00000000e7200000| Untracked 
| 115|0x00000000e7300000, 0x00000000e7300000, 0x00000000e7400000|  0%| F|  |TAMS 0x00000000e7300000, 0x00000000e7300000| Untracked 
| 116|0x00000000e7400000, 0x00000000e7400000, 0x00000000e7500000|  0%| F|  |TAMS 0x00000000e7400000, 0x00000000e7400000| Untracked 
| 117|0x00000000e7500000, 0x00000000e7500000, 0x00000000e7600000|  0%| F|  |TAMS 0x00000000e7500000, 0x00000000e7500000| Untracked 
| 118|0x00000000e7600000, 0x00000000e7600000, 0x00000000e7700000|  0%| F|  |TAMS 0x00000000e7600000, 0x00000000e7600000| Untracked 
| 119|0x00000000e7700000, 0x00000000e7700000, 0x00000000e7800000|  0%| F|  |TAMS 0x00000000e7700000, 0x00000000e7700000| Untracked 
| 120|0x00000000e7800000, 0x00000000e7800000, 0x00000000e7900000|  0%| F|  |TAMS 0x00000000e7800000, 0x00000000e7800000| Untracked 
| 121|0x00000000e7900000, 0x00000000e7900000, 0x00000000e7a00000|  0%| F|  |TAMS 0x00000000e7900000, 0x00000000e7900000| Untracked 
| 122|0x00000000e7a00000, 0x00000000e7a00000, 0x00000000e7b00000|  0%| F|  |TAMS 0x00000000e7a00000, 0x00000000e7a00000| Untracked 
| 123|0x00000000e7b00000, 0x00000000e7b00000, 0x00000000e7c00000|  0%| F|  |TAMS 0x00000000e7b00000, 0x00000000e7b00000| Untracked 
| 124|0x00000000e7c00000, 0x00000000e7c00000, 0x00000000e7d00000|  0%| F|  |TAMS 0x00000000e7c00000, 0x00000000e7c00000| Untracked 
| 125|0x00000000e7d00000, 0x00000000e7d00000, 0x00000000e7e00000|  0%| F|  |TAMS 0x00000000e7d00000, 0x00000000e7d00000| Untracked 
| 126|0x00000000e7e00000, 0x00000000e7e00000, 0x00000000e7f00000|  0%| F|  |TAMS 0x00000000e7e00000, 0x00000000e7e00000| Untracked 
| 127|0x00000000e7f00000, 0x00000000e7f00000, 0x00000000e8000000|  0%| F|  |TAMS 0x00000000e7f00000, 0x00000000e7f00000| Untracked 
| 128|0x00000000e8000000, 0x00000000e8000000, 0x00000000e8100000|  0%| F|  |TAMS 0x00000000e8000000, 0x00000000e8000000| Untracked 
| 129|0x00000000e8100000, 0x00000000e8100000, 0x00000000e8200000|  0%| F|  |TAMS 0x00000000e8100000, 0x00000000e8100000| Untracked 
| 130|0x00000000e8200000, 0x00000000e8200000, 0x00000000e8300000|  0%| F|  |TAMS 0x00000000e8200000, 0x00000000e8200000| Untracked 
| 131|0x00000000e8300000, 0x00000000e8300000, 0x00000000e8400000|  0%| F|  |TAMS 0x00000000e8300000, 0x00000000e8300000| Untracked 
| 132|0x00000000e8400000, 0x00000000e8400000, 0x00000000e8500000|  0%| F|  |TAMS 0x00000000e8400000, 0x00000000e8400000| Untracked 
| 133|0x00000000e8500000, 0x00000000e8500000, 0x00000000e8600000|  0%| F|  |TAMS 0x00000000e8500000, 0x00000000e8500000| Untracked 
| 134|0x00000000e8600000, 0x00000000e8600000, 0x00000000e8700000|  0%| F|  |TAMS 0x00000000e8600000, 0x00000000e8600000| Untracked 
| 135|0x00000000e8700000, 0x00000000e8700000, 0x00000000e8800000|  0%| F|  |TAMS 0x00000000e8700000, 0x00000000e8700000| Untracked 
| 136|0x00000000e8800000, 0x00000000e8800000, 0x00000000e8900000|  0%| F|  |TAMS 0x00000000e8800000, 0x00000000e8800000| Untracked 
| 137|0x00000000e8900000, 0x00000000e8900000, 0x00000000e8a00000|  0%| F|  |TAMS 0x00000000e8900000, 0x00000000e8900000| Untracked 
| 138|0x00000000e8a00000, 0x00000000e8a00000, 0x00000000e8b00000|  0%| F|  |TAMS 0x00000000e8a00000, 0x00000000e8a00000| Untracked 
| 139|0x00000000e8b00000, 0x00000000e8b00000, 0x00000000e8c00000|  0%| F|  |TAMS 0x00000000e8b00000, 0x00000000e8b00000| Untracked 
| 140|0x00000000e8c00000, 0x00000000e8c00000, 0x00000000e8d00000|  0%| F|  |TAMS 0x00000000e8c00000, 0x00000000e8c00000| Untracked 
| 141|0x00000000e8d00000, 0x00000000e8d00000, 0x00000000e8e00000|  0%| F|  |TAMS 0x00000000e8d00000, 0x00000000e8d00000| Untracked 
| 142|0x00000000e8e00000, 0x00000000e8e00000, 0x00000000e8f00000|  0%| F|  |TAMS 0x00000000e8e00000, 0x00000000e8e00000| Untracked 
| 143|0x00000000e8f00000, 0x00000000e8f00000, 0x00000000e9000000|  0%| F|  |TAMS 0x00000000e8f00000, 0x00000000e8f00000| Untracked 
| 144|0x00000000e9000000, 0x00000000e9000000, 0x00000000e9100000|  0%| F|  |TAMS 0x00000000e9000000, 0x00000000e9000000| Untracked 
| 145|0x00000000e9100000, 0x00000000e9100000, 0x00000000e9200000|  0%| F|  |TAMS 0x00000000e9100000, 0x00000000e9100000| Untracked 
| 146|0x00000000e9200000, 0x00000000e9200000, 0x00000000e9300000|  0%| F|  |TAMS 0x00000000e9200000, 0x00000000e9200000| Untracked 
| 147|0x00000000e9300000, 0x00000000e9300000, 0x00000000e9400000|  0%| F|  |TAMS 0x00000000e9300000, 0x00000000e9300000| Untracked 
| 148|0x00000000e9400000, 0x00000000e9400000, 0x00000000e9500000|  0%| F|  |TAMS 0x00000000e9400000, 0x00000000e9400000| Untracked 
| 149|0x00000000e9500000, 0x00000000e9500000, 0x00000000e9600000|  0%| F|  |TAMS 0x00000000e9500000, 0x00000000e9500000| Untracked 
| 150|0x00000000e9600000, 0x00000000e9600000, 0x00000000e9700000|  0%| F|  |TAMS 0x00000000e9600000, 0x00000000e9600000| Untracked 
| 151|0x00000000e9700000, 0x00000000e9700000, 0x00000000e9800000|  0%| F|  |TAMS 0x00000000e9700000, 0x00000000e9700000| Untracked 
| 152|0x00000000e9800000, 0x00000000e9800000, 0x00000000e9900000|  0%| F|  |TAMS 0x00000000e9800000, 0x00000000e9800000| Untracked 
| 153|0x00000000e9900000, 0x00000000e9900000, 0x00000000e9a00000|  0%| F|  |TAMS 0x00000000e9900000, 0x00000000e9900000| Untracked 
| 154|0x00000000e9a00000, 0x00000000e9a00000, 0x00000000e9b00000|  0%| F|  |TAMS 0x00000000e9a00000, 0x00000000e9a00000| Untracked 
| 155|0x00000000e9b00000, 0x00000000e9b00000, 0x00000000e9c00000|  0%| F|  |TAMS 0x00000000e9b00000, 0x00000000e9b00000| Untracked 
| 156|0x00000000e9c00000, 0x00000000e9c00000, 0x00000000e9d00000|  0%| F|  |TAMS 0x00000000e9c00000, 0x00000000e9c00000| Untracked 
| 157|0x00000000e9d00000, 0x00000000e9d00000, 0x00000000e9e00000|  0%| F|  |TAMS 0x00000000e9d00000, 0x00000000e9d00000| Untracked 
| 158|0x00000000e9e00000, 0x00000000e9e00000, 0x00000000e9f00000|  0%| F|  |TAMS 0x00000000e9e00000, 0x00000000e9e00000| Untracked 
| 159|0x00000000e9f00000, 0x00000000e9f00000, 0x00000000ea000000|  0%| F|  |TAMS 0x00000000e9f00000, 0x00000000e9f00000| Untracked 
| 160|0x00000000ea000000, 0x00000000ea000000, 0x00000000ea100000|  0%| F|  |TAMS 0x00000000ea000000, 0x00000000ea000000| Untracked 
| 161|0x00000000ea100000, 0x00000000ea100000, 0x00000000ea200000|  0%| F|  |TAMS 0x00000000ea100000, 0x00000000ea100000| Untracked 
| 162|0x00000000ea200000, 0x00000000ea200000, 0x00000000ea300000|  0%| F|  |TAMS 0x00000000ea200000, 0x00000000ea200000| Untracked 
| 163|0x00000000ea300000, 0x00000000ea300000, 0x00000000ea400000|  0%| F|  |TAMS 0x00000000ea300000, 0x00000000ea300000| Untracked 
| 164|0x00000000ea400000, 0x00000000ea400000, 0x00000000ea500000|  0%| F|  |TAMS 0x00000000ea400000, 0x00000000ea400000| Untracked 
| 165|0x00000000ea500000, 0x00000000ea500000, 0x00000000ea600000|  0%| F|  |TAMS 0x00000000ea500000, 0x00000000ea500000| Untracked 
| 166|0x00000000ea600000, 0x00000000ea600000, 0x00000000ea700000|  0%| F|  |TAMS 0x00000000ea600000, 0x00000000ea600000| Untracked 
| 167|0x00000000ea700000, 0x00000000ea700000, 0x00000000ea800000|  0%| F|  |TAMS 0x00000000ea700000, 0x00000000ea700000| Untracked 
| 168|0x00000000ea800000, 0x00000000ea800000, 0x00000000ea900000|  0%| F|  |TAMS 0x00000000ea800000, 0x00000000ea800000| Untracked 
| 169|0x00000000ea900000, 0x00000000ea900000, 0x00000000eaa00000|  0%| F|  |TAMS 0x00000000ea900000, 0x00000000ea900000| Untracked 
| 170|0x00000000eaa00000, 0x00000000eaa00000, 0x00000000eab00000|  0%| F|  |TAMS 0x00000000eaa00000, 0x00000000eaa00000| Untracked 
| 171|0x00000000eab00000, 0x00000000eab00000, 0x00000000eac00000|  0%| F|  |TAMS 0x00000000eab00000, 0x00000000eab00000| Untracked 
| 172|0x00000000eac00000, 0x00000000eac00000, 0x00000000ead00000|  0%| F|  |TAMS 0x00000000eac00000, 0x00000000eac00000| Untracked 
| 173|0x00000000ead00000, 0x00000000ead00000, 0x00000000eae00000|  0%| F|  |TAMS 0x00000000ead00000, 0x00000000ead00000| Untracked 
| 174|0x00000000eae00000, 0x00000000eae00000, 0x00000000eaf00000|  0%| F|  |TAMS 0x00000000eae00000, 0x00000000eae00000| Untracked 
| 175|0x00000000eaf00000, 0x00000000eaf00000, 0x00000000eb000000|  0%| F|  |TAMS 0x00000000eaf00000, 0x00000000eaf00000| Untracked 
| 176|0x00000000eb000000, 0x00000000eb000000, 0x00000000eb100000|  0%| F|  |TAMS 0x00000000eb000000, 0x00000000eb000000| Untracked 
| 177|0x00000000eb100000, 0x00000000eb100000, 0x00000000eb200000|  0%| F|  |TAMS 0x00000000eb100000, 0x00000000eb100000| Untracked 
| 178|0x00000000eb200000, 0x00000000eb200000, 0x00000000eb300000|  0%| F|  |TAMS 0x00000000eb200000, 0x00000000eb200000| Untracked 
| 179|0x00000000eb300000, 0x00000000eb300000, 0x00000000eb400000|  0%| F|  |TAMS 0x00000000eb300000, 0x00000000eb300000| Untracked 
| 180|0x00000000eb400000, 0x00000000eb400000, 0x00000000eb500000|  0%| F|  |TAMS 0x00000000eb400000, 0x00000000eb400000| Untracked 
| 181|0x00000000eb500000, 0x00000000eb500000, 0x00000000eb600000|  0%| F|  |TAMS 0x00000000eb500000, 0x00000000eb500000| Untracked 
| 182|0x00000000eb600000, 0x00000000eb600000, 0x00000000eb700000|  0%| F|  |TAMS 0x00000000eb600000, 0x00000000eb600000| Untracked 
| 183|0x00000000eb700000, 0x00000000eb700000, 0x00000000eb800000|  0%| F|  |TAMS 0x00000000eb700000, 0x00000000eb700000| Untracked 
| 184|0x00000000eb800000, 0x00000000eb800000, 0x00000000eb900000|  0%| F|  |TAMS 0x00000000eb800000, 0x00000000eb800000| Untracked 
| 185|0x00000000eb900000, 0x00000000eb900000, 0x00000000eba00000|  0%| F|  |TAMS 0x00000000eb900000, 0x00000000eb900000| Untracked 
| 186|0x00000000eba00000, 0x00000000eba00000, 0x00000000ebb00000|  0%| F|  |TAMS 0x00000000eba00000, 0x00000000eba00000| Untracked 
| 187|0x00000000ebb00000, 0x00000000ebb00000, 0x00000000ebc00000|  0%| F|  |TAMS 0x00000000ebb00000, 0x00000000ebb00000| Untracked 
| 188|0x00000000ebc00000, 0x00000000ebc00000, 0x00000000ebd00000|  0%| F|  |TAMS 0x00000000ebc00000, 0x00000000ebc00000| Untracked 
| 189|0x00000000ebd00000, 0x00000000ebd00000, 0x00000000ebe00000|  0%| F|  |TAMS 0x00000000ebd00000, 0x00000000ebd00000| Untracked 
| 190|0x00000000ebe00000, 0x00000000ebe00000, 0x00000000ebf00000|  0%| F|  |TAMS 0x00000000ebe00000, 0x00000000ebe00000| Untracked 
| 191|0x00000000ebf00000, 0x00000000ebf00000, 0x00000000ec000000|  0%| F|  |TAMS 0x00000000ebf00000, 0x00000000ebf00000| Untracked 
| 192|0x00000000ec000000, 0x00000000ec000000, 0x00000000ec100000|  0%| F|  |TAMS 0x00000000ec000000, 0x00000000ec000000| Untracked 
| 193|0x00000000ec100000, 0x00000000ec100000, 0x00000000ec200000|  0%| F|  |TAMS 0x00000000ec100000, 0x00000000ec100000| Untracked 
| 194|0x00000000ec200000, 0x00000000ec200000, 0x00000000ec300000|  0%| F|  |TAMS 0x00000000ec200000, 0x00000000ec200000| Untracked 
| 195|0x00000000ec300000, 0x00000000ec300000, 0x00000000ec400000|  0%| F|  |TAMS 0x00000000ec300000, 0x00000000ec300000| Untracked 
| 196|0x00000000ec400000, 0x00000000ec400000, 0x00000000ec500000|  0%| F|  |TAMS 0x00000000ec400000, 0x00000000ec400000| Untracked 
| 197|0x00000000ec500000, 0x00000000ec500000, 0x00000000ec600000|  0%| F|  |TAMS 0x00000000ec500000, 0x00000000ec500000| Untracked 
| 198|0x00000000ec600000, 0x00000000ec700000, 0x00000000ec700000|100%| E|  |TAMS 0x00000000ec600000, 0x00000000ec600000| Complete 
| 199|0x00000000ec700000, 0x00000000ec800000, 0x00000000ec800000|100%| E|CS|TAMS 0x00000000ec700000, 0x00000000ec700000| Complete 
| 200|0x00000000ec800000, 0x00000000ec900000, 0x00000000ec900000|100%| E|CS|TAMS 0x00000000ec800000, 0x00000000ec800000| Complete 
| 201|0x00000000ec900000, 0x00000000eca00000, 0x00000000eca00000|100%| E|CS|TAMS 0x00000000ec900000, 0x00000000ec900000| Complete 
| 202|0x00000000eca00000, 0x00000000ecb00000, 0x00000000ecb00000|100%| E|CS|TAMS 0x00000000eca00000, 0x00000000eca00000| Complete 
| 203|0x00000000ecb00000, 0x00000000ecc00000, 0x00000000ecc00000|100%| E|CS|TAMS 0x00000000ecb00000, 0x00000000ecb00000| Complete 
| 204|0x00000000ecc00000, 0x00000000ecd00000, 0x00000000ecd00000|100%| E|CS|TAMS 0x00000000ecc00000, 0x00000000ecc00000| Complete 
| 205|0x00000000ecd00000, 0x00000000ece00000, 0x00000000ece00000|100%| E|CS|TAMS 0x00000000ecd00000, 0x00000000ecd00000| Complete 
| 206|0x00000000ece00000, 0x00000000ecf00000, 0x00000000ecf00000|100%| E|CS|TAMS 0x00000000ece00000, 0x00000000ece00000| Complete 
| 207|0x00000000ecf00000, 0x00000000ed000000, 0x00000000ed000000|100%| E|CS|TAMS 0x00000000ecf00000, 0x00000000ecf00000| Complete 
| 208|0x00000000ed000000, 0x00000000ed100000, 0x00000000ed100000|100%| E|CS|TAMS 0x00000000ed000000, 0x00000000ed000000| Complete 
| 209|0x00000000ed100000, 0x00000000ed200000, 0x00000000ed200000|100%| E|CS|TAMS 0x00000000ed100000, 0x00000000ed100000| Complete 
| 210|0x00000000ed200000, 0x00000000ed300000, 0x00000000ed300000|100%| E|CS|TAMS 0x00000000ed200000, 0x00000000ed200000| Complete 
| 211|0x00000000ed300000, 0x00000000ed400000, 0x00000000ed400000|100%| E|CS|TAMS 0x00000000ed300000, 0x00000000ed300000| Complete 
| 212|0x00000000ed400000, 0x00000000ed500000, 0x00000000ed500000|100%| E|CS|TAMS 0x00000000ed400000, 0x00000000ed400000| Complete 
| 213|0x00000000ed500000, 0x00000000ed600000, 0x00000000ed600000|100%| E|CS|TAMS 0x00000000ed500000, 0x00000000ed500000| Complete 
| 214|0x00000000ed600000, 0x00000000ed700000, 0x00000000ed700000|100%| E|CS|TAMS 0x00000000ed600000, 0x00000000ed600000| Complete 
| 215|0x00000000ed700000, 0x00000000ed800000, 0x00000000ed800000|100%| E|CS|TAMS 0x00000000ed700000, 0x00000000ed700000| Complete 
| 216|0x00000000ed800000, 0x00000000ed900000, 0x00000000ed900000|100%| E|CS|TAMS 0x00000000ed800000, 0x00000000ed800000| Complete 
| 217|0x00000000ed900000, 0x00000000eda00000, 0x00000000eda00000|100%| E|CS|TAMS 0x00000000ed900000, 0x00000000ed900000| Complete 
| 218|0x00000000eda00000, 0x00000000edb00000, 0x00000000edb00000|100%| E|CS|TAMS 0x00000000eda00000, 0x00000000eda00000| Complete 
| 219|0x00000000edb00000, 0x00000000edc00000, 0x00000000edc00000|100%| E|CS|TAMS 0x00000000edb00000, 0x00000000edb00000| Complete 
| 220|0x00000000edc00000, 0x00000000edd00000, 0x00000000edd00000|100%| E|CS|TAMS 0x00000000edc00000, 0x00000000edc00000| Complete 
| 221|0x00000000edd00000, 0x00000000ede00000, 0x00000000ede00000|100%| E|CS|TAMS 0x00000000edd00000, 0x00000000edd00000| Complete 
| 222|0x00000000ede00000, 0x00000000edf00000, 0x00000000edf00000|100%| S|CS|TAMS 0x00000000ede00000, 0x00000000ede00000| Complete 
| 223|0x00000000edf00000, 0x00000000ee000000, 0x00000000ee000000|100%| S|CS|TAMS 0x00000000edf00000, 0x00000000edf00000| Complete 
| 224|0x00000000ee000000, 0x00000000ee100000, 0x00000000ee100000|100%| S|CS|TAMS 0x00000000ee000000, 0x00000000ee000000| Complete 
| 225|0x00000000ee100000, 0x00000000ee200000, 0x00000000ee200000|100%| E|CS|TAMS 0x00000000ee100000, 0x00000000ee100000| Complete 
| 226|0x00000000ee200000, 0x00000000ee300000, 0x00000000ee300000|100%| E|CS|TAMS 0x00000000ee200000, 0x00000000ee200000| Complete 
| 227|0x00000000ee300000, 0x00000000ee400000, 0x00000000ee400000|100%| E|CS|TAMS 0x00000000ee300000, 0x00000000ee300000| Complete 
| 228|0x00000000ee400000, 0x00000000ee500000, 0x00000000ee500000|100%| E|CS|TAMS 0x00000000ee400000, 0x00000000ee400000| Complete 
| 229|0x00000000ee500000, 0x00000000ee600000, 0x00000000ee600000|100%| E|CS|TAMS 0x00000000ee500000, 0x00000000ee500000| Complete 
| 230|0x00000000ee600000, 0x00000000ee700000, 0x00000000ee700000|100%| E|CS|TAMS 0x00000000ee600000, 0x00000000ee600000| Complete 
| 231|0x00000000ee700000, 0x00000000ee800000, 0x00000000ee800000|100%| E|CS|TAMS 0x00000000ee700000, 0x00000000ee700000| Complete 
| 232|0x00000000ee800000, 0x00000000ee900000, 0x00000000ee900000|100%| E|CS|TAMS 0x00000000ee800000, 0x00000000ee800000| Complete 
| 233|0x00000000ee900000, 0x00000000eea00000, 0x00000000eea00000|100%| E|CS|TAMS 0x00000000ee900000, 0x00000000ee900000| Complete 
| 234|0x00000000eea00000, 0x00000000eeb00000, 0x00000000eeb00000|100%| E|CS|TAMS 0x00000000eea00000, 0x00000000eea00000| Complete 
| 235|0x00000000eeb00000, 0x00000000eec00000, 0x00000000eec00000|100%| E|CS|TAMS 0x00000000eeb00000, 0x00000000eeb00000| Complete 
| 236|0x00000000eec00000, 0x00000000eed00000, 0x00000000eed00000|100%| E|CS|TAMS 0x00000000eec00000, 0x00000000eec00000| Complete 
| 237|0x00000000eed00000, 0x00000000eee00000, 0x00000000eee00000|100%| E|CS|TAMS 0x00000000eed00000, 0x00000000eed00000| Complete 
| 238|0x00000000eee00000, 0x00000000eef00000, 0x00000000eef00000|100%| E|CS|TAMS 0x00000000eee00000, 0x00000000eee00000| Complete 
| 239|0x00000000eef00000, 0x00000000ef000000, 0x00000000ef000000|100%| E|CS|TAMS 0x00000000eef00000, 0x00000000eef00000| Complete 
| 240|0x00000000ef000000, 0x00000000ef100000, 0x00000000ef100000|100%| E|CS|TAMS 0x00000000ef000000, 0x00000000ef000000| Complete 
| 241|0x00000000ef100000, 0x00000000ef200000, 0x00000000ef200000|100%| E|CS|TAMS 0x00000000ef100000, 0x00000000ef100000| Complete 
| 242|0x00000000ef200000, 0x00000000ef300000, 0x00000000ef300000|100%| E|CS|TAMS 0x00000000ef200000, 0x00000000ef200000| Complete 
| 243|0x00000000ef300000, 0x00000000ef400000, 0x00000000ef400000|100%| E|CS|TAMS 0x00000000ef300000, 0x00000000ef300000| Complete 
| 244|0x00000000ef400000, 0x00000000ef500000, 0x00000000ef500000|100%| E|CS|TAMS 0x00000000ef400000, 0x00000000ef400000| Complete 
| 245|0x00000000ef500000, 0x00000000ef600000, 0x00000000ef600000|100%| E|CS|TAMS 0x00000000ef500000, 0x00000000ef500000| Complete 
| 246|0x00000000ef600000, 0x00000000ef700000, 0x00000000ef700000|100%| E|CS|TAMS 0x00000000ef600000, 0x00000000ef600000| Complete 
| 247|0x00000000ef700000, 0x00000000ef800000, 0x00000000ef800000|100%| E|CS|TAMS 0x00000000ef700000, 0x00000000ef700000| Complete 
| 248|0x00000000ef800000, 0x00000000ef900000, 0x00000000ef900000|100%| E|CS|TAMS 0x00000000ef800000, 0x00000000ef800000| Complete 
| 249|0x00000000ef900000, 0x00000000efa00000, 0x00000000efa00000|100%| E|CS|TAMS 0x00000000ef900000, 0x00000000ef900000| Complete 
| 250|0x00000000efa00000, 0x00000000efb00000, 0x00000000efb00000|100%| E|CS|TAMS 0x00000000efa00000, 0x00000000efa00000| Complete 
| 251|0x00000000efb00000, 0x00000000efc00000, 0x00000000efc00000|100%| E|CS|TAMS 0x00000000efb00000, 0x00000000efb00000| Complete 
| 252|0x00000000efc00000, 0x00000000efd00000, 0x00000000efd00000|100%| E|CS|TAMS 0x00000000efc00000, 0x00000000efc00000| Complete 
| 253|0x00000000efd00000, 0x00000000efe00000, 0x00000000efe00000|100%| E|CS|TAMS 0x00000000efd00000, 0x00000000efd00000| Complete 
| 254|0x00000000efe00000, 0x00000000eff00000, 0x00000000eff00000|100%| E|CS|TAMS 0x00000000efe00000, 0x00000000efe00000| Complete 
| 255|0x00000000eff00000, 0x00000000f0000000, 0x00000000f0000000|100%| E|CS|TAMS 0x00000000eff00000, 0x00000000eff00000| Complete 

Card table byte_map: [0x0000023ab6070000,0x0000023ab6170000] _byte_map_base: 0x0000023ab5970000

Marking Bits (Prev, Next): (CMBitMap*) 0x0000023a9ea79650, (CMBitMap*) 0x0000023a9ea79690
 Prev Bits: [0x0000023ab6270000, 0x0000023ab6a70000)
 Next Bits: [0x0000023ab6a70000, 0x0000023ab7270000)

Polling page: 0x0000023a9ca40000

Metaspace:

Usage:
  Non-class:     12.36 MB used.
      Class:      1.91 MB used.
       Both:     14.27 MB used.

Virtual space:
  Non-class space:       64.00 MB reserved,      12.56 MB ( 20%) committed,  1 nodes.
      Class space:      308.00 MB reserved,       2.13 MB ( <1%) committed,  1 nodes.
             Both:      372.00 MB reserved,      14.69 MB (  4%) committed. 

Chunk freelists:
   Non-Class:  2.95 MB
       Class:  1.91 MB
        Both:  4.86 MB

MaxMetaspaceSize: 384.00 MB
CompressedClassSpaceSize: 308.00 MB
Initial GC threshold: 21.00 MB
Current GC threshold: 21.00 MB
CDS: on
MetaspaceReclaimPolicy: balanced
 - commit_granule_bytes: 65536.
 - commit_granule_words: 8192.
 - virtual_space_node_default_size: 8388608.
 - enlarge_chunks_in_place: 1.
 - new_chunks_are_fully_committed: 0.
 - uncommit_free_chunks: 1.
 - use_allocation_guard: 0.


Internal statistics:

num_allocs_failed_limit: 0.
num_arena_births: 492.
num_arena_deaths: 0.
num_vsnodes_births: 2.
num_vsnodes_deaths: 0.
num_space_committed: 235.
num_space_uncommitted: 0.
num_chunks_returned_to_freelist: 0.
num_chunks_taken_from_freelist: 966.
num_chunk_merges: 0.
num_chunk_splits: 643.
num_chunks_enlarged: 451.
num_inconsistent_stats: 0.

CodeHeap 'non-profiled nmethods': size=120000Kb used=1067Kb max_used=1067Kb free=118932Kb
 bounds [0x0000023aae700000, 0x0000023aae970000, 0x0000023ab5c30000]
CodeHeap 'profiled nmethods': size=120000Kb used=4939Kb max_used=4939Kb free=115060Kb
 bounds [0x0000023aa6c30000, 0x0000023aa7110000, 0x0000023aae160000]
CodeHeap 'non-nmethods': size=5760Kb used=1330Kb max_used=1353Kb free=4429Kb
 bounds [0x0000023aae160000, 0x0000023aae3d0000, 0x0000023aae700000]
 total_blobs=2977 nmethods=2432 adapters=455
 compilation: enabled
              stopped_count=0, restarted_count=0
 full_count=0

Compilation events (20 events):
Event: 7.249 Thread 0x0000023ab9ce36d0 nmethod 2421 0x0000023aa70fb390 code [0x0000023aa70fb540, 0x0000023aa70fb6e8]
Event: 7.249 Thread 0x0000023ab9ce36d0 2422       3       org.gradle.internal.file.FilePathUtil::sizeOfCommonPrefix (10 bytes)
Event: 7.250 Thread 0x0000023ab9ce36d0 nmethod 2422 0x0000023aa70fb810 code [0x0000023aa70fb9c0, 0x0000023aa70fbae8]
Event: 7.253 Thread 0x0000023ab9ce36d0 2424       3       jdk.internal.org.objectweb.asm.ClassWriter::visit (160 bytes)
Event: 7.253 Thread 0x0000023ab9ce1ec0 2426       4       jdk.internal.org.objectweb.asm.Frame::push (109 bytes)
Event: 7.255 Thread 0x0000023ab9ce36d0 nmethod 2424 0x0000023aa70fbb90 code [0x0000023aa70fbdc0, 0x0000023aa70fc5f8]
Event: 7.255 Thread 0x0000023ab9ce36d0 2425       3       jdk.internal.org.objectweb.asm.SymbolTable::setMajorVersionAndClassName (19 bytes)
Event: 7.255 Thread 0x0000023ab9ce36d0 nmethod 2425 0x0000023aa70fca10 code [0x0000023aa70fcbc0, 0x0000023aa70fcdc8]
Event: 7.255 Thread 0x0000023ab9ce36d0 2427       3       jdk.internal.org.objectweb.asm.Type::getType (10 bytes)
Event: 7.256 Thread 0x0000023ab9ce36d0 nmethod 2427 0x0000023aa70fcf10 code [0x0000023aa70fd0c0, 0x0000023aa70fd2e8]
Event: 7.263 Thread 0x0000023ab9ce36d0 2429       3       java.util.List::of (9 bytes)
Event: 7.264 Thread 0x0000023ab9ce36d0 nmethod 2429 0x0000023aa70fd410 code [0x0000023aa70fd600, 0x0000023aa70fdb48]
Event: 7.268 Thread 0x0000023ab9ce36d0 2430       3       sun.nio.fs.WindowsPath::getFileSystem (5 bytes)
Event: 7.268 Thread 0x0000023ab9ce36d0 nmethod 2430 0x0000023aa70fdd10 code [0x0000023aa70fdea0, 0x0000023aa70fe058]
Event: 7.270 Thread 0x0000023ab9ce36d0 2431       3       java.security.MessageDigest$Delegate::engineUpdate (11 bytes)
Event: 7.270 Thread 0x0000023ab9ce36d0 nmethod 2431 0x0000023aa70fe110 code [0x0000023aa70fe2c0, 0x0000023aa70fe488]
Event: 7.270 Thread 0x0000023ab9ce36d0 2432       3       java.security.MessageDigest::update (14 bytes)
Event: 7.271 Thread 0x0000023ab9ce36d0 nmethod 2432 0x0000023aa70fe590 code [0x0000023aa70fe740, 0x0000023aa70fea28]
Event: 7.273 Thread 0x0000023ab9ce1ec0 nmethod 2426 0x0000023aae80a590 code [0x0000023aae80a720, 0x0000023aae80ad58]
Event: 7.274 Thread 0x0000023ab9ce1ec0 2428       4       jdk.internal.org.objectweb.asm.Frame::execute (2305 bytes)

GC Heap History (4 events):
Event: 2.737 GC heap before
{Heap before GC invocations=0 (full 0):
 garbage-first heap   total 262144K, used 26624K [0x00000000e0000000, 0x0000000100000000)
  region size 1024K, 23 young (23552K), 0 survivors (0K)
 Metaspace       used 3166K, committed 3328K, reserved 380928K
  class space    used 388K, committed 448K, reserved 315392K
}
Event: 2.751 GC heap after
{Heap after GC invocations=1 (full 0):
 garbage-first heap   total 262144K, used 10592K [0x00000000e0000000, 0x0000000100000000)
  region size 1024K, 3 young (3072K), 3 survivors (3072K)
 Metaspace       used 3166K, committed 3328K, reserved 380928K
  class space    used 388K, committed 448K, reserved 315392K
}
Event: 3.936 GC heap before
{Heap before GC invocations=1 (full 0):
 garbage-first heap   total 262144K, used 39264K [0x00000000e0000000, 0x0000000100000000)
  region size 1024K, 31 young (31744K), 3 survivors (3072K)
 Metaspace       used 4121K, committed 4288K, reserved 380928K
  class space    used 483K, committed 576K, reserved 315392K
}
Event: 3.943 GC heap after
{Heap after GC invocations=2 (full 0):
 garbage-first heap   total 262144K, used 13934K [0x00000000e0000000, 0x0000000100000000)
  region size 1024K, 3 young (3072K), 3 survivors (3072K)
 Metaspace       used 4121K, committed 4288K, reserved 380928K
  class space    used 483K, committed 576K, reserved 315392K
}

Dll operation events (15 events):
Event: 0.030 Loaded shared library C:\Users\g3ral\.jdks\corretto-19.0.2\bin\java.dll
Event: 0.471 Loaded shared library C:\Users\g3ral\.jdks\corretto-19.0.2\bin\jsvml.dll
Event: 0.961 Loaded shared library C:\Users\g3ral\.jdks\corretto-19.0.2\bin\zip.dll
Event: 0.972 Loaded shared library C:\Users\g3ral\.jdks\corretto-19.0.2\bin\instrument.dll
Event: 0.991 Loaded shared library C:\Users\g3ral\.jdks\corretto-19.0.2\bin\net.dll
Event: 0.997 Loaded shared library C:\Users\g3ral\.jdks\corretto-19.0.2\bin\nio.dll
Event: 1.008 Loaded shared library C:\Users\g3ral\.jdks\corretto-19.0.2\bin\zip.dll
Event: 1.791 Loaded shared library C:\Users\g3ral\.jdks\corretto-19.0.2\bin\jimage.dll
Event: 1.961 Loaded shared library C:\Users\g3ral\.jdks\corretto-19.0.2\bin\verify.dll
Event: 2.380 Loaded shared library C:\Users\g3ral\.gradle\native\68d5fa5c4cc2d200863cafc0d521ce42e7d3e7ee720ec0a83991735586a16f82\windows-amd64\native-platform.dll
Event: 2.392 Loaded shared library C:\Users\g3ral\.gradle\native\e376f236ea51e6404a007f0833ffe2c6e607c4080706a723a18a27aeea778392\windows-amd64\native-platform-file-events.dll
Event: 4.479 Loaded shared library C:\Users\g3ral\.jdks\corretto-19.0.2\bin\management.dll
Event: 4.484 Loaded shared library C:\Users\g3ral\.jdks\corretto-19.0.2\bin\management_ext.dll
Event: 4.993 Loaded shared library C:\Users\g3ral\.jdks\corretto-19.0.2\bin\extnet.dll
Event: 5.544 Loaded shared library C:\Users\g3ral\.jdks\corretto-19.0.2\bin\sunmscapi.dll

Deoptimization events (20 events):
Event: 6.969 Thread 0x0000023abfbb7f10 Uncommon trap: trap_request=0xffffffde fr.pc=0x0000023aae7a4010 relative=0x00000000000002d0
Event: 6.969 Thread 0x0000023abfbb7f10 Uncommon trap: reason=class_check action=maybe_recompile pc=0x0000023aae7a4010 method=java.util.regex.Pattern$BmpCharPropertyGreedy.match(Ljava/util/regex/Matcher;ILjava/lang/CharSequence;)Z @ 26 c2
Event: 6.969 Thread 0x0000023abfbb7f10 DEOPT PACKING pc=0x0000023aae7a4010 sp=0x0000009d491fc5d0
Event: 6.969 Thread 0x0000023abfbb7f10 DEOPT UNPACKING pc=0x0000023aae1ca5a3 sp=0x0000009d491fc588 mode 2
Event: 7.108 Thread 0x0000023abfbb7f10 Uncommon trap: trap_request=0xffffff45 fr.pc=0x0000023aae7216a4 relative=0x0000000000000104
Event: 7.108 Thread 0x0000023abfbb7f10 Uncommon trap: reason=unstable_if action=reinterpret pc=0x0000023aae7216a4 method=java.util.regex.Matcher.reset()Ljava/util/regex/Matcher; @ 47 c2
Event: 7.108 Thread 0x0000023abfbb7f10 DEOPT PACKING pc=0x0000023aae7216a4 sp=0x0000009d491fb130
Event: 7.108 Thread 0x0000023abfbb7f10 DEOPT UNPACKING pc=0x0000023aae1ca5a3 sp=0x0000009d491fb0e0 mode 2
Event: 7.167 Thread 0x0000023abfbb7f10 Uncommon trap: trap_request=0xffffff45 fr.pc=0x0000023aae780efc relative=0x00000000000007bc
Event: 7.167 Thread 0x0000023abfbb7f10 Uncommon trap: reason=unstable_if action=reinterpret pc=0x0000023aae780efc method=java.util.ArrayList.grow(I)[Ljava/lang/Object; @ 17 c2
Event: 7.167 Thread 0x0000023abfbb7f10 DEOPT PACKING pc=0x0000023aae780efc sp=0x0000009d491fd320
Event: 7.167 Thread 0x0000023abfbb7f10 DEOPT UNPACKING pc=0x0000023aae1ca5a3 sp=0x0000009d491fd1b8 mode 2
Event: 7.267 Thread 0x0000023abfbb7f10 Uncommon trap: trap_request=0xffffff45 fr.pc=0x0000023aae7255e4 relative=0x0000000000000cc4
Event: 7.267 Thread 0x0000023abfbb7f10 Uncommon trap: reason=unstable_if action=reinterpret pc=0x0000023aae7255e4 method=java.io.WinNTFileSystem.resolve(Ljava/lang/String;Ljava/lang/String;)Ljava/lang/String; @ 19 c2
Event: 7.267 Thread 0x0000023abfbb7f10 DEOPT PACKING pc=0x0000023aae7255e4 sp=0x0000009d491fd080
Event: 7.267 Thread 0x0000023abfbb7f10 DEOPT UNPACKING pc=0x0000023aae1ca5a3 sp=0x0000009d491fd018 mode 2
Event: 7.270 Thread 0x0000023abfbb7f10 Uncommon trap: trap_request=0xffffff45 fr.pc=0x0000023aae76cc40 relative=0x0000000000000600
Event: 7.270 Thread 0x0000023abfbb7f10 Uncommon trap: reason=unstable_if action=reinterpret pc=0x0000023aae76cc40 method=java.io.File.getName()Ljava/lang/String; @ 16 c2
Event: 7.271 Thread 0x0000023abfbb7f10 DEOPT PACKING pc=0x0000023aae76cc40 sp=0x0000009d491fd030
Event: 7.271 Thread 0x0000023abfbb7f10 DEOPT UNPACKING pc=0x0000023aae1ca5a3 sp=0x0000009d491fd000 mode 2

Classes loaded (20 events):
Event: 6.949 Loading class java/nio/file/attribute/PosixFilePermissions$1
Event: 6.949 Loading class java/nio/file/attribute/PosixFilePermissions$1 done
Event: 7.025 Loading class java/util/concurrent/ArrayBlockingQueue
Event: 7.025 Loading class java/util/concurrent/ArrayBlockingQueue done
Event: 7.026 Loading class java/util/concurrent/locks/ReentrantLock$FairSync
Event: 7.026 Loading class java/util/concurrent/locks/ReentrantLock$FairSync done
Event: 7.044 Loading class sun/misc/Unsafe
Event: 7.044 Loading class sun/misc/Unsafe done
Event: 7.079 Loading class java/net/DatagramPacket
Event: 7.080 Loading class java/net/DatagramPacket done
Event: 7.080 Loading class sun/nio/ch/DatagramSocketAdaptor$DatagramPackets
Event: 7.080 Loading class sun/nio/ch/DatagramSocketAdaptor$DatagramPackets done
Event: 7.269 Loading class java/io/File$TempDirectory
Event: 7.269 Loading class java/io/File$TempDirectory done
Event: 7.278 Loading class java/io/PrintWriter
Event: 7.279 Loading class java/io/PrintWriter done
Event: 7.280 Loading class sun/nio/cs/UTF_8$Encoder
Event: 7.280 Loading class sun/nio/cs/UTF_8$Encoder done
Event: 7.293 Loading class java/io/UncheckedIOException
Event: 7.293 Loading class java/io/UncheckedIOException done

Classes unloaded (0 events):
No events

Classes redefined (0 events):
No events

Internal exceptions (20 events):
Event: 5.936 Thread 0x0000023abfbb7f10 Exception <a 'java/lang/NoSuchMethodError'{0x00000000edc24048}: 'long java.lang.invoke.DirectMethodHandle$Holder.invokeInterface(java.lang.Object, java.lang.Object)'> (0x00000000edc24048) 
thrown [s\src\hotspot\share\interpreter\linkResolver.cpp, line 774]
Event: 6.256 Thread 0x0000023abfbb7f10 Exception <a 'java/lang/NoSuchMethodError'{0x00000000ed9f53e0}: 'void java.lang.invoke.DirectMethodHandle$Holder.invokeStatic(java.lang.Object, java.lang.Object)'> (0x00000000ed9f53e0) 
thrown [s\src\hotspot\share\interpreter\linkResolver.cpp, line 774]
Event: 6.272 Thread 0x0000023abfbb7f10 Exception <a 'java/lang/NoSuchMethodError'{0x00000000ed82b970}: 'java.lang.Object java.lang.invoke.DirectMethodHandle$Holder.invokeVirtual(java.lang.Object, java.lang.Object, java.lang.Object, java.lang.Object, java.lang.Object, java.lang.Object, java.lang.Object, java.lang.Object, java.lang.Object, java.lang.Object, java.lang.Object, java.lang.Object)'> (0x00000000ed82b970) 
thrown [s\src\hotspot\share\interpreter\linkResolver.cpp, line 774]
Event: 6.299 Thread 0x0000023abfbb7f10 Exception <a 'java/lang/NoSuchMethodError'{0x00000000ed8787d8}: 'java.lang.Object java.lang.invoke.DirectMethodHandle$Holder.invokeStatic(java.lang.Object, java.lang.Object, java.lang.Object, java.lang.Object, java.lang.Object, java.lang.Object, java.lang.Object, java.lang.Object, java.lang.Object, java.lang.Object, java.lang.Object, java.lang.Object, java.lang.Object)'> (0x00000000ed8787d8) 
thrown [s\src\hotspot\share\interpreter\linkResolver.cpp, line 774]
Event: 6.303 Thread 0x0000023abfbb7f10 Exception <a 'java/lang/NoSuchMethodError'{0x00000000ed898c08}: 'java.lang.Object java.lang.invoke.DirectMethodHandle$Holder.invokeStatic(java.lang.Object, java.lang.Object, java.lang.Object, java.lang.Object, java.lang.Object, java.lang.Object, java.lang.Object, java.lang.Object, java.lang.Object, java.lang.Object, java.lang.Object, java.lang.Object, java.lang.Object, java.lang.Object)'> (0x00000000ed898c08) 
thrown [s\src\hotspot\share\interpreter\linkResolver.cpp, line 774]
Event: 6.384 Thread 0x0000023abfbb7f10 Exception <a 'java/lang/NoSuchMethodError'{0x00000000ed6021a0}: 'java.lang.Object java.lang.invoke.DirectMethodHandle$Holder.newInvokeSpecial(java.lang.Object, java.lang.Object, java.lang.Object, java.lang.Object, java.lang.Object)'> (0x00000000ed6021a0) 
thrown [s\src\hotspot\share\interpreter\linkResolver.cpp, line 774]
Event: 6.506 Thread 0x0000023abfbb7f10 Exception <a 'java/lang/NoSuchMethodError'{0x00000000ed40cd60}: 'void java.lang.invoke.DirectMethodHandle$Holder.invokeSpecial(java.lang.Object, java.lang.Object, java.lang.Object)'> (0x00000000ed40cd60) 
thrown [s\src\hotspot\share\interpreter\linkResolver.cpp, line 774]
Event: 6.560 Thread 0x0000023abfbb7f10 Exception <a 'java/lang/NoSuchMethodError'{0x00000000ed49e008}: 'java.lang.Object java.lang.invoke.DirectMethodHandle$Holder.newInvokeSpecial(java.lang.Object, java.lang.Object, java.lang.Object, java.lang.Object, java.lang.Object, java.lang.Object)'> (0x00000000ed49e008) 
thrown [s\src\hotspot\share\interpreter\linkResolver.cpp, line 774]
Event: 6.569 Thread 0x0000023abfbb7f10 Exception <a 'java/lang/NoSuchMethodError'{0x00000000ed4c29a8}: 'void java.lang.invoke.DirectMethodHandle$Holder.invokeStaticInit(java.lang.Object, java.lang.Object)'> (0x00000000ed4c29a8) 
thrown [s\src\hotspot\share\interpreter\linkResolver.cpp, line 774]
Event: 6.727 Thread 0x0000023abfbb7f10 Exception <a 'java/lang/NoSuchMethodError'{0x00000000ed15f148}: 'void java.lang.invoke.DelegatingMethodHandle$Holder.reinvoke_L(java.lang.Object, java.lang.Object, java.lang.Object, java.lang.Object, java.lang.Object, java.lang.Object, java.lang.Object, java.lang.Object, java.lang.Object, java.lang.Object)'> (0x00000000ed15f148) 
thrown [s\src\hotspot\share\interpreter\linkResolver.cpp, line 774]
Event: 6.729 Thread 0x0000023abfbb7f10 Exception <a 'java/lang/NoSuchMethodError'{0x00000000ed1677d8}: 'java.lang.Object java.lang.invoke.Invokers$Holder.invoker(java.lang.Object, java.lang.Object, java.lang.Object, java.lang.Object, java.lang.Object, java.lang.Object, java.lang.Object, java.lang.Object, java.lang.Object, java.lang.Object)'> (0x00000000ed1677d8) 
thrown [s\src\hotspot\share\interpreter\linkResolver.cpp, line 774]
Event: 6.873 Thread 0x0000023abfbb7f10 Exception <a 'java/lang/NoSuchMethodError'{0x00000000ece83e90}: 'void java.lang.invoke.DirectMethodHandle$Holder.invokeVirtual(java.lang.Object, java.lang.Object, java.lang.Object, java.lang.Object, java.lang.Object)'> (0x00000000ece83e90) 
thrown [s\src\hotspot\share\interpreter\linkResolver.cpp, line 774]
Event: 6.954 Thread 0x0000023abfbb7f10 Exception <a 'java/lang/NoSuchMethodError'{0x00000000ecc457e8}: 'void java.lang.invoke.DirectMethodHandle$Holder.invokeInterface(java.lang.Object, java.lang.Object)'> (0x00000000ecc457e8) 
thrown [s\src\hotspot\share\interpreter\linkResolver.cpp, line 774]
Event: 6.955 Thread 0x0000023abfbb7f10 Exception <a 'java/lang/IncompatibleClassChangeError'{0x00000000ecc49030}: Found class java.lang.Object, but interface was expected> (0x00000000ecc49030) 
thrown [s\src\hotspot\share\interpreter\linkResolver.cpp, line 841]
Event: 6.990 Thread 0x0000023abfbb7f10 Exception <a 'java/lang/NoSuchMethodError'{0x00000000eccbee28}: 'void java.lang.invoke.DirectMethodHandle$Holder.invokeStaticInit(java.lang.Object)'> (0x00000000eccbee28) 
thrown [s\src\hotspot\share\interpreter\linkResolver.cpp, line 774]
Event: 7.035 Thread 0x0000023abfbb7f10 Exception <a 'java/lang/NoSuchMethodError'{0x00000000ecb683f0}: 'java.lang.Object java.lang.invoke.DirectMethodHandle$Holder.newInvokeSpecial(java.lang.Object, java.lang.Object, java.lang.Object, int)'> (0x00000000ecb683f0) 
thrown [s\src\hotspot\share\interpreter\linkResolver.cpp, line 774]
Event: 7.036 Thread 0x0000023abfbb7f10 Exception <a 'java/lang/NoSuchMethodError'{0x00000000ecb6cd48}: 'java.lang.Object java.lang.invoke.DirectMethodHandle$Holder.invokeSpecial(java.lang.Object, java.lang.Object, java.lang.Object, java.lang.Object, int)'> (0x00000000ecb6cd48) 
thrown [s\src\hotspot\share\interpreter\linkResolver.cpp, line 774]
Event: 7.037 Thread 0x0000023abfbb7f10 Exception <a 'java/lang/NoSuchMethodError'{0x00000000ecb70e80}: 'java.lang.Object java.lang.invoke.Invokers$Holder.linkToTargetMethod(java.lang.Object, java.lang.Object, int, java.lang.Object)'> (0x00000000ecb70e80) 
thrown [s\src\hotspot\share\interpreter\linkResolver.cpp, line 774]
Event: 7.182 Thread 0x0000023abfbb7f10 Exception <a 'java/lang/NoSuchMethodError'{0x00000000ec882cc0}: 'java.lang.Object java.lang.invoke.DirectMethodHandle$Holder.invokeVirtual(java.lang.Object, java.lang.Object, java.lang.Object, java.lang.Object, java.lang.Object, java.lang.Object, java.lang.Object, java.lang.Object, java.lang.Object)'> (0x00000000ec882cc0) 
thrown [s\src\hotspot\share\interpreter\linkResolver.cpp, line 774]
Event: 7.252 Thread 0x0000023abfbb7f10 Exception <a 'java/lang/NoSuchMethodError'{0x00000000ec7a38e8}: 'java.lang.Object java.lang.invoke.DirectMethodHandle$Holder.invokeVirtual(java.lang.Object, java.lang.Object, java.lang.Object, java.lang.Object, java.lang.Object, java.lang.Object, java.lang.Object, java.lang.Object, java.lang.Object, java.lang.Object)'> (0x00000000ec7a38e8) 
thrown [s\src\hotspot\share\interpreter\linkResolver.cpp, line 774]

VM Operations (20 events):
Event: 4.813 Executing VM operation: HandshakeAllThreads
Event: 4.813 Executing VM operation: HandshakeAllThreads done
Event: 4.947 Executing VM operation: HandshakeAllThreads
Event: 4.948 Executing VM operation: HandshakeAllThreads done
Event: 4.948 Executing VM operation: Cleanup
Event: 4.948 Executing VM operation: Cleanup done
Event: 5.396 Executing VM operation: HandshakeAllThreads
Event: 5.396 Executing VM operation: HandshakeAllThreads done
Event: 5.507 Executing VM operation: HandshakeAllThreads
Event: 5.507 Executing VM operation: HandshakeAllThreads done
Event: 6.512 Executing VM operation: Cleanup
Event: 6.512 Executing VM operation: Cleanup done
Event: 6.659 Executing VM operation: HandshakeAllThreads
Event: 6.659 Executing VM operation: HandshakeAllThreads done
Event: 7.026 Executing VM operation: HandshakeAllThreads
Event: 7.027 Executing VM operation: HandshakeAllThreads done
Event: 7.281 Executing VM operation: HandshakeAllThreads
Event: 7.281 Executing VM operation: HandshakeAllThreads done
Event: 7.282 Executing VM operation: HandshakeAllThreads
Event: 7.282 Executing VM operation: HandshakeAllThreads done

Events (20 events):
Event: 0.853 Thread 0x0000023ab9ca9230 Thread added: 0x0000023ab9ca9230
Event: 1.066 Thread 0x0000023abe28a960 Thread added: 0x0000023abe28a960
Event: 1.807 Thread 0x0000023abe35dea0 Thread added: 0x0000023abe35dea0
Event: 3.227 Thread 0x0000023abe35dea0 Thread exited: 0x0000023abe35dea0
Event: 3.488 Thread 0x0000023abea99120 Thread added: 0x0000023abea99120
Event: 4.569 Thread 0x0000023abec96080 Thread added: 0x0000023abec96080
Event: 4.948 Thread 0x0000023abea99120 Thread exited: 0x0000023abea99120
Event: 5.338 Thread 0x0000023abf6f87e0 Thread added: 0x0000023abf6f87e0
Event: 5.477 Thread 0x0000023abf43ec20 Thread added: 0x0000023abf43ec20
Event: 5.524 Thread 0x0000023abf83f120 Thread added: 0x0000023abf83f120
Event: 5.609 Thread 0x0000023abfafcf00 Thread added: 0x0000023abfafcf00
Event: 5.616 Thread 0x0000023abf5a0790 Thread added: 0x0000023abf5a0790
Event: 5.716 Thread 0x0000023abfbb79d0 Thread added: 0x0000023abfbb79d0
Event: 5.765 Thread 0x0000023abfbb7f10 Thread added: 0x0000023abfbb7f10
Event: 5.799 Thread 0x0000023abf9fe8e0 Thread added: 0x0000023abf9fe8e0
Event: 5.806 Thread 0x0000023abfa01e00 Thread added: 0x0000023abfa01e00
Event: 5.837 Thread 0x0000023abf83f120 Thread exited: 0x0000023abf83f120
Event: 5.840 Thread 0x0000023abf9ffe20 Thread added: 0x0000023abf9ffe20
Event: 7.031 Thread 0x0000023abfa018b0 Thread added: 0x0000023abfa018b0
Event: 7.074 Thread 0x0000023abf9ff8d0 Thread added: 0x0000023abf9ff8d0


Dynamic libraries:
0x00007ff64f4d0000 - 0x00007ff64f4dd000 	C:\Users\g3ral\.jdks\corretto-19.0.2\bin\java.exe
0x00007ffb137f0000 - 0x00007ffb13a07000 	C:\WINDOWS\SYSTEM32\ntdll.dll
0x00007ffb12fa0000 - 0x00007ffb13064000 	C:\WINDOWS\System32\KERNEL32.DLL
0x00007ffb10b60000 - 0x00007ffb10f05000 	C:\WINDOWS\System32\KERNELBASE.dll
0x00007ffb10fd0000 - 0x00007ffb110e1000 	C:\WINDOWS\System32\ucrtbase.dll
0x00007ffafd050000 - 0x00007ffafd067000 	C:\Users\g3ral\.jdks\corretto-19.0.2\bin\jli.dll
0x00007ffb133f0000 - 0x00007ffb1359e000 	C:\WINDOWS\System32\USER32.dll
0x00007ffb113a0000 - 0x00007ffb113c6000 	C:\WINDOWS\System32\win32u.dll
0x00007ffb12d90000 - 0x00007ffb12db9000 	C:\WINDOWS\System32\GDI32.dll
0x00007ffb111e0000 - 0x00007ffb112f9000 	C:\WINDOWS\System32\gdi32full.dll
0x00007ffb11300000 - 0x00007ffb1139a000 	C:\WINDOWS\System32\msvcp_win.dll
0x00007ffafce10000 - 0x00007ffafce25000 	C:\Users\g3ral\.jdks\corretto-19.0.2\bin\VCRUNTIME140.dll
0x00007ffaf34f0000 - 0x00007ffaf3783000 	C:\WINDOWS\WinSxS\amd64_microsoft.windows.common-controls_6595b64144ccf1df_6.0.22621.2506_none_270c5ae97388e100\COMCTL32.dll
0x00007ffb12ef0000 - 0x00007ffb12f97000 	C:\WINDOWS\System32\msvcrt.dll
0x00007ffb11540000 - 0x00007ffb11571000 	C:\WINDOWS\System32\IMM32.DLL
0x00007ffad5930000 - 0x00007ffad59cb000 	C:\Users\g3ral\.jdks\corretto-19.0.2\bin\msvcp140.dll
0x00007ffa42660000 - 0x00007ffa43339000 	C:\Users\g3ral\.jdks\corretto-19.0.2\bin\server\jvm.dll
0x00007ffb12050000 - 0x00007ffb12101000 	C:\WINDOWS\System32\ADVAPI32.dll
0x00007ffb13160000 - 0x00007ffb13206000 	C:\WINDOWS\System32\sechost.dll
0x00007ffb11f30000 - 0x00007ffb12047000 	C:\WINDOWS\System32\RPCRT4.dll
0x00007ffb0de40000 - 0x00007ffb0de49000 	C:\WINDOWS\SYSTEM32\WSOCK32.dll
0x00007ffb12e70000 - 0x00007ffb12ee1000 	C:\WINDOWS\System32\WS2_32.dll
0x00007ffb091d0000 - 0x00007ffb09204000 	C:\WINDOWS\SYSTEM32\WINMM.dll
0x00007ffb05b70000 - 0x00007ffb05b7a000 	C:\WINDOWS\SYSTEM32\VERSION.dll
0x00007ffb0fb00000 - 0x00007ffb0fb18000 	C:\WINDOWS\SYSTEM32\kernel.appcore.dll
0x00007ffafdac0000 - 0x00007ffafdaca000 	C:\Users\g3ral\.jdks\corretto-19.0.2\bin\jimage.dll
0x00007ffb0c020000 - 0x00007ffb0c253000 	C:\WINDOWS\SYSTEM32\DBGHELP.DLL
0x00007ffb11610000 - 0x00007ffb11999000 	C:\WINDOWS\System32\combase.dll
0x00007ffb12cb0000 - 0x00007ffb12d87000 	C:\WINDOWS\System32\OLEAUT32.dll
0x00007ffae8070000 - 0x00007ffae80a2000 	C:\WINDOWS\SYSTEM32\dbgcore.DLL
0x00007ffb11160000 - 0x00007ffb111da000 	C:\WINDOWS\System32\bcryptPrimitives.dll
0x00007ffafcf30000 - 0x00007ffafcf3e000 	C:\Users\g3ral\.jdks\corretto-19.0.2\bin\instrument.dll
0x00007ffafc710000 - 0x00007ffafc736000 	C:\Users\g3ral\.jdks\corretto-19.0.2\bin\java.dll
0x00007ffad0eb0000 - 0x00007ffad0f86000 	C:\Users\g3ral\.jdks\corretto-19.0.2\bin\jsvml.dll
0x00007ffb12420000 - 0x00007ffb12c79000 	C:\WINDOWS\System32\SHELL32.dll
0x00007ffb0ea80000 - 0x00007ffb0f374000 	C:\WINDOWS\SYSTEM32\windows.storage.dll
0x00007ffb0e940000 - 0x00007ffb0ea7e000 	C:\WINDOWS\SYSTEM32\wintypes.dll
0x00007ffb13210000 - 0x00007ffb13303000 	C:\WINDOWS\System32\SHCORE.dll
0x00007ffb13390000 - 0x00007ffb133ee000 	C:\WINDOWS\System32\shlwapi.dll
0x00007ffb10a90000 - 0x00007ffb10ab6000 	C:\WINDOWS\SYSTEM32\profapi.dll
0x00007ffaf5090000 - 0x00007ffaf50a8000 	C:\Users\g3ral\.jdks\corretto-19.0.2\bin\zip.dll
0x00007ffafbbc0000 - 0x00007ffafbbd3000 	C:\Users\g3ral\.jdks\corretto-19.0.2\bin\net.dll
0x00007ffb0a400000 - 0x00007ffb0a537000 	C:\WINDOWS\SYSTEM32\WINHTTP.dll
0x00007ffb0ffe0000 - 0x00007ffb10049000 	C:\WINDOWS\system32\mswsock.dll
0x00007ffafa410000 - 0x00007ffafa425000 	C:\Users\g3ral\.jdks\corretto-19.0.2\bin\nio.dll
0x00007ffafd1b0000 - 0x00007ffafd1c0000 	C:\Users\g3ral\.jdks\corretto-19.0.2\bin\verify.dll
0x00007ffaeb420000 - 0x00007ffaeb447000 	C:\Users\g3ral\.gradle\native\68d5fa5c4cc2d200863cafc0d521ce42e7d3e7ee720ec0a83991735586a16f82\windows-amd64\native-platform.dll
0x00007ffacbcc0000 - 0x00007ffacbe04000 	C:\Users\g3ral\.gradle\native\e376f236ea51e6404a007f0833ffe2c6e607c4080706a723a18a27aeea778392\windows-amd64\native-platform-file-events.dll
0x00007ffafc2b0000 - 0x00007ffafc2b9000 	C:\Users\g3ral\.jdks\corretto-19.0.2\bin\management.dll
0x00007ffafbbb0000 - 0x00007ffafbbbb000 	C:\Users\g3ral\.jdks\corretto-19.0.2\bin\management_ext.dll
0x00007ffb135b0000 - 0x00007ffb135b8000 	C:\WINDOWS\System32\PSAPI.DLL
0x00007ffb10230000 - 0x00007ffb1024b000 	C:\WINDOWS\SYSTEM32\CRYPTSP.dll
0x00007ffb0fac0000 - 0x00007ffb0faf5000 	C:\WINDOWS\system32\rsaenh.dll
0x00007ffb100d0000 - 0x00007ffb100fc000 	C:\WINDOWS\SYSTEM32\USERENV.dll
0x00007ffb10420000 - 0x00007ffb10448000 	C:\WINDOWS\SYSTEM32\bcrypt.dll
0x00007ffb10250000 - 0x00007ffb1025c000 	C:\WINDOWS\SYSTEM32\CRYPTBASE.dll
0x00007ffb0f5e0000 - 0x00007ffb0f60d000 	C:\WINDOWS\SYSTEM32\IPHLPAPI.DLL
0x00007ffb12ca0000 - 0x00007ffb12ca9000 	C:\WINDOWS\System32\NSI.dll
0x00007ffb09a10000 - 0x00007ffb09a29000 	C:\WINDOWS\SYSTEM32\dhcpcsvc6.DLL
0x00007ffb099f0000 - 0x00007ffb09a0f000 	C:\WINDOWS\SYSTEM32\dhcpcsvc.DLL
0x00007ffb0f610000 - 0x00007ffb0f709000 	C:\WINDOWS\SYSTEM32\DNSAPI.dll
0x00007ffafd780000 - 0x00007ffafd788000 	C:\Users\g3ral\.jdks\corretto-19.0.2\bin\extnet.dll
0x00007ffafa400000 - 0x00007ffafa40e000 	C:\Users\g3ral\.jdks\corretto-19.0.2\bin\sunmscapi.dll
0x00007ffb113d0000 - 0x00007ffb11536000 	C:\WINDOWS\System32\CRYPT32.dll
0x00007ffb103f0000 - 0x00007ffb1041d000 	C:\WINDOWS\SYSTEM32\ncrypt.dll
0x00007ffb103b0000 - 0x00007ffb103e7000 	C:\WINDOWS\SYSTEM32\NTASN1.dll
0x00007ffb09cf0000 - 0x00007ffb09cf8000 	C:\WINDOWS\system32\wshunix.dll

dbghelp: loaded successfully - version: 4.0.5 - missing functions: none
symbol engine: initialized successfully - sym options: 0x614 - pdb path: .;C:\Users\g3ral\.jdks\corretto-19.0.2\bin;C:\WINDOWS\SYSTEM32;C:\WINDOWS\WinSxS\amd64_microsoft.windows.common-controls_6595b64144ccf1df_6.0.22621.2506_none_270c5ae97388e100;C:\Users\g3ral\.jdks\corretto-19.0.2\bin\server;C:\Users\g3ral\.gradle\native\68d5fa5c4cc2d200863cafc0d521ce42e7d3e7ee720ec0a83991735586a16f82\windows-amd64;C:\Users\g3ral\.gradle\native\e376f236ea51e6404a007f0833ffe2c6e607c4080706a723a18a27aeea778392\windows-amd64

VM Arguments:
jvm_args: --add-opens=java.base/java.util=ALL-UNNAMED --add-opens=java.base/java.lang=ALL-UNNAMED --add-opens=java.base/java.lang.invoke=ALL-UNNAMED --add-opens=java.prefs/java.util.prefs=ALL-UNNAMED --add-opens=java.base/java.nio.charset=ALL-UNNAMED --add-opens=java.base/java.net=ALL-UNNAMED --add-opens=java.base/java.util.concurrent.atomic=ALL-UNNAMED -XX:MaxMetaspaceSize=384m -XX:+HeapDumpOnOutOfMemoryError -Xms256m -Xmx512m -Dfile.encoding=windows-1252 -Duser.country=PT -Duser.language=pt -Duser.variant -javaagent:C:\Users\g3ral\.gradle\wrapper\dists\gradle-8.2-bin\bbg7u40eoinfdyxsxr3z4i7ta\gradle-8.2\lib\agents\gradle-instrumentation-agent-8.2.jar 
java_command: org.gradle.launcher.daemon.bootstrap.GradleDaemon 8.2
java_class_path (initial): C:\Users\g3ral\.gradle\wrapper\dists\gradle-8.2-bin\bbg7u40eoinfdyxsxr3z4i7ta\gradle-8.2\lib\gradle-launcher-8.2.jar
Launcher Type: SUN_STANDARD

[Global flags]
     intx CICompilerCount                          = 4                                         {product} {ergonomic}
   size_t CompressedClassSpaceSize                 = 322961408                                 {product} {ergonomic}
     uint ConcGCThreads                            = 2                                         {product} {ergonomic}
     uint G1ConcRefinementThreads                  = 8                                         {product} {ergonomic}
   size_t G1HeapRegionSize                         = 1048576                                   {product} {ergonomic}
    uintx GCDrainStackTargetSize                   = 64                                        {product} {ergonomic}
     bool HeapDumpOnOutOfMemoryError               = true                                   {manageable} {command line}
   size_t InitialHeapSize                          = 268435456                                 {product} {command line}
   size_t MarkStackSize                            = 4194304                                   {product} {ergonomic}
   size_t MaxHeapSize                              = 536870912                                 {product} {command line}
   size_t MaxMetaspaceSize                         = 402653184                                 {product} {command line}
   size_t MaxNewSize                               = 321912832                                 {product} {ergonomic}
   size_t MinHeapDeltaBytes                        = 1048576                                   {product} {ergonomic}
   size_t MinHeapSize                              = 268435456                                 {product} {command line}
    uintx NonNMethodCodeHeapSize                   = 5839372                                {pd product} {ergonomic}
    uintx NonProfiledCodeHeapSize                  = 122909434                              {pd product} {ergonomic}
    uintx ProfiledCodeHeapSize                     = 122909434                              {pd product} {ergonomic}
    uintx ReservedCodeCacheSize                    = 251658240                              {pd product} {ergonomic}
     bool SegmentedCodeCache                       = true                                      {product} {ergonomic}
   size_t SoftMaxHeapSize                          = 536870912                              {manageable} {ergonomic}
     bool UseCompressedClassPointers               = true                           {product lp64_product} {ergonomic}
     bool UseCompressedOops                        = true                           {product lp64_product} {ergonomic}
     bool UseG1GC                                  = true                                      {product} {ergonomic}
     bool UseLargePagesIndividualAllocation        = false                                  {pd product} {ergonomic}

Logging:
Log output configuration:
 #0: stdout all=warning uptime,level,tags foldmultilines=false
 #1: stderr all=off uptime,level,tags foldmultilines=false

Environment Variables:
PATH=C:\Program Files (x86)\Common Files\Oracle\Java\javapath;C:\WINDOWS\system32;C:\WINDOWS;C:\WINDOWS\System32\Wbem;C:\WINDOWS\System32\WindowsPowerShell\v1.0\;C:\WINDOWS\System32\OpenSSH\;C:\Program Files\dotnet;C:\Program Files\Git\cmd;C:\Users\g3ral\AppData\Local\Programs\Python\Python311\Scripts\;C:\Users\g3ral\AppData\Local\Programs\Python\Python311\;C:\Users\g3ral\AppData\Local\Microsoft\WindowsApps;C:\Users\g3ral\AppData\Local\Programs\Microsoft VS Code\bin;C:\MinGW\bin;C:\Program Files\JetBrains\CLion 2023.2.2\bin;
USERNAME=g3ral
OS=Windows_NT
PROCESSOR_IDENTIFIER=Intel64 Family 6 Model 126 Stepping 5, GenuineIntel
TMP=C:\Users\g3ral\AppData\Local\Temp
TEMP=C:\Users\g3ral\AppData\Local\Temp



---------------  S Y S T E M  ---------------

OS:
 Windows 11 , 64 bit Build 22621 (10.0.22621.2506)
OS uptime: 9 days 1:54 hours

CPU: total 8 (initial active 8) (4 cores per cpu, 2 threads per core) family 6 model 126 stepping 5 microcode 0xb0, cx8, cmov, fxsr, ht, mmx, 3dnowpref, sse, sse2, sse3, ssse3, sse4.1, sse4.2, popcnt, lzcnt, tsc, tscinvbit, avx, avx2, aes, erms, clmul, bmi1, bmi2, adx, avx512f, avx512dq, avx512cd, avx512bw, avx512vl, sha, fma, vzeroupper, avx512_vpopcntdq, avx512_vpclmulqdq, avx512_vaes, avx512_vnni, clflush, clflushopt, avx512_vbmi2, avx512_vbmi, rdtscp, rdpid, fsrm, gfni, avx512_bitalg

Memory: 4k page, system-wide physical 7778M (393M free)
TotalPageFile size 22866M (AvailPageFile size 1M)
current process WorkingSet (physical memory assigned to process): 150M, peak: 150M
current process commit charge ("private bytes"): 388M, peak: 388M

vm_info: OpenJDK 64-Bit Server VM (19.0.2+7-FR) for windows-amd64 JRE (19.0.2+7-FR), built on Jan 13 2023 22:53:32 by "Administrator" with MS VC++ 15.9 (VS2017)

END.
