#
# There is insufficient memory for the Java Runtime Environment to continue.
# Native memory allocation (malloc) failed to allocate 1975216 bytes for Chunk::new
# Possible reasons:
#   The system is out of physical RAM or swap space
#   The process is running with CompressedOops enabled, and the Java Heap may be blocking the growth of the native heap
# Possible solutions:
#   Reduce memory load on the system
#   Increase physical memory or swap space
#   Check if swap backing store is full
#   Decrease Java heap size (-Xmx/-Xms)
#   Decrease number of Java threads
#   Decrease Java thread stack sizes (-Xss)
#   Set larger code cache with -XX:ReservedCodeCacheSize=
#   JVM is running with Unscaled Compressed Oops mode in which the Java heap is
#     placed in the first 4GB address space. The Java Heap base address is the
#     maximum limit for the native heap growth. Please use -XX:HeapBaseMinAddress
#     to set the Java Heap base and to place the Java Heap above 4GB virtual address.
# This output file may be truncated or incomplete.
#
#  Out of Memory Error (arena.cpp:184), pid=17972, tid=15028
#
# JRE version: OpenJDK Runtime Environment Corretto-19.0.2.7.1 (19.0.2+7) (build 19.0.2+7-FR)
# Java VM: OpenJDK 64-Bit Server VM Corretto-19.0.2.7.1 (19.0.2+7-FR, mixed mode, sharing, tiered, compressed oops, compressed class ptrs, g1 gc, windows-amd64)
# No core dump will be written. Minidumps are not enabled by default on client versions of Windows
#

---------------  S U M M A R Y ------------

Command Line: --add-opens=java.base/java.util=ALL-UNNAMED --add-opens=java.base/java.lang=ALL-UNNAMED --add-opens=java.base/java.lang.invoke=ALL-UNNAMED --add-opens=java.prefs/java.util.prefs=ALL-UNNAMED --add-opens=java.base/java.nio.charset=ALL-UNNAMED --add-opens=java.base/java.net=ALL-UNNAMED --add-opens=java.base/java.util.concurrent.atomic=ALL-UNNAMED -XX:MaxMetaspaceSize=384m -XX:+HeapDumpOnOutOfMemoryError -Xms256m -Xmx512m -Dfile.encoding=windows-1252 -Duser.country=PT -Duser.language=pt -Duser.variant -javaagent:C:\Users\g3ral\.gradle\wrapper\dists\gradle-8.2-bin\bbg7u40eoinfdyxsxr3z4i7ta\gradle-8.2\lib\agents\gradle-instrumentation-agent-8.2.jar org.gradle.launcher.daemon.bootstrap.GradleDaemon 8.2

Host: Intel(R) Core(TM) i5-1035G4 CPU @ 1.10GHz, 8 cores, 7G,  Windows 11 , 64 bit Build 22621 (10.0.22621.2506)
Time: Mon Dec  4 17:35:35 2023 Hora padrão de GMT elapsed time: 6.232278 seconds (0d 0h 0m 6s)

---------------  T H R E A D  ---------------

Current thread (0x00000232acd56520):  JavaThread "C2 CompilerThread0" daemon [_thread_in_native, id=15028, stack(0x0000004621e00000,0x0000004621f00000)]


Current CompileTask:
C2:   6232 2505   !   4       java.lang.ClassLoader::loadClass (121 bytes)

Stack: [0x0000004621e00000,0x0000004621f00000]
Native frames: (J=compiled Java code, j=interpreted, Vv=VM code, C=native code)
V  [jvm.dll+0x6d034a]
V  [jvm.dll+0x880f10]
V  [jvm.dll+0x88289e]
V  [jvm.dll+0x882f43]
V  [jvm.dll+0x27b4bb]
V  [jvm.dll+0xdd792]
V  [jvm.dll+0xddb25]
V  [jvm.dll+0x3b4a21]
V  [jvm.dll+0x37c86a]
V  [jvm.dll+0x37bc5a]
V  [jvm.dll+0x2470ef]
V  [jvm.dll+0x2465a7]
V  [jvm.dll+0x1d4bb7]
V  [jvm.dll+0x25558a]
V  [jvm.dll+0x2538d7]
V  [jvm.dll+0x8342bd]
V  [jvm.dll+0x82e2fa]
V  [jvm.dll+0x6cf0d3]
C  [ucrtbase.dll+0x29363]
C  [KERNEL32.DLL+0x1257d]
C  [ntdll.dll+0x5aa58]


---------------  P R O C E S S  ---------------

Threads class SMR info:
_java_thread_list=0x00000232add7bcc0, length=26, elements={
0x000002328b945950, 0x00000232a8b3aa40, 0x00000232a8b3b440, 0x00000232a8b3d1d0,
0x00000232a8b3dcc0, 0x00000232a8b43b00, 0x00000232a8b4c160, 0x00000232acd56520,
0x00000232acd56aa0, 0x00000232acd5b040, 0x00000232ace4c2a0, 0x00000232acf17f90,
0x00000232ae4ef030, 0x00000232ae3eda40, 0x00000232aeba5220, 0x00000232ae8ec260,
0x00000232ae6ab810, 0x00000232ae388050, 0x00000232adab40d0, 0x00000232ae4c9060,
0x00000232ae4c8b10, 0x00000232ae4c95b0, 0x00000232ae4c6b30, 0x00000232ae4c6090,
0x00000232ad415030, 0x00000232ae4c7b20
}

Java Threads: ( => current thread )
  0x000002328b945950 JavaThread "main" [_thread_blocked, id=5188, stack(0x0000004621100000,0x0000004621200000)]
  0x00000232a8b3aa40 JavaThread "Reference Handler" daemon [_thread_blocked, id=13236, stack(0x0000004621800000,0x0000004621900000)]
  0x00000232a8b3b440 JavaThread "Finalizer" daemon [_thread_blocked, id=15224, stack(0x0000004621900000,0x0000004621a00000)]
  0x00000232a8b3d1d0 JavaThread "Signal Dispatcher" daemon [_thread_blocked, id=17544, stack(0x0000004621a00000,0x0000004621b00000)]
  0x00000232a8b3dcc0 JavaThread "Attach Listener" daemon [_thread_blocked, id=24024, stack(0x0000004621b00000,0x0000004621c00000)]
  0x00000232a8b43b00 JavaThread "Service Thread" daemon [_thread_blocked, id=31200, stack(0x0000004621c00000,0x0000004621d00000)]
  0x00000232a8b4c160 JavaThread "Monitor Deflation Thread" daemon [_thread_blocked, id=31640, stack(0x0000004621d00000,0x0000004621e00000)]
=>0x00000232acd56520 JavaThread "C2 CompilerThread0" daemon [_thread_in_native, id=15028, stack(0x0000004621e00000,0x0000004621f00000)]
  0x00000232acd56aa0 JavaThread "C1 CompilerThread0" daemon [_thread_blocked, id=14432, stack(0x0000004621f00000,0x0000004622000000)]
  0x00000232acd5b040 JavaThread "Sweeper thread" daemon [_thread_blocked, id=22876, stack(0x0000004622000000,0x0000004622100000)]
  0x00000232ace4c2a0 JavaThread "Common-Cleaner" daemon [_thread_blocked, id=30028, stack(0x0000004622100000,0x0000004622200000)]
  0x00000232acf17f90 JavaThread "Notification Thread" daemon [_thread_blocked, id=26852, stack(0x0000004622200000,0x0000004622300000)]
  0x00000232ae4ef030 JavaThread "Daemon health stats" [_thread_in_Java, id=10972, stack(0x0000004622500000,0x0000004622600000)]
  0x00000232ae3eda40 JavaThread "Incoming local TCP Connector on port 55556" [_thread_in_native, id=3908, stack(0x0000004622b00000,0x0000004622c00000)]
  0x00000232aeba5220 JavaThread "Daemon periodic checks" [_thread_blocked, id=21848, stack(0x0000004622c00000,0x0000004622d00000)]
  0x00000232ae8ec260 JavaThread "Daemon" [_thread_blocked, id=21256, stack(0x0000004622d00000,0x0000004622e00000)]
  0x00000232ae6ab810 JavaThread "Handler for socket connection from /127.0.0.1:55556 to /127.0.0.1:55557" [_thread_in_native, id=7768, stack(0x0000004622e00000,0x0000004622f00000)]
  0x00000232ae388050 JavaThread "Cancel handler" [_thread_blocked, id=23172, stack(0x0000004622f00000,0x0000004623000000)]
  0x00000232adab40d0 JavaThread "Daemon worker" [_thread_in_Java, id=20132, stack(0x0000004623000000,0x0000004623100000)]
  0x00000232ae4c9060 JavaThread "Asynchronous log dispatcher for DefaultDaemonConnection: socket connection from /127.0.0.1:55556 to /127.0.0.1:55557" [_thread_blocked, id=24392, stack(0x0000004623100000,0x0000004623200000)]
  0x00000232ae4c8b10 JavaThread "Stdin handler" [_thread_blocked, id=31276, stack(0x0000004623200000,0x0000004623300000)]
  0x00000232ae4c95b0 JavaThread "Daemon client event forwarder" [_thread_blocked, id=20124, stack(0x0000004623300000,0x0000004623400000)]
  0x00000232ae4c6b30 JavaThread "Cache worker for journal cache (C:\Users\g3ral\.gradle\caches\journal-1)" [_thread_blocked, id=27420, stack(0x0000004622400000,0x0000004622500000)]
  0x00000232ae4c6090 JavaThread "File lock request listener" [_thread_in_native, id=10668, stack(0x0000004623400000,0x0000004623500000)]
  0x00000232ad415030 JavaThread "C2 CompilerThread1" daemon [_thread_in_native, id=12668, stack(0x0000004623500000,0x0000004623600000)]
  0x00000232ae4c7b20 JavaThread "Cache worker for file hash cache (C:\Users\g3ral\.gradle\caches\8.2\fileHashes)" [_thread_blocked, id=14876, stack(0x0000004623600000,0x0000004623700000)]

Other Threads:
  0x00000232a8b12c10 VMThread "VM Thread" [stack: 0x0000004621700000,0x0000004621800000] [id=17652]
  0x00000232acf173c0 WatcherThread "VM Periodic Task Thread" [stack: 0x0000004622300000,0x0000004622400000] [id=22772]
  0x000002328b977340 WorkerThread "GC Thread#0" [stack: 0x0000004621200000,0x0000004621300000] [id=28428]
  0x00000232ad946030 WorkerThread "GC Thread#1" [stack: 0x0000004622600000,0x0000004622700000] [id=18712]
  0x00000232ad954b20 WorkerThread "GC Thread#2" [stack: 0x0000004622700000,0x0000004622800000] [id=24168]
  0x00000232ad955ed0 WorkerThread "GC Thread#3" [stack: 0x0000004622800000,0x0000004622900000] [id=26548]
  0x00000232ad955390 WorkerThread "GC Thread#4" [stack: 0x0000004622900000,0x0000004622a00000] [id=17768]
  0x00000232ad9561a0 WorkerThread "GC Thread#5" [stack: 0x0000004622a00000,0x0000004622b00000] [id=31448]
  0x000002328b97c440 ConcurrentGCThread "G1 Main Marker" [stack: 0x0000004621300000,0x0000004621400000] [id=27008]
  0x000002328b97d610 WorkerThread "G1 Conc#0" [stack: 0x0000004621400000,0x0000004621500000] [id=22420]
  0x00000232a89d31c0 ConcurrentGCThread "G1 Refine#0" [stack: 0x0000004621500000,0x0000004621600000] [id=31088]
  0x00000232a89d55d0 ConcurrentGCThread "G1 Service" [stack: 0x0000004621600000,0x0000004621700000] [id=9104]

Threads with active compile tasks:
C2 CompilerThread0     6305 2505   !   4       java.lang.ClassLoader::loadClass (121 bytes)
C2 CompilerThread1     6305 2577       4       java.lang.invoke.MethodType::makeImpl (109 bytes)

VM state: not at safepoint (normal execution)

VM Mutex/Monitor currently owned by a thread:  ([mutex/lock_event])
[0x000002328b943200] SystemDictionary_lock - owner thread: 0x0000000000000000

Heap address: 0x00000000e0000000, size: 512 MB, Compressed Oops mode: 32-bit

CDS archive(s) mapped at: [0x0000000800000000-0x0000000800c40000-0x0000000800c40000), size 12845056, SharedBaseAddress: 0x0000000800000000, ArchiveRelocationMode: 0.
Compressed class space mapped at: 0x0000000801000000-0x0000000814400000, reserved size: 322961408
Narrow klass base: 0x0000000800000000, Narrow klass shift: 0, Narrow klass range: 0x100000000

GC Precious Log:
 CardTable entry size: 512
 Card Set container configuration: InlinePtr #cards 5 size 8 Array Of Cards #cards 12 size 40 Howl #buckets 4 coarsen threshold 1843 Howl Bitmap #cards 512 size 80 coarsen threshold 460 Card regions per heap region 1 cards per card region 2048
 CPUs: 8 total, 8 available
 Memory: 7778M
 Large Page Support: Disabled
 NUMA Support: Disabled
 Compressed Oops: Enabled (32-bit)
 Heap Region Size: 1M
 Heap Min Capacity: 256M
 Heap Initial Capacity: 256M
 Heap Max Capacity: 512M
 Pre-touch: Disabled
 Parallel Workers: 8
 Concurrent Workers: 2
 Concurrent Refinement Workers: 8
 Periodic GC: Disabled

Heap:
 garbage-first heap   total 262144K, used 83767K [0x00000000e0000000, 0x0000000100000000)
  region size 1024K, 73 young (74752K), 4 survivors (4096K)
 Metaspace       used 16497K, committed 17024K, reserved 380928K
  class space    used 2278K, committed 2560K, reserved 315392K

Heap Regions: E=young(eden), S=young(survivor), O=old, HS=humongous(starts), HC=humongous(continues), CS=collection set, F=free, OA=open archive, CA=closed archive, TAMS=top-at-mark-start (previous, next)
|   0|0x00000000e0000000, 0x00000000e0100000, 0x00000000e0100000|100%|HS|  |TAMS 0x00000000e0000000, 0x00000000e0000000| Complete 
|   1|0x00000000e0100000, 0x00000000e0200000, 0x00000000e0200000|100%|HC|  |TAMS 0x00000000e0100000, 0x00000000e0100000| Complete 
|   2|0x00000000e0200000, 0x00000000e0300000, 0x00000000e0300000|100%|HC|  |TAMS 0x00000000e0200000, 0x00000000e0200000| Complete 
|   3|0x00000000e0300000, 0x00000000e0400000, 0x00000000e0400000|100%|HC|  |TAMS 0x00000000e0300000, 0x00000000e0300000| Complete 
|   4|0x00000000e0400000, 0x00000000e0500000, 0x00000000e0500000|100%| O|  |TAMS 0x00000000e0400000, 0x00000000e0400000| Untracked 
|   5|0x00000000e0500000, 0x00000000e0600000, 0x00000000e0600000|100%| O|  |TAMS 0x00000000e0500000, 0x00000000e0500000| Untracked 
|   6|0x00000000e0600000, 0x00000000e0700000, 0x00000000e0700000|100%| O|  |TAMS 0x00000000e0600000, 0x00000000e0600000| Untracked 
|   7|0x00000000e0700000, 0x00000000e0800000, 0x00000000e0800000|100%| O|  |TAMS 0x00000000e0700000, 0x00000000e0700000| Untracked 
|   8|0x00000000e0800000, 0x00000000e0800000, 0x00000000e0900000|  0%| F|  |TAMS 0x00000000e0800000, 0x00000000e0800000| Untracked 
|   9|0x00000000e0900000, 0x00000000e0a00000, 0x00000000e0a00000|100%| O|  |TAMS 0x00000000e0900000, 0x00000000e0900000| Untracked 
|  10|0x00000000e0a00000, 0x00000000e0b00000, 0x00000000e0b00000|100%| O|  |TAMS 0x00000000e0a00000, 0x00000000e0a00000| Untracked 
|  11|0x00000000e0b00000, 0x00000000e0b53a00, 0x00000000e0c00000| 32%| O|  |TAMS 0x00000000e0b00000, 0x00000000e0b00000| Untracked 
|  12|0x00000000e0c00000, 0x00000000e0c00000, 0x00000000e0d00000|  0%| F|  |TAMS 0x00000000e0c00000, 0x00000000e0c00000| Untracked 
|  13|0x00000000e0d00000, 0x00000000e0d00000, 0x00000000e0e00000|  0%| F|  |TAMS 0x00000000e0d00000, 0x00000000e0d00000| Untracked 
|  14|0x00000000e0e00000, 0x00000000e0e00000, 0x00000000e0f00000|  0%| F|  |TAMS 0x00000000e0e00000, 0x00000000e0e00000| Untracked 
|  15|0x00000000e0f00000, 0x00000000e0f00000, 0x00000000e1000000|  0%| F|  |TAMS 0x00000000e0f00000, 0x00000000e0f00000| Untracked 
|  16|0x00000000e1000000, 0x00000000e1000000, 0x00000000e1100000|  0%| F|  |TAMS 0x00000000e1000000, 0x00000000e1000000| Untracked 
|  17|0x00000000e1100000, 0x00000000e1100000, 0x00000000e1200000|  0%| F|  |TAMS 0x00000000e1100000, 0x00000000e1100000| Untracked 
|  18|0x00000000e1200000, 0x00000000e1200000, 0x00000000e1300000|  0%| F|  |TAMS 0x00000000e1200000, 0x00000000e1200000| Untracked 
|  19|0x00000000e1300000, 0x00000000e1300000, 0x00000000e1400000|  0%| F|  |TAMS 0x00000000e1300000, 0x00000000e1300000| Untracked 
|  20|0x00000000e1400000, 0x00000000e1400000, 0x00000000e1500000|  0%| F|  |TAMS 0x00000000e1400000, 0x00000000e1400000| Untracked 
|  21|0x00000000e1500000, 0x00000000e1500000, 0x00000000e1600000|  0%| F|  |TAMS 0x00000000e1500000, 0x00000000e1500000| Untracked 
|  22|0x00000000e1600000, 0x00000000e1600000, 0x00000000e1700000|  0%| F|  |TAMS 0x00000000e1600000, 0x00000000e1600000| Untracked 
|  23|0x00000000e1700000, 0x00000000e1700000, 0x00000000e1800000|  0%| F|  |TAMS 0x00000000e1700000, 0x00000000e1700000| Untracked 
|  24|0x00000000e1800000, 0x00000000e1800000, 0x00000000e1900000|  0%| F|  |TAMS 0x00000000e1800000, 0x00000000e1800000| Untracked 
|  25|0x00000000e1900000, 0x00000000e1900000, 0x00000000e1a00000|  0%| F|  |TAMS 0x00000000e1900000, 0x00000000e1900000| Untracked 
|  26|0x00000000e1a00000, 0x00000000e1a00000, 0x00000000e1b00000|  0%| F|  |TAMS 0x00000000e1a00000, 0x00000000e1a00000| Untracked 
|  27|0x00000000e1b00000, 0x00000000e1b00000, 0x00000000e1c00000|  0%| F|  |TAMS 0x00000000e1b00000, 0x00000000e1b00000| Untracked 
|  28|0x00000000e1c00000, 0x00000000e1c00000, 0x00000000e1d00000|  0%| F|  |TAMS 0x00000000e1c00000, 0x00000000e1c00000| Untracked 
|  29|0x00000000e1d00000, 0x00000000e1d00000, 0x00000000e1e00000|  0%| F|  |TAMS 0x00000000e1d00000, 0x00000000e1d00000| Untracked 
|  30|0x00000000e1e00000, 0x00000000e1e00000, 0x00000000e1f00000|  0%| F|  |TAMS 0x00000000e1e00000, 0x00000000e1e00000| Untracked 
|  31|0x00000000e1f00000, 0x00000000e1f00000, 0x00000000e2000000|  0%| F|  |TAMS 0x00000000e1f00000, 0x00000000e1f00000| Untracked 
|  32|0x00000000e2000000, 0x00000000e2000000, 0x00000000e2100000|  0%| F|  |TAMS 0x00000000e2000000, 0x00000000e2000000| Untracked 
|  33|0x00000000e2100000, 0x00000000e2100000, 0x00000000e2200000|  0%| F|  |TAMS 0x00000000e2100000, 0x00000000e2100000| Untracked 
|  34|0x00000000e2200000, 0x00000000e2200000, 0x00000000e2300000|  0%| F|  |TAMS 0x00000000e2200000, 0x00000000e2200000| Untracked 
|  35|0x00000000e2300000, 0x00000000e2300000, 0x00000000e2400000|  0%| F|  |TAMS 0x00000000e2300000, 0x00000000e2300000| Untracked 
|  36|0x00000000e2400000, 0x00000000e2400000, 0x00000000e2500000|  0%| F|  |TAMS 0x00000000e2400000, 0x00000000e2400000| Untracked 
|  37|0x00000000e2500000, 0x00000000e2500000, 0x00000000e2600000|  0%| F|  |TAMS 0x00000000e2500000, 0x00000000e2500000| Untracked 
|  38|0x00000000e2600000, 0x00000000e2600000, 0x00000000e2700000|  0%| F|  |TAMS 0x00000000e2600000, 0x00000000e2600000| Untracked 
|  39|0x00000000e2700000, 0x00000000e2700000, 0x00000000e2800000|  0%| F|  |TAMS 0x00000000e2700000, 0x00000000e2700000| Untracked 
|  40|0x00000000e2800000, 0x00000000e2800000, 0x00000000e2900000|  0%| F|  |TAMS 0x00000000e2800000, 0x00000000e2800000| Untracked 
|  41|0x00000000e2900000, 0x00000000e2900000, 0x00000000e2a00000|  0%| F|  |TAMS 0x00000000e2900000, 0x00000000e2900000| Untracked 
|  42|0x00000000e2a00000, 0x00000000e2a00000, 0x00000000e2b00000|  0%| F|  |TAMS 0x00000000e2a00000, 0x00000000e2a00000| Untracked 
|  43|0x00000000e2b00000, 0x00000000e2b00000, 0x00000000e2c00000|  0%| F|  |TAMS 0x00000000e2b00000, 0x00000000e2b00000| Untracked 
|  44|0x00000000e2c00000, 0x00000000e2c00000, 0x00000000e2d00000|  0%| F|  |TAMS 0x00000000e2c00000, 0x00000000e2c00000| Untracked 
|  45|0x00000000e2d00000, 0x00000000e2d00000, 0x00000000e2e00000|  0%| F|  |TAMS 0x00000000e2d00000, 0x00000000e2d00000| Untracked 
|  46|0x00000000e2e00000, 0x00000000e2e00000, 0x00000000e2f00000|  0%| F|  |TAMS 0x00000000e2e00000, 0x00000000e2e00000| Untracked 
|  47|0x00000000e2f00000, 0x00000000e2f00000, 0x00000000e3000000|  0%| F|  |TAMS 0x00000000e2f00000, 0x00000000e2f00000| Untracked 
|  48|0x00000000e3000000, 0x00000000e3000000, 0x00000000e3100000|  0%| F|  |TAMS 0x00000000e3000000, 0x00000000e3000000| Untracked 
|  49|0x00000000e3100000, 0x00000000e3100000, 0x00000000e3200000|  0%| F|  |TAMS 0x00000000e3100000, 0x00000000e3100000| Untracked 
|  50|0x00000000e3200000, 0x00000000e3200000, 0x00000000e3300000|  0%| F|  |TAMS 0x00000000e3200000, 0x00000000e3200000| Untracked 
|  51|0x00000000e3300000, 0x00000000e3300000, 0x00000000e3400000|  0%| F|  |TAMS 0x00000000e3300000, 0x00000000e3300000| Untracked 
|  52|0x00000000e3400000, 0x00000000e3400000, 0x00000000e3500000|  0%| F|  |TAMS 0x00000000e3400000, 0x00000000e3400000| Untracked 
|  53|0x00000000e3500000, 0x00000000e3500000, 0x00000000e3600000|  0%| F|  |TAMS 0x00000000e3500000, 0x00000000e3500000| Untracked 
|  54|0x00000000e3600000, 0x00000000e3600000, 0x00000000e3700000|  0%| F|  |TAMS 0x00000000e3600000, 0x00000000e3600000| Untracked 
|  55|0x00000000e3700000, 0x00000000e3700000, 0x00000000e3800000|  0%| F|  |TAMS 0x00000000e3700000, 0x00000000e3700000| Untracked 
|  56|0x00000000e3800000, 0x00000000e3800000, 0x00000000e3900000|  0%| F|  |TAMS 0x00000000e3800000, 0x00000000e3800000| Untracked 
|  57|0x00000000e3900000, 0x00000000e3900000, 0x00000000e3a00000|  0%| F|  |TAMS 0x00000000e3900000, 0x00000000e3900000| Untracked 
|  58|0x00000000e3a00000, 0x00000000e3a00000, 0x00000000e3b00000|  0%| F|  |TAMS 0x00000000e3a00000, 0x00000000e3a00000| Untracked 
|  59|0x00000000e3b00000, 0x00000000e3b00000, 0x00000000e3c00000|  0%| F|  |TAMS 0x00000000e3b00000, 0x00000000e3b00000| Untracked 
|  60|0x00000000e3c00000, 0x00000000e3c00000, 0x00000000e3d00000|  0%| F|  |TAMS 0x00000000e3c00000, 0x00000000e3c00000| Untracked 
|  61|0x00000000e3d00000, 0x00000000e3d00000, 0x00000000e3e00000|  0%| F|  |TAMS 0x00000000e3d00000, 0x00000000e3d00000| Untracked 
|  62|0x00000000e3e00000, 0x00000000e3e00000, 0x00000000e3f00000|  0%| F|  |TAMS 0x00000000e3e00000, 0x00000000e3e00000| Untracked 
|  63|0x00000000e3f00000, 0x00000000e3f00000, 0x00000000e4000000|  0%| F|  |TAMS 0x00000000e3f00000, 0x00000000e3f00000| Untracked 
|  64|0x00000000e4000000, 0x00000000e4000000, 0x00000000e4100000|  0%| F|  |TAMS 0x00000000e4000000, 0x00000000e4000000| Untracked 
|  65|0x00000000e4100000, 0x00000000e4100000, 0x00000000e4200000|  0%| F|  |TAMS 0x00000000e4100000, 0x00000000e4100000| Untracked 
|  66|0x00000000e4200000, 0x00000000e4200000, 0x00000000e4300000|  0%| F|  |TAMS 0x00000000e4200000, 0x00000000e4200000| Untracked 
|  67|0x00000000e4300000, 0x00000000e4300000, 0x00000000e4400000|  0%| F|  |TAMS 0x00000000e4300000, 0x00000000e4300000| Untracked 
|  68|0x00000000e4400000, 0x00000000e4400000, 0x00000000e4500000|  0%| F|  |TAMS 0x00000000e4400000, 0x00000000e4400000| Untracked 
|  69|0x00000000e4500000, 0x00000000e4500000, 0x00000000e4600000|  0%| F|  |TAMS 0x00000000e4500000, 0x00000000e4500000| Untracked 
|  70|0x00000000e4600000, 0x00000000e4600000, 0x00000000e4700000|  0%| F|  |TAMS 0x00000000e4600000, 0x00000000e4600000| Untracked 
|  71|0x00000000e4700000, 0x00000000e4700000, 0x00000000e4800000|  0%| F|  |TAMS 0x00000000e4700000, 0x00000000e4700000| Untracked 
|  72|0x00000000e4800000, 0x00000000e4800000, 0x00000000e4900000|  0%| F|  |TAMS 0x00000000e4800000, 0x00000000e4800000| Untracked 
|  73|0x00000000e4900000, 0x00000000e4900000, 0x00000000e4a00000|  0%| F|  |TAMS 0x00000000e4900000, 0x00000000e4900000| Untracked 
|  74|0x00000000e4a00000, 0x00000000e4a00000, 0x00000000e4b00000|  0%| F|  |TAMS 0x00000000e4a00000, 0x00000000e4a00000| Untracked 
|  75|0x00000000e4b00000, 0x00000000e4b00000, 0x00000000e4c00000|  0%| F|  |TAMS 0x00000000e4b00000, 0x00000000e4b00000| Untracked 
|  76|0x00000000e4c00000, 0x00000000e4c00000, 0x00000000e4d00000|  0%| F|  |TAMS 0x00000000e4c00000, 0x00000000e4c00000| Untracked 
|  77|0x00000000e4d00000, 0x00000000e4d00000, 0x00000000e4e00000|  0%| F|  |TAMS 0x00000000e4d00000, 0x00000000e4d00000| Untracked 
|  78|0x00000000e4e00000, 0x00000000e4e00000, 0x00000000e4f00000|  0%| F|  |TAMS 0x00000000e4e00000, 0x00000000e4e00000| Untracked 
|  79|0x00000000e4f00000, 0x00000000e4f00000, 0x00000000e5000000|  0%| F|  |TAMS 0x00000000e4f00000, 0x00000000e4f00000| Untracked 
|  80|0x00000000e5000000, 0x00000000e5000000, 0x00000000e5100000|  0%| F|  |TAMS 0x00000000e5000000, 0x00000000e5000000| Untracked 
|  81|0x00000000e5100000, 0x00000000e5100000, 0x00000000e5200000|  0%| F|  |TAMS 0x00000000e5100000, 0x00000000e5100000| Untracked 
|  82|0x00000000e5200000, 0x00000000e5200000, 0x00000000e5300000|  0%| F|  |TAMS 0x00000000e5200000, 0x00000000e5200000| Untracked 
|  83|0x00000000e5300000, 0x00000000e5300000, 0x00000000e5400000|  0%| F|  |TAMS 0x00000000e5300000, 0x00000000e5300000| Untracked 
|  84|0x00000000e5400000, 0x00000000e5400000, 0x00000000e5500000|  0%| F|  |TAMS 0x00000000e5400000, 0x00000000e5400000| Untracked 
|  85|0x00000000e5500000, 0x00000000e5500000, 0x00000000e5600000|  0%| F|  |TAMS 0x00000000e5500000, 0x00000000e5500000| Untracked 
|  86|0x00000000e5600000, 0x00000000e5600000, 0x00000000e5700000|  0%| F|  |TAMS 0x00000000e5600000, 0x00000000e5600000| Untracked 
|  87|0x00000000e5700000, 0x00000000e5700000, 0x00000000e5800000|  0%| F|  |TAMS 0x00000000e5700000, 0x00000000e5700000| Untracked 
|  88|0x00000000e5800000, 0x00000000e5800000, 0x00000000e5900000|  0%| F|  |TAMS 0x00000000e5800000, 0x00000000e5800000| Untracked 
|  89|0x00000000e5900000, 0x00000000e5900000, 0x00000000e5a00000|  0%| F|  |TAMS 0x00000000e5900000, 0x00000000e5900000| Untracked 
|  90|0x00000000e5a00000, 0x00000000e5a00000, 0x00000000e5b00000|  0%| F|  |TAMS 0x00000000e5a00000, 0x00000000e5a00000| Untracked 
|  91|0x00000000e5b00000, 0x00000000e5b00000, 0x00000000e5c00000|  0%| F|  |TAMS 0x00000000e5b00000, 0x00000000e5b00000| Untracked 
|  92|0x00000000e5c00000, 0x00000000e5c00000, 0x00000000e5d00000|  0%| F|  |TAMS 0x00000000e5c00000, 0x00000000e5c00000| Untracked 
|  93|0x00000000e5d00000, 0x00000000e5d00000, 0x00000000e5e00000|  0%| F|  |TAMS 0x00000000e5d00000, 0x00000000e5d00000| Untracked 
|  94|0x00000000e5e00000, 0x00000000e5e00000, 0x00000000e5f00000|  0%| F|  |TAMS 0x00000000e5e00000, 0x00000000e5e00000| Untracked 
|  95|0x00000000e5f00000, 0x00000000e5f00000, 0x00000000e6000000|  0%| F|  |TAMS 0x00000000e5f00000, 0x00000000e5f00000| Untracked 
|  96|0x00000000e6000000, 0x00000000e6000000, 0x00000000e6100000|  0%| F|  |TAMS 0x00000000e6000000, 0x00000000e6000000| Untracked 
|  97|0x00000000e6100000, 0x00000000e6100000, 0x00000000e6200000|  0%| F|  |TAMS 0x00000000e6100000, 0x00000000e6100000| Untracked 
|  98|0x00000000e6200000, 0x00000000e6200000, 0x00000000e6300000|  0%| F|  |TAMS 0x00000000e6200000, 0x00000000e6200000| Untracked 
|  99|0x00000000e6300000, 0x00000000e6300000, 0x00000000e6400000|  0%| F|  |TAMS 0x00000000e6300000, 0x00000000e6300000| Untracked 
| 100|0x00000000e6400000, 0x00000000e6400000, 0x00000000e6500000|  0%| F|  |TAMS 0x00000000e6400000, 0x00000000e6400000| Untracked 
| 101|0x00000000e6500000, 0x00000000e6500000, 0x00000000e6600000|  0%| F|  |TAMS 0x00000000e6500000, 0x00000000e6500000| Untracked 
| 102|0x00000000e6600000, 0x00000000e6600000, 0x00000000e6700000|  0%| F|  |TAMS 0x00000000e6600000, 0x00000000e6600000| Untracked 
| 103|0x00000000e6700000, 0x00000000e6700000, 0x00000000e6800000|  0%| F|  |TAMS 0x00000000e6700000, 0x00000000e6700000| Untracked 
| 104|0x00000000e6800000, 0x00000000e6800000, 0x00000000e6900000|  0%| F|  |TAMS 0x00000000e6800000, 0x00000000e6800000| Untracked 
| 105|0x00000000e6900000, 0x00000000e6900000, 0x00000000e6a00000|  0%| F|  |TAMS 0x00000000e6900000, 0x00000000e6900000| Untracked 
| 106|0x00000000e6a00000, 0x00000000e6a00000, 0x00000000e6b00000|  0%| F|  |TAMS 0x00000000e6a00000, 0x00000000e6a00000| Untracked 
| 107|0x00000000e6b00000, 0x00000000e6b00000, 0x00000000e6c00000|  0%| F|  |TAMS 0x00000000e6b00000, 0x00000000e6b00000| Untracked 
| 108|0x00000000e6c00000, 0x00000000e6c00000, 0x00000000e6d00000|  0%| F|  |TAMS 0x00000000e6c00000, 0x00000000e6c00000| Untracked 
| 109|0x00000000e6d00000, 0x00000000e6d00000, 0x00000000e6e00000|  0%| F|  |TAMS 0x00000000e6d00000, 0x00000000e6d00000| Untracked 
| 110|0x00000000e6e00000, 0x00000000e6e00000, 0x00000000e6f00000|  0%| F|  |TAMS 0x00000000e6e00000, 0x00000000e6e00000| Untracked 
| 111|0x00000000e6f00000, 0x00000000e6f00000, 0x00000000e7000000|  0%| F|  |TAMS 0x00000000e6f00000, 0x00000000e6f00000| Untracked 
| 112|0x00000000e7000000, 0x00000000e7000000, 0x00000000e7100000|  0%| F|  |TAMS 0x00000000e7000000, 0x00000000e7000000| Untracked 
| 113|0x00000000e7100000, 0x00000000e7100000, 0x00000000e7200000|  0%| F|  |TAMS 0x00000000e7100000, 0x00000000e7100000| Untracked 
| 114|0x00000000e7200000, 0x00000000e7200000, 0x00000000e7300000|  0%| F|  |TAMS 0x00000000e7200000, 0x00000000e7200000| Untracked 
| 115|0x00000000e7300000, 0x00000000e7300000, 0x00000000e7400000|  0%| F|  |TAMS 0x00000000e7300000, 0x00000000e7300000| Untracked 
| 116|0x00000000e7400000, 0x00000000e7400000, 0x00000000e7500000|  0%| F|  |TAMS 0x00000000e7400000, 0x00000000e7400000| Untracked 
| 117|0x00000000e7500000, 0x00000000e7500000, 0x00000000e7600000|  0%| F|  |TAMS 0x00000000e7500000, 0x00000000e7500000| Untracked 
| 118|0x00000000e7600000, 0x00000000e7600000, 0x00000000e7700000|  0%| F|  |TAMS 0x00000000e7600000, 0x00000000e7600000| Untracked 
| 119|0x00000000e7700000, 0x00000000e7700000, 0x00000000e7800000|  0%| F|  |TAMS 0x00000000e7700000, 0x00000000e7700000| Untracked 
| 120|0x00000000e7800000, 0x00000000e7800000, 0x00000000e7900000|  0%| F|  |TAMS 0x00000000e7800000, 0x00000000e7800000| Untracked 
| 121|0x00000000e7900000, 0x00000000e7900000, 0x00000000e7a00000|  0%| F|  |TAMS 0x00000000e7900000, 0x00000000e7900000| Untracked 
| 122|0x00000000e7a00000, 0x00000000e7a00000, 0x00000000e7b00000|  0%| F|  |TAMS 0x00000000e7a00000, 0x00000000e7a00000| Untracked 
| 123|0x00000000e7b00000, 0x00000000e7b00000, 0x00000000e7c00000|  0%| F|  |TAMS 0x00000000e7b00000, 0x00000000e7b00000| Untracked 
| 124|0x00000000e7c00000, 0x00000000e7c00000, 0x00000000e7d00000|  0%| F|  |TAMS 0x00000000e7c00000, 0x00000000e7c00000| Untracked 
| 125|0x00000000e7d00000, 0x00000000e7d00000, 0x00000000e7e00000|  0%| F|  |TAMS 0x00000000e7d00000, 0x00000000e7d00000| Untracked 
| 126|0x00000000e7e00000, 0x00000000e7e00000, 0x00000000e7f00000|  0%| F|  |TAMS 0x00000000e7e00000, 0x00000000e7e00000| Untracked 
| 127|0x00000000e7f00000, 0x00000000e7f00000, 0x00000000e8000000|  0%| F|  |TAMS 0x00000000e7f00000, 0x00000000e7f00000| Untracked 
| 128|0x00000000e8000000, 0x00000000e8000000, 0x00000000e8100000|  0%| F|  |TAMS 0x00000000e8000000, 0x00000000e8000000| Untracked 
| 129|0x00000000e8100000, 0x00000000e8100000, 0x00000000e8200000|  0%| F|  |TAMS 0x00000000e8100000, 0x00000000e8100000| Untracked 
| 130|0x00000000e8200000, 0x00000000e8200000, 0x00000000e8300000|  0%| F|  |TAMS 0x00000000e8200000, 0x00000000e8200000| Untracked 
| 131|0x00000000e8300000, 0x00000000e8300000, 0x00000000e8400000|  0%| F|  |TAMS 0x00000000e8300000, 0x00000000e8300000| Untracked 
| 132|0x00000000e8400000, 0x00000000e8400000, 0x00000000e8500000|  0%| F|  |TAMS 0x00000000e8400000, 0x00000000e8400000| Untracked 
| 133|0x00000000e8500000, 0x00000000e8500000, 0x00000000e8600000|  0%| F|  |TAMS 0x00000000e8500000, 0x00000000e8500000| Untracked 
| 134|0x00000000e8600000, 0x00000000e8600000, 0x00000000e8700000|  0%| F|  |TAMS 0x00000000e8600000, 0x00000000e8600000| Untracked 
| 135|0x00000000e8700000, 0x00000000e8700000, 0x00000000e8800000|  0%| F|  |TAMS 0x00000000e8700000, 0x00000000e8700000| Untracked 
| 136|0x00000000e8800000, 0x00000000e8800000, 0x00000000e8900000|  0%| F|  |TAMS 0x00000000e8800000, 0x00000000e8800000| Untracked 
| 137|0x00000000e8900000, 0x00000000e8900000, 0x00000000e8a00000|  0%| F|  |TAMS 0x00000000e8900000, 0x00000000e8900000| Untracked 
| 138|0x00000000e8a00000, 0x00000000e8a00000, 0x00000000e8b00000|  0%| F|  |TAMS 0x00000000e8a00000, 0x00000000e8a00000| Untracked 
| 139|0x00000000e8b00000, 0x00000000e8b00000, 0x00000000e8c00000|  0%| F|  |TAMS 0x00000000e8b00000, 0x00000000e8b00000| Untracked 
| 140|0x00000000e8c00000, 0x00000000e8c00000, 0x00000000e8d00000|  0%| F|  |TAMS 0x00000000e8c00000, 0x00000000e8c00000| Untracked 
| 141|0x00000000e8d00000, 0x00000000e8d00000, 0x00000000e8e00000|  0%| F|  |TAMS 0x00000000e8d00000, 0x00000000e8d00000| Untracked 
| 142|0x00000000e8e00000, 0x00000000e8e00000, 0x00000000e8f00000|  0%| F|  |TAMS 0x00000000e8e00000, 0x00000000e8e00000| Untracked 
| 143|0x00000000e8f00000, 0x00000000e8f00000, 0x00000000e9000000|  0%| F|  |TAMS 0x00000000e8f00000, 0x00000000e8f00000| Untracked 
| 144|0x00000000e9000000, 0x00000000e9000000, 0x00000000e9100000|  0%| F|  |TAMS 0x00000000e9000000, 0x00000000e9000000| Untracked 
| 145|0x00000000e9100000, 0x00000000e9100000, 0x00000000e9200000|  0%| F|  |TAMS 0x00000000e9100000, 0x00000000e9100000| Untracked 
| 146|0x00000000e9200000, 0x00000000e9200000, 0x00000000e9300000|  0%| F|  |TAMS 0x00000000e9200000, 0x00000000e9200000| Untracked 
| 147|0x00000000e9300000, 0x00000000e9300000, 0x00000000e9400000|  0%| F|  |TAMS 0x00000000e9300000, 0x00000000e9300000| Untracked 
| 148|0x00000000e9400000, 0x00000000e9400000, 0x00000000e9500000|  0%| F|  |TAMS 0x00000000e9400000, 0x00000000e9400000| Untracked 
| 149|0x00000000e9500000, 0x00000000e9500000, 0x00000000e9600000|  0%| F|  |TAMS 0x00000000e9500000, 0x00000000e9500000| Untracked 
| 150|0x00000000e9600000, 0x00000000e9600000, 0x00000000e9700000|  0%| F|  |TAMS 0x00000000e9600000, 0x00000000e9600000| Untracked 
| 151|0x00000000e9700000, 0x00000000e9700000, 0x00000000e9800000|  0%| F|  |TAMS 0x00000000e9700000, 0x00000000e9700000| Untracked 
| 152|0x00000000e9800000, 0x00000000e9800000, 0x00000000e9900000|  0%| F|  |TAMS 0x00000000e9800000, 0x00000000e9800000| Untracked 
| 153|0x00000000e9900000, 0x00000000e9900000, 0x00000000e9a00000|  0%| F|  |TAMS 0x00000000e9900000, 0x00000000e9900000| Untracked 
| 154|0x00000000e9a00000, 0x00000000e9a00000, 0x00000000e9b00000|  0%| F|  |TAMS 0x00000000e9a00000, 0x00000000e9a00000| Untracked 
| 155|0x00000000e9b00000, 0x00000000e9b00000, 0x00000000e9c00000|  0%| F|  |TAMS 0x00000000e9b00000, 0x00000000e9b00000| Untracked 
| 156|0x00000000e9c00000, 0x00000000e9c00000, 0x00000000e9d00000|  0%| F|  |TAMS 0x00000000e9c00000, 0x00000000e9c00000| Untracked 
| 157|0x00000000e9d00000, 0x00000000e9d00000, 0x00000000e9e00000|  0%| F|  |TAMS 0x00000000e9d00000, 0x00000000e9d00000| Untracked 
| 158|0x00000000e9e00000, 0x00000000e9e00000, 0x00000000e9f00000|  0%| F|  |TAMS 0x00000000e9e00000, 0x00000000e9e00000| Untracked 
| 159|0x00000000e9f00000, 0x00000000e9f00000, 0x00000000ea000000|  0%| F|  |TAMS 0x00000000e9f00000, 0x00000000e9f00000| Untracked 
| 160|0x00000000ea000000, 0x00000000ea000000, 0x00000000ea100000|  0%| F|  |TAMS 0x00000000ea000000, 0x00000000ea000000| Untracked 
| 161|0x00000000ea100000, 0x00000000ea100000, 0x00000000ea200000|  0%| F|  |TAMS 0x00000000ea100000, 0x00000000ea100000| Untracked 
| 162|0x00000000ea200000, 0x00000000ea200000, 0x00000000ea300000|  0%| F|  |TAMS 0x00000000ea200000, 0x00000000ea200000| Untracked 
| 163|0x00000000ea300000, 0x00000000ea300000, 0x00000000ea400000|  0%| F|  |TAMS 0x00000000ea300000, 0x00000000ea300000| Untracked 
| 164|0x00000000ea400000, 0x00000000ea400000, 0x00000000ea500000|  0%| F|  |TAMS 0x00000000ea400000, 0x00000000ea400000| Untracked 
| 165|0x00000000ea500000, 0x00000000ea500000, 0x00000000ea600000|  0%| F|  |TAMS 0x00000000ea500000, 0x00000000ea500000| Untracked 
| 166|0x00000000ea600000, 0x00000000ea600000, 0x00000000ea700000|  0%| F|  |TAMS 0x00000000ea600000, 0x00000000ea600000| Untracked 
| 167|0x00000000ea700000, 0x00000000ea700000, 0x00000000ea800000|  0%| F|  |TAMS 0x00000000ea700000, 0x00000000ea700000| Untracked 
| 168|0x00000000ea800000, 0x00000000ea800000, 0x00000000ea900000|  0%| F|  |TAMS 0x00000000ea800000, 0x00000000ea800000| Untracked 
| 169|0x00000000ea900000, 0x00000000ea900000, 0x00000000eaa00000|  0%| F|  |TAMS 0x00000000ea900000, 0x00000000ea900000| Untracked 
| 170|0x00000000eaa00000, 0x00000000eaa00000, 0x00000000eab00000|  0%| F|  |TAMS 0x00000000eaa00000, 0x00000000eaa00000| Untracked 
| 171|0x00000000eab00000, 0x00000000eab00000, 0x00000000eac00000|  0%| F|  |TAMS 0x00000000eab00000, 0x00000000eab00000| Untracked 
| 172|0x00000000eac00000, 0x00000000eac00000, 0x00000000ead00000|  0%| F|  |TAMS 0x00000000eac00000, 0x00000000eac00000| Untracked 
| 173|0x00000000ead00000, 0x00000000ead00000, 0x00000000eae00000|  0%| F|  |TAMS 0x00000000ead00000, 0x00000000ead00000| Untracked 
| 174|0x00000000eae00000, 0x00000000eae00000, 0x00000000eaf00000|  0%| F|  |TAMS 0x00000000eae00000, 0x00000000eae00000| Untracked 
| 175|0x00000000eaf00000, 0x00000000eaf00000, 0x00000000eb000000|  0%| F|  |TAMS 0x00000000eaf00000, 0x00000000eaf00000| Untracked 
| 176|0x00000000eb000000, 0x00000000eb000000, 0x00000000eb100000|  0%| F|  |TAMS 0x00000000eb000000, 0x00000000eb000000| Untracked 
| 177|0x00000000eb100000, 0x00000000eb100000, 0x00000000eb200000|  0%| F|  |TAMS 0x00000000eb100000, 0x00000000eb100000| Untracked 
| 178|0x00000000eb200000, 0x00000000eb200000, 0x00000000eb300000|  0%| F|  |TAMS 0x00000000eb200000, 0x00000000eb200000| Untracked 
| 179|0x00000000eb300000, 0x00000000eb300000, 0x00000000eb400000|  0%| F|  |TAMS 0x00000000eb300000, 0x00000000eb300000| Untracked 
| 180|0x00000000eb400000, 0x00000000eb400000, 0x00000000eb500000|  0%| F|  |TAMS 0x00000000eb400000, 0x00000000eb400000| Untracked 
| 181|0x00000000eb500000, 0x00000000eb500000, 0x00000000eb600000|  0%| F|  |TAMS 0x00000000eb500000, 0x00000000eb500000| Untracked 
| 182|0x00000000eb600000, 0x00000000eb600000, 0x00000000eb700000|  0%| F|  |TAMS 0x00000000eb600000, 0x00000000eb600000| Untracked 
| 183|0x00000000eb700000, 0x00000000eb780800, 0x00000000eb800000| 50%| E|  |TAMS 0x00000000eb700000, 0x00000000eb700000| Complete 
| 184|0x00000000eb800000, 0x00000000eb900000, 0x00000000eb900000|100%| E|CS|TAMS 0x00000000eb800000, 0x00000000eb800000| Complete 
| 185|0x00000000eb900000, 0x00000000eba00000, 0x00000000eba00000|100%| E|CS|TAMS 0x00000000eb900000, 0x00000000eb900000| Complete 
| 186|0x00000000eba00000, 0x00000000ebb00000, 0x00000000ebb00000|100%| E|CS|TAMS 0x00000000eba00000, 0x00000000eba00000| Complete 
| 187|0x00000000ebb00000, 0x00000000ebc00000, 0x00000000ebc00000|100%| E|CS|TAMS 0x00000000ebb00000, 0x00000000ebb00000| Complete 
| 188|0x00000000ebc00000, 0x00000000ebd00000, 0x00000000ebd00000|100%| E|CS|TAMS 0x00000000ebc00000, 0x00000000ebc00000| Complete 
| 189|0x00000000ebd00000, 0x00000000ebe00000, 0x00000000ebe00000|100%| E|CS|TAMS 0x00000000ebd00000, 0x00000000ebd00000| Complete 
| 190|0x00000000ebe00000, 0x00000000ebf00000, 0x00000000ebf00000|100%| E|CS|TAMS 0x00000000ebe00000, 0x00000000ebe00000| Complete 
| 191|0x00000000ebf00000, 0x00000000ec000000, 0x00000000ec000000|100%| E|CS|TAMS 0x00000000ebf00000, 0x00000000ebf00000| Complete 
| 192|0x00000000ec000000, 0x00000000ec100000, 0x00000000ec100000|100%| E|CS|TAMS 0x00000000ec000000, 0x00000000ec000000| Complete 
| 193|0x00000000ec100000, 0x00000000ec200000, 0x00000000ec200000|100%| E|CS|TAMS 0x00000000ec100000, 0x00000000ec100000| Complete 
| 194|0x00000000ec200000, 0x00000000ec300000, 0x00000000ec300000|100%| E|CS|TAMS 0x00000000ec200000, 0x00000000ec200000| Complete 
| 195|0x00000000ec300000, 0x00000000ec400000, 0x00000000ec400000|100%| E|CS|TAMS 0x00000000ec300000, 0x00000000ec300000| Complete 
| 196|0x00000000ec400000, 0x00000000ec500000, 0x00000000ec500000|100%| E|CS|TAMS 0x00000000ec400000, 0x00000000ec400000| Complete 
| 197|0x00000000ec500000, 0x00000000ec600000, 0x00000000ec600000|100%| E|CS|TAMS 0x00000000ec500000, 0x00000000ec500000| Complete 
| 198|0x00000000ec600000, 0x00000000ec700000, 0x00000000ec700000|100%| E|CS|TAMS 0x00000000ec600000, 0x00000000ec600000| Complete 
| 199|0x00000000ec700000, 0x00000000ec800000, 0x00000000ec800000|100%| E|CS|TAMS 0x00000000ec700000, 0x00000000ec700000| Complete 
| 200|0x00000000ec800000, 0x00000000ec900000, 0x00000000ec900000|100%| E|CS|TAMS 0x00000000ec800000, 0x00000000ec800000| Complete 
| 201|0x00000000ec900000, 0x00000000eca00000, 0x00000000eca00000|100%| E|CS|TAMS 0x00000000ec900000, 0x00000000ec900000| Complete 
| 202|0x00000000eca00000, 0x00000000ecb00000, 0x00000000ecb00000|100%| E|CS|TAMS 0x00000000eca00000, 0x00000000eca00000| Complete 
| 203|0x00000000ecb00000, 0x00000000ecc00000, 0x00000000ecc00000|100%| E|CS|TAMS 0x00000000ecb00000, 0x00000000ecb00000| Complete 
| 204|0x00000000ecc00000, 0x00000000ecd00000, 0x00000000ecd00000|100%| E|CS|TAMS 0x00000000ecc00000, 0x00000000ecc00000| Complete 
| 205|0x00000000ecd00000, 0x00000000ece00000, 0x00000000ece00000|100%| E|CS|TAMS 0x00000000ecd00000, 0x00000000ecd00000| Complete 
| 206|0x00000000ece00000, 0x00000000ecf00000, 0x00000000ecf00000|100%| E|CS|TAMS 0x00000000ece00000, 0x00000000ece00000| Complete 
| 207|0x00000000ecf00000, 0x00000000ed000000, 0x00000000ed000000|100%| E|CS|TAMS 0x00000000ecf00000, 0x00000000ecf00000| Complete 
| 208|0x00000000ed000000, 0x00000000ed100000, 0x00000000ed100000|100%| E|CS|TAMS 0x00000000ed000000, 0x00000000ed000000| Complete 
| 209|0x00000000ed100000, 0x00000000ed200000, 0x00000000ed200000|100%| E|CS|TAMS 0x00000000ed100000, 0x00000000ed100000| Complete 
| 210|0x00000000ed200000, 0x00000000ed300000, 0x00000000ed300000|100%| E|CS|TAMS 0x00000000ed200000, 0x00000000ed200000| Complete 
| 211|0x00000000ed300000, 0x00000000ed400000, 0x00000000ed400000|100%| E|CS|TAMS 0x00000000ed300000, 0x00000000ed300000| Complete 
| 212|0x00000000ed400000, 0x00000000ed500000, 0x00000000ed500000|100%| E|CS|TAMS 0x00000000ed400000, 0x00000000ed400000| Complete 
| 213|0x00000000ed500000, 0x00000000ed600000, 0x00000000ed600000|100%| E|CS|TAMS 0x00000000ed500000, 0x00000000ed500000| Complete 
| 214|0x00000000ed600000, 0x00000000ed700000, 0x00000000ed700000|100%| E|CS|TAMS 0x00000000ed600000, 0x00000000ed600000| Complete 
| 215|0x00000000ed700000, 0x00000000ed800000, 0x00000000ed800000|100%| E|CS|TAMS 0x00000000ed700000, 0x00000000ed700000| Complete 
| 216|0x00000000ed800000, 0x00000000ed900000, 0x00000000ed900000|100%| E|CS|TAMS 0x00000000ed800000, 0x00000000ed800000| Complete 
| 217|0x00000000ed900000, 0x00000000eda00000, 0x00000000eda00000|100%| E|CS|TAMS 0x00000000ed900000, 0x00000000ed900000| Complete 
| 218|0x00000000eda00000, 0x00000000edb00000, 0x00000000edb00000|100%| E|CS|TAMS 0x00000000eda00000, 0x00000000eda00000| Complete 
| 219|0x00000000edb00000, 0x00000000edc00000, 0x00000000edc00000|100%| E|CS|TAMS 0x00000000edb00000, 0x00000000edb00000| Complete 
| 220|0x00000000edc00000, 0x00000000edd00000, 0x00000000edd00000|100%| E|CS|TAMS 0x00000000edc00000, 0x00000000edc00000| Complete 
| 221|0x00000000edd00000, 0x00000000edd7a410, 0x00000000ede00000| 47%| S|CS|TAMS 0x00000000edd00000, 0x00000000edd00000| Complete 
| 222|0x00000000ede00000, 0x00000000edf00000, 0x00000000edf00000|100%| S|CS|TAMS 0x00000000ede00000, 0x00000000ede00000| Complete 
| 223|0x00000000edf00000, 0x00000000ee000000, 0x00000000ee000000|100%| S|CS|TAMS 0x00000000edf00000, 0x00000000edf00000| Complete 
| 224|0x00000000ee000000, 0x00000000ee100000, 0x00000000ee100000|100%| S|CS|TAMS 0x00000000ee000000, 0x00000000ee000000| Complete 
| 225|0x00000000ee100000, 0x00000000ee200000, 0x00000000ee200000|100%| E|CS|TAMS 0x00000000ee100000, 0x00000000ee100000| Complete 
| 226|0x00000000ee200000, 0x00000000ee300000, 0x00000000ee300000|100%| E|CS|TAMS 0x00000000ee200000, 0x00000000ee200000| Complete 
| 227|0x00000000ee300000, 0x00000000ee400000, 0x00000000ee400000|100%| E|CS|TAMS 0x00000000ee300000, 0x00000000ee300000| Complete 
| 228|0x00000000ee400000, 0x00000000ee500000, 0x00000000ee500000|100%| E|CS|TAMS 0x00000000ee400000, 0x00000000ee400000| Complete 
| 229|0x00000000ee500000, 0x00000000ee600000, 0x00000000ee600000|100%| E|CS|TAMS 0x00000000ee500000, 0x00000000ee500000| Complete 
| 230|0x00000000ee600000, 0x00000000ee700000, 0x00000000ee700000|100%| E|CS|TAMS 0x00000000ee600000, 0x00000000ee600000| Complete 
| 231|0x00000000ee700000, 0x00000000ee800000, 0x00000000ee800000|100%| E|CS|TAMS 0x00000000ee700000, 0x00000000ee700000| Complete 
| 232|0x00000000ee800000, 0x00000000ee900000, 0x00000000ee900000|100%| E|CS|TAMS 0x00000000ee800000, 0x00000000ee800000| Complete 
| 233|0x00000000ee900000, 0x00000000eea00000, 0x00000000eea00000|100%| E|CS|TAMS 0x00000000ee900000, 0x00000000ee900000| Complete 
| 234|0x00000000eea00000, 0x00000000eeb00000, 0x00000000eeb00000|100%| E|CS|TAMS 0x00000000eea00000, 0x00000000eea00000| Complete 
| 235|0x00000000eeb00000, 0x00000000eec00000, 0x00000000eec00000|100%| E|CS|TAMS 0x00000000eeb00000, 0x00000000eeb00000| Complete 
| 236|0x00000000eec00000, 0x00000000eed00000, 0x00000000eed00000|100%| E|CS|TAMS 0x00000000eec00000, 0x00000000eec00000| Complete 
| 237|0x00000000eed00000, 0x00000000eee00000, 0x00000000eee00000|100%| E|CS|TAMS 0x00000000eed00000, 0x00000000eed00000| Complete 
| 238|0x00000000eee00000, 0x00000000eef00000, 0x00000000eef00000|100%| E|CS|TAMS 0x00000000eee00000, 0x00000000eee00000| Complete 
| 239|0x00000000eef00000, 0x00000000ef000000, 0x00000000ef000000|100%| E|CS|TAMS 0x00000000eef00000, 0x00000000eef00000| Complete 
| 240|0x00000000ef000000, 0x00000000ef100000, 0x00000000ef100000|100%| E|CS|TAMS 0x00000000ef000000, 0x00000000ef000000| Complete 
| 241|0x00000000ef100000, 0x00000000ef200000, 0x00000000ef200000|100%| E|CS|TAMS 0x00000000ef100000, 0x00000000ef100000| Complete 
| 242|0x00000000ef200000, 0x00000000ef300000, 0x00000000ef300000|100%| E|CS|TAMS 0x00000000ef200000, 0x00000000ef200000| Complete 
| 243|0x00000000ef300000, 0x00000000ef400000, 0x00000000ef400000|100%| E|CS|TAMS 0x00000000ef300000, 0x00000000ef300000| Complete 
| 244|0x00000000ef400000, 0x00000000ef500000, 0x00000000ef500000|100%| E|CS|TAMS 0x00000000ef400000, 0x00000000ef400000| Complete 
| 245|0x00000000ef500000, 0x00000000ef600000, 0x00000000ef600000|100%| E|CS|TAMS 0x00000000ef500000, 0x00000000ef500000| Complete 
| 246|0x00000000ef600000, 0x00000000ef700000, 0x00000000ef700000|100%| E|CS|TAMS 0x00000000ef600000, 0x00000000ef600000| Complete 
| 247|0x00000000ef700000, 0x00000000ef800000, 0x00000000ef800000|100%| E|CS|TAMS 0x00000000ef700000, 0x00000000ef700000| Complete 
| 248|0x00000000ef800000, 0x00000000ef900000, 0x00000000ef900000|100%| E|CS|TAMS 0x00000000ef800000, 0x00000000ef800000| Complete 
| 249|0x00000000ef900000, 0x00000000efa00000, 0x00000000efa00000|100%| E|CS|TAMS 0x00000000ef900000, 0x00000000ef900000| Complete 
| 250|0x00000000efa00000, 0x00000000efb00000, 0x00000000efb00000|100%| E|CS|TAMS 0x00000000efa00000, 0x00000000efa00000| Complete 
| 251|0x00000000efb00000, 0x00000000efc00000, 0x00000000efc00000|100%| E|CS|TAMS 0x00000000efb00000, 0x00000000efb00000| Complete 
| 252|0x00000000efc00000, 0x00000000efd00000, 0x00000000efd00000|100%| E|CS|TAMS 0x00000000efc00000, 0x00000000efc00000| Complete 
| 253|0x00000000efd00000, 0x00000000efe00000, 0x00000000efe00000|100%| E|CS|TAMS 0x00000000efd00000, 0x00000000efd00000| Complete 
| 254|0x00000000efe00000, 0x00000000eff00000, 0x00000000eff00000|100%| E|CS|TAMS 0x00000000efe00000, 0x00000000efe00000| Complete 
| 255|0x00000000eff00000, 0x00000000f0000000, 0x00000000f0000000|100%| E|CS|TAMS 0x00000000eff00000, 0x00000000eff00000| Complete 

Card table byte_map: [0x00000232a4e90000,0x00000232a4f90000] _byte_map_base: 0x00000232a4790000

Marking Bits (Prev, Next): (CMBitMap*) 0x000002328b977970, (CMBitMap*) 0x000002328b9779b0
 Prev Bits: [0x00000232a5090000, 0x00000232a5890000)
 Next Bits: [0x00000232a5890000, 0x00000232a6090000)

Polling page: 0x000002328ba10000

Metaspace:

Usage:
  Non-class:     13.94 MB used.
      Class:      2.23 MB used.
       Both:     16.18 MB used.

Virtual space:
  Non-class space:       64.00 MB reserved,      14.19 MB ( 22%) committed,  1 nodes.
      Class space:      308.00 MB reserved,       2.50 MB ( <1%) committed,  1 nodes.
             Both:      372.00 MB reserved,      16.69 MB (  4%) committed. 

Chunk freelists:
   Non-Class:  1.58 MB
       Class:  1.55 MB
        Both:  3.12 MB

MaxMetaspaceSize: 384.00 MB
CompressedClassSpaceSize: 308.00 MB
Initial GC threshold: 21.00 MB
Current GC threshold: 21.00 MB
CDS: on
MetaspaceReclaimPolicy: balanced
 - commit_granule_bytes: 65536.
 - commit_granule_words: 8192.
 - virtual_space_node_default_size: 8388608.
 - enlarge_chunks_in_place: 1.
 - new_chunks_are_fully_committed: 0.
 - uncommit_free_chunks: 1.
 - use_allocation_guard: 0.


Internal statistics:

num_allocs_failed_limit: 0.
num_arena_births: 706.
num_arena_deaths: 0.
num_vsnodes_births: 2.
num_vsnodes_deaths: 0.
num_space_committed: 267.
num_space_uncommitted: 0.
num_chunks_returned_to_freelist: 0.
num_chunks_taken_from_freelist: 1315.
num_chunk_merges: 0.
num_chunk_splits: 854.
num_chunks_enlarged: 561.
num_inconsistent_stats: 0.

CodeHeap 'non-profiled nmethods': size=120000Kb used=1172Kb max_used=1172Kb free=118827Kb
 bounds [0x000002329cdd0000, 0x000002329d040000, 0x00000232a4300000]
CodeHeap 'profiled nmethods': size=120000Kb used=5264Kb max_used=5264Kb free=114735Kb
 bounds [0x0000023295300000, 0x0000023295830000, 0x000002329c830000]
CodeHeap 'non-nmethods': size=5760Kb used=1345Kb max_used=1368Kb free=4414Kb
 bounds [0x000002329c830000, 0x000002329caa0000, 0x000002329cdd0000]
 total_blobs=3163 nmethods=2602 adapters=471
 compilation: enabled
              stopped_count=0, restarted_count=0
 full_count=0

Compilation events (20 events):
Event: 6.177 Thread 0x00000232ad415030 nmethod 2566 0x000002329cef0310 code [0x000002329cef04a0, 0x000002329cef0638]
Event: 6.177 Thread 0x00000232ad415030 2565       4       sun.invoke.util.VerifyType::isNullConversion (157 bytes)
Event: 6.188 Thread 0x00000232ad415030 nmethod 2565 0x000002329cef0790 code [0x000002329cef09a0, 0x000002329cef0d80]
Event: 6.192 Thread 0x00000232ad415030 2567       4       java.lang.invoke.InvokerBytecodeGenerator::emitPushArgument (150 bytes)
Event: 6.192 Thread 0x00000232acd56aa0 2568       3       java.lang.invoke.InvokerBytecodeGenerator::<init> (126 bytes)
Event: 6.195 Thread 0x00000232acd56aa0 nmethod 2568 0x000002329580c290 code [0x000002329580c580, 0x000002329580d638]
Event: 6.195 Thread 0x00000232acd56aa0 2569       3       java.lang.invoke.InvokerBytecodeGenerator::classData (170 bytes)
Event: 6.196 Thread 0x00000232acd56aa0 nmethod 2569 0x000002329580dc10 code [0x000002329580de80, 0x000002329580eb58]
Event: 6.220 Thread 0x00000232acd56aa0 2572       3       com.google.common.collect.Hashing::smear (19 bytes)
Event: 6.220 Thread 0x00000232acd56aa0 nmethod 2572 0x000002329580ee90 code [0x000002329580f020, 0x000002329580f198]
Event: 6.220 Thread 0x00000232acd56aa0 2573       3       java.lang.Integer::rotateLeft (9 bytes)
Event: 6.221 Thread 0x00000232acd56aa0 nmethod 2573 0x000002329580f290 code [0x000002329580f420, 0x000002329580f518]
Event: 6.223 Thread 0x00000232acd56aa0 2576       3       java.lang.invoke.LambdaForm$Name::<init> (52 bytes)
Event: 6.223 Thread 0x00000232acd56aa0 nmethod 2576 0x000002329580f590 code [0x000002329580f740, 0x000002329580f938]
Event: 6.224 Thread 0x00000232acd56aa0 2579       3       java.lang.invoke.ClassSpecializer$SpeciesData::fieldCount (10 bytes)
Event: 6.224 Thread 0x00000232acd56aa0 nmethod 2579 0x000002329580fa10 code [0x000002329580fbc0, 0x000002329580fd88]
Event: 6.224 Thread 0x00000232acd56aa0 2580       3       java.lang.invoke.InvokerBytecodeGenerator::emitReturnInsn (122 bytes)
Event: 6.225 Thread 0x00000232acd56aa0 nmethod 2580 0x000002329580fe90 code [0x00000232958100e0, 0x0000023295810ab8]
Event: 6.225 Thread 0x00000232acd56aa0 2581       3       jdk.internal.org.objectweb.asm.AnnotationWriter::putAnnotations (110 bytes)
Event: 6.226 Thread 0x00000232acd56aa0 nmethod 2581 0x0000023295810e10 code [0x0000023295811020, 0x0000023295811428]

GC Heap History (4 events):
Event: 1.594 GC heap before
{Heap before GC invocations=0 (full 0):
 garbage-first heap   total 262144K, used 26624K [0x00000000e0000000, 0x0000000100000000)
  region size 1024K, 23 young (23552K), 0 survivors (0K)
 Metaspace       used 3161K, committed 3328K, reserved 380928K
  class space    used 389K, committed 448K, reserved 315392K
}
Event: 1.603 GC heap after
{Heap after GC invocations=1 (full 0):
 garbage-first heap   total 262144K, used 10348K [0x00000000e0000000, 0x0000000100000000)
  region size 1024K, 3 young (3072K), 3 survivors (3072K)
 Metaspace       used 3161K, committed 3328K, reserved 380928K
  class space    used 389K, committed 448K, reserved 315392K
}
Event: 2.650 GC heap before
{Heap before GC invocations=1 (full 0):
 garbage-first heap   total 262144K, used 39020K [0x00000000e0000000, 0x0000000100000000)
  region size 1024K, 31 young (31744K), 3 survivors (3072K)
 Metaspace       used 4106K, committed 4288K, reserved 380928K
  class space    used 482K, committed 576K, reserved 315392K
}
Event: 2.660 GC heap after
{Heap after GC invocations=2 (full 0):
 garbage-first heap   total 262144K, used 14135K [0x00000000e0000000, 0x0000000100000000)
  region size 1024K, 4 young (4096K), 4 survivors (4096K)
 Metaspace       used 4106K, committed 4288K, reserved 380928K
  class space    used 482K, committed 576K, reserved 315392K
}

Dll operation events (15 events):
Event: 0.019 Loaded shared library C:\Users\g3ral\.jdks\corretto-19.0.2\bin\java.dll
Event: 0.046 Loaded shared library C:\Users\g3ral\.jdks\corretto-19.0.2\bin\jsvml.dll
Event: 0.184 Loaded shared library C:\Users\g3ral\.jdks\corretto-19.0.2\bin\zip.dll
Event: 0.190 Loaded shared library C:\Users\g3ral\.jdks\corretto-19.0.2\bin\instrument.dll
Event: 0.202 Loaded shared library C:\Users\g3ral\.jdks\corretto-19.0.2\bin\net.dll
Event: 0.206 Loaded shared library C:\Users\g3ral\.jdks\corretto-19.0.2\bin\nio.dll
Event: 0.215 Loaded shared library C:\Users\g3ral\.jdks\corretto-19.0.2\bin\zip.dll
Event: 0.733 Loaded shared library C:\Users\g3ral\.jdks\corretto-19.0.2\bin\jimage.dll
Event: 0.882 Loaded shared library C:\Users\g3ral\.jdks\corretto-19.0.2\bin\verify.dll
Event: 1.262 Loaded shared library C:\Users\g3ral\.gradle\native\68d5fa5c4cc2d200863cafc0d521ce42e7d3e7ee720ec0a83991735586a16f82\windows-amd64\native-platform.dll
Event: 1.275 Loaded shared library C:\Users\g3ral\.gradle\native\e376f236ea51e6404a007f0833ffe2c6e607c4080706a723a18a27aeea778392\windows-amd64\native-platform-file-events.dll
Event: 3.194 Loaded shared library C:\Users\g3ral\.jdks\corretto-19.0.2\bin\management.dll
Event: 3.199 Loaded shared library C:\Users\g3ral\.jdks\corretto-19.0.2\bin\management_ext.dll
Event: 3.716 Loaded shared library C:\Users\g3ral\.jdks\corretto-19.0.2\bin\extnet.dll
Event: 4.230 Loaded shared library C:\Users\g3ral\.jdks\corretto-19.0.2\bin\sunmscapi.dll

Deoptimization events (20 events):
Event: 5.348 Thread 0x00000232adab40d0 Uncommon trap: trap_request=0xffffffde fr.pc=0x000002329ce73abc relative=0x000000000000027c
Event: 5.348 Thread 0x00000232adab40d0 Uncommon trap: reason=class_check action=maybe_recompile pc=0x000002329ce73abc method=java.util.regex.Pattern$BmpCharPropertyGreedy.match(Ljava/util/regex/Matcher;ILjava/lang/CharSequence;)Z @ 26 c2
Event: 5.348 Thread 0x00000232adab40d0 DEOPT PACKING pc=0x000002329ce73abc sp=0x00000046230fcbd0
Event: 5.348 Thread 0x00000232adab40d0 DEOPT UNPACKING pc=0x000002329c89a5a3 sp=0x00000046230fcb88 mode 2
Event: 5.497 Thread 0x00000232adab40d0 Uncommon trap: trap_request=0xffffff45 fr.pc=0x000002329ce5027c relative=0x00000000000007bc
Event: 5.497 Thread 0x00000232adab40d0 Uncommon trap: reason=unstable_if action=reinterpret pc=0x000002329ce5027c method=java.util.ArrayList.grow(I)[Ljava/lang/Object; @ 17 c2
Event: 5.497 Thread 0x00000232adab40d0 DEOPT PACKING pc=0x000002329ce5027c sp=0x00000046230fd920
Event: 5.497 Thread 0x00000232adab40d0 DEOPT UNPACKING pc=0x000002329c89a5a3 sp=0x00000046230fd7b8 mode 2
Event: 5.586 Thread 0x00000232adab40d0 Uncommon trap: trap_request=0xffffff45 fr.pc=0x000002329cdf48e4 relative=0x0000000000000cc4
Event: 5.586 Thread 0x00000232adab40d0 Uncommon trap: reason=unstable_if action=reinterpret pc=0x000002329cdf48e4 method=java.io.WinNTFileSystem.resolve(Ljava/lang/String;Ljava/lang/String;)Ljava/lang/String; @ 19 c2
Event: 5.586 Thread 0x00000232adab40d0 DEOPT PACKING pc=0x000002329cdf48e4 sp=0x00000046230fd680
Event: 5.586 Thread 0x00000232adab40d0 DEOPT UNPACKING pc=0x000002329c89a5a3 sp=0x00000046230fd618 mode 2
Event: 5.589 Thread 0x00000232adab40d0 Uncommon trap: trap_request=0xffffff45 fr.pc=0x000002329ce43bc0 relative=0x0000000000000600
Event: 5.589 Thread 0x00000232adab40d0 Uncommon trap: reason=unstable_if action=reinterpret pc=0x000002329ce43bc0 method=java.io.File.getName()Ljava/lang/String; @ 16 c2
Event: 5.589 Thread 0x00000232adab40d0 DEOPT PACKING pc=0x000002329ce43bc0 sp=0x00000046230fd630
Event: 5.589 Thread 0x00000232adab40d0 DEOPT UNPACKING pc=0x000002329c89a5a3 sp=0x00000046230fd600 mode 2
Event: 5.864 Thread 0x00000232adab40d0 Uncommon trap: trap_request=0xffffffcc fr.pc=0x000002329cee5e6c relative=0x000000000000034c
Event: 5.864 Thread 0x00000232adab40d0 Uncommon trap: reason=intrinsic_or_type_checked_inlining action=make_not_entrant pc=0x000002329cee5e6c method=java.util.Arrays.copyOf([Ljava/lang/Object;ILjava/lang/Class;)[Ljava/lang/Object; @ 35 c2
Event: 5.864 Thread 0x00000232adab40d0 DEOPT PACKING pc=0x000002329cee5e6c sp=0x00000046230fd5e0
Event: 5.864 Thread 0x00000232adab40d0 DEOPT UNPACKING pc=0x000002329c89a5a3 sp=0x00000046230fd570 mode 2

Classes loaded (20 events):
Event: 5.973 Loading class java/security/InvalidKeyException
Event: 5.973 Loading class java/security/KeyException
Event: 5.973 Loading class java/security/KeyException done
Event: 5.973 Loading class java/security/InvalidKeyException done
Event: 6.125 Loading class sun/security/provider/MD5
Event: 6.126 Loading class sun/security/provider/MD5 done
Event: 6.126 Loading class sun/security/provider/SHA5$SHA512
Event: 6.127 Loading class sun/security/provider/SHA5
Event: 6.127 Loading class sun/security/provider/SHA5 done
Event: 6.127 Loading class sun/security/provider/SHA5$SHA512 done
Event: 6.130 Loading class sun/security/provider/ByteArrayAccess$LE
Event: 6.130 Loading class sun/security/provider/ByteArrayAccess$LE done
Event: 6.204 Loading class java/util/concurrent/Semaphore
Event: 6.204 Loading class java/util/concurrent/Semaphore done
Event: 6.208 Loading class java/nio/file/FileVisitOption
Event: 6.208 Loading class java/nio/file/FileVisitOption done
Event: 6.218 Loading class java/util/stream/ReduceOps$1
Event: 6.218 Loading class java/util/stream/ReduceOps$1 done
Event: 6.218 Loading class java/util/stream/ReduceOps$1ReducingSink
Event: 6.219 Loading class java/util/stream/ReduceOps$1ReducingSink done

Classes unloaded (0 events):
No events

Classes redefined (0 events):
No events

Internal exceptions (20 events):
Event: 5.405 Thread 0x00000232adab40d0 Exception <a 'java/lang/NoSuchMethodError'{0x00000000eca7bc18}: 'java.lang.Object java.lang.invoke.Invokers$Holder.linkToTargetMethod(java.lang.Object, java.lang.Object, int, java.lang.Object)'> (0x00000000eca7bc18) 
thrown [s\src\hotspot\share\interpreter\linkResolver.cpp, line 774]
Event: 5.510 Thread 0x00000232adab40d0 Exception <a 'java/lang/NoSuchMethodError'{0x00000000ec790ba8}: 'java.lang.Object java.lang.invoke.DirectMethodHandle$Holder.invokeVirtual(java.lang.Object, java.lang.Object, java.lang.Object, java.lang.Object, java.lang.Object, java.lang.Object, java.lang.Object, java.lang.Object, java.lang.Object)'> (0x00000000ec790ba8) 
thrown [s\src\hotspot\share\interpreter\linkResolver.cpp, line 774]
Event: 5.576 Thread 0x00000232adab40d0 Exception <a 'java/lang/NoSuchMethodError'{0x00000000ec6b1dc0}: 'java.lang.Object java.lang.invoke.DirectMethodHandle$Holder.invokeVirtual(java.lang.Object, java.lang.Object, java.lang.Object, java.lang.Object, java.lang.Object, java.lang.Object, java.lang.Object, java.lang.Object, java.lang.Object, java.lang.Object)'> (0x00000000ec6b1dc0) 
thrown [s\src\hotspot\share\interpreter\linkResolver.cpp, line 774]
Event: 5.674 Thread 0x00000232adab40d0 Exception <a 'java/lang/NoSuchMethodError'{0x00000000ec446930}: 'java.lang.Object java.lang.invoke.DelegatingMethodHandle$Holder.reinvoke_L(java.lang.Object, java.lang.Object, java.lang.Object, java.lang.Object, java.lang.Object, java.lang.Object, java.lang.Object, java.lang.Object, java.lang.Object, java.lang.Object, java.lang.Object, java.lang.Object, java.lang.Object, java.lang.Object, java.lang.Object, java.lang.Object, java.lang.Object, java.lang.Object, java.lang.Object, java.lang.Object, java.lang.O
Event: 5.686 Thread 0x00000232adab40d0 Exception <a 'java/lang/NoSuchMethodError'{0x00000000ec4a0928}: 'java.lang.Object java.lang.invoke.DirectMethodHandle$Holder.invokeStatic(java.lang.Object, java.lang.Object, java.lang.Object, java.lang.Object, java.lang.Object, java.lang.Object, java.lang.Object, java.lang.Object, java.lang.Object, java.lang.Object, java.lang.Object, java.lang.Object, java.lang.Object, java.lang.Object, java.lang.Object)'> (0x00000000ec4a0928) 
thrown [s\src\hotspot\share\interpreter\linkResolver.cpp, line 774]
Event: 5.695 Thread 0x00000232adab40d0 Exception <a 'java/lang/NoSuchMethodError'{0x00000000ec4c5030}: 'java.lang.Object java.lang.invoke.DirectMethodHandle$Holder.invokeStatic(java.lang.Object, java.lang.Object, java.lang.Object, java.lang.Object, java.lang.Object, java.lang.Object, java.lang.Object, java.lang.Object, java.lang.Object, java.lang.Object, java.lang.Object, java.lang.Object, java.lang.Object, java.lang.Object, java.lang.Object, java.lang.Object)'> (0x00000000ec4c5030) 
thrown [s\src\hotspot\share\interpreter\linkResolver.cpp, lin
Event: 5.701 Thread 0x00000232adab40d0 Exception <a 'java/lang/NoSuchMethodError'{0x00000000ec4ec8b8}: 'java.lang.Object java.lang.invoke.DirectMethodHandle$Holder.invokeStatic(java.lang.Object, java.lang.Object, java.lang.Object, java.lang.Object, java.lang.Object, java.lang.Object, java.lang.Object, java.lang.Object, java.lang.Object, java.lang.Object, java.lang.Object, java.lang.Object, java.lang.Object, java.lang.Object, java.lang.Object, java.lang.Object, java.lang.Object)'> (0x00000000ec4ec8b8) 
thrown [s\src\hotspot\share\interpreter\lin
Event: 5.706 Thread 0x00000232adab40d0 Exception <a 'java/lang/NoSuchMethodError'{0x00000000ec315ba0}: 'java.lang.Object java.lang.invoke.DirectMethodHandle$Holder.invokeStatic(java.lang.Object, java.lang.Object, java.lang.Object, java.lang.Object, java.lang.Object, java.lang.Object, java.lang.Object, java.lang.Object, java.lang.Object, java.lang.Object, java.lang.Object, java.lang.Object, java.lang.Object, java.lang.Object, java.lang.Object, java.lang.Object, java.lang.Object, java.lang.Object)'> (0x00000000ec315ba0) 
thrown [s\src\hotspot\sha
Event: 5.712 Thread 0x00000232adab40d0 Exception <a 'java/lang/NoSuchMethodError'{0x00000000ec3401f8}: 'java.lang.Object java.lang.invoke.DirectMethodHandle$Holder.invokeStatic(java.lang.Object, java.lang.Object, java.lang.Object, java.lang.Object, java.lang.Object, java.lang.Object, java.lang.Object, java.lang.Object, java.lang.Object, java.lang.Object, java.lang.Object, java.lang.Object, java.lang.Object, java.lang.Object, java.lang.Object, java.lang.Object, java.lang.Object, java.lang.Object, java.lang.Object)'> (0x00000000ec3401f8) 
thrown 
Event: 5.716 Thread 0x00000232adab40d0 Exception <a 'java/lang/NoSuchMethodError'{0x00000000ec36b448}: 'java.lang.Object java.lang.invoke.DirectMethodHandle$Holder.invokeStatic(java.lang.Object, java.lang.Object, java.lang.Object, java.lang.Object, java.lang.Object, java.lang.Object, java.lang.Object, java.lang.Object, java.lang.Object, java.lang.Object, java.lang.Object, java.lang.Object, java.lang.Object, java.lang.Object, java.lang.Object, java.lang.Object, java.lang.Object, java.lang.Object, java.lang.Object, java.lang.Object)'> (0x00000000
Event: 5.722 Thread 0x00000232adab40d0 Exception <a 'java/lang/NoSuchMethodError'{0x00000000ec3979d8}: 'java.lang.Object java.lang.invoke.DirectMethodHandle$Holder.invokeStatic(java.lang.Object, java.lang.Object, java.lang.Object, java.lang.Object, java.lang.Object, java.lang.Object, java.lang.Object, java.lang.Object, java.lang.Object, java.lang.Object, java.lang.Object, java.lang.Object, java.lang.Object, java.lang.Object, java.lang.Object, java.lang.Object, java.lang.Object, java.lang.Object, java.lang.Object, java.lang.Object, java.lang.Obj
Event: 5.726 Thread 0x00000232adab40d0 Exception <a 'java/lang/NoSuchMethodError'{0x00000000ec3c4840}: 'java.lang.Object java.lang.invoke.DirectMethodHandle$Holder.invokeStatic(java.lang.Object, java.lang.Object, java.lang.Object, java.lang.Object, java.lang.Object, java.lang.Object, java.lang.Object, java.lang.Object, java.lang.Object, java.lang.Object, java.lang.Object, java.lang.Object, java.lang.Object, java.lang.Object, java.lang.Object, java.lang.Object, java.lang.Object, java.lang.Object, java.lang.Object, java.lang.Object, java.lang.Obj
Event: 5.731 Thread 0x00000232adab40d0 Exception <a 'java/lang/NoSuchMethodError'{0x00000000ec3f2578}: 'java.lang.Object java.lang.invoke.DirectMethodHandle$Holder.invokeStatic(java.lang.Object, java.lang.Object, java.lang.Object, java.lang.Object, java.lang.Object, java.lang.Object, java.lang.Object, java.lang.Object, java.lang.Object, java.lang.Object, java.lang.Object, java.lang.Object, java.lang.Object, java.lang.Object, java.lang.Object, java.lang.Object, java.lang.Object, java.lang.Object, java.lang.Object, java.lang.Object, java.lang.Obj
Event: 5.736 Thread 0x00000232adab40d0 Exception <a 'java/lang/NoSuchMethodError'{0x00000000ec2211c8}: 'java.lang.Object java.lang.invoke.DirectMethodHandle$Holder.invokeStatic(java.lang.Object, java.lang.Object, java.lang.Object, java.lang.Object, java.lang.Object, java.lang.Object, java.lang.Object, java.lang.Object, java.lang.Object, java.lang.Object, java.lang.Object, java.lang.Object, java.lang.Object, java.lang.Object, java.lang.Object, java.lang.Object, java.lang.Object, java.lang.Object, java.lang.Object, java.lang.Object, java.lang.Obj
Event: 5.741 Thread 0x00000232adab40d0 Exception <a 'java/lang/NoSuchMethodError'{0x00000000ec251638}: 'java.lang.Object java.lang.invoke.DirectMethodHandle$Holder.invokeStatic(java.lang.Object, java.lang.Object, java.lang.Object, java.lang.Object, java.lang.Object, java.lang.Object, java.lang.Object, java.lang.Object, java.lang.Object, java.lang.Object, java.lang.Object, java.lang.Object, java.lang.Object, java.lang.Object, java.lang.Object, java.lang.Object, java.lang.Object, java.lang.Object, java.lang.Object, java.lang.Object, java.lang.Obj
Event: 6.102 Thread 0x00000232adab40d0 Exception <a 'java/lang/IncompatibleClassChangeError'{0x00000000ebba2c68}: Found class java.lang.Object, but interface was expected> (0x00000000ebba2c68) 
thrown [s\src\hotspot\share\interpreter\linkResolver.cpp, line 841]
Event: 6.213 Thread 0x00000232adab40d0 Exception <a 'java/lang/NoSuchMethodError'{0x00000000eb941d50}: 'int java.lang.invoke.DirectMethodHandle$Holder.invokeSpecialIFC(java.lang.Object, java.lang.Object, java.lang.Object, java.lang.Object)'> (0x00000000eb941d50) 
thrown [s\src\hotspot\share\interpreter\linkResolver.cpp, line 774]
Event: 6.216 Thread 0x00000232adab40d0 Exception <a 'java/lang/NoSuchMethodError'{0x00000000eb951040}: 'java.lang.Object java.lang.invoke.DirectMethodHandle$Holder.invokeInterface(java.lang.Object, java.lang.Object, java.lang.Object)'> (0x00000000eb951040) 
thrown [s\src\hotspot\share\interpreter\linkResolver.cpp, line 774]
Event: 6.217 Thread 0x00000232adab40d0 Exception <a 'java/lang/IncompatibleClassChangeError'{0x00000000eb954c70}: Found class java.lang.Object, but interface was expected> (0x00000000eb954c70) 
thrown [s\src\hotspot\share\interpreter\linkResolver.cpp, line 841]
Event: 6.221 Thread 0x00000232adab40d0 Exception <a 'java/lang/NoSuchMethodError'{0x00000000eb95cd20}: 'java.lang.Object java.lang.invoke.DirectMethodHandle$Holder.newInvokeSpecial(java.lang.Object, java.lang.Object, java.lang.Object, java.lang.Object, java.lang.Object, java.lang.Object, java.lang.Object, java.lang.Object, java.lang.Object, java.lang.Object, java.lang.Object)'> (0x00000000eb95cd20) 
thrown [s\src\hotspot\share\interpreter\linkResolver.cpp, line 774]

VM Operations (20 events):
Event: 3.673 Executing VM operation: HandshakeAllThreads
Event: 3.673 Executing VM operation: HandshakeAllThreads done
Event: 3.673 Executing VM operation: Cleanup
Event: 3.673 Executing VM operation: Cleanup done
Event: 4.240 Executing VM operation: HandshakeAllThreads
Event: 4.240 Executing VM operation: HandshakeAllThreads done
Event: 5.066 Executing VM operation: HandshakeAllThreads
Event: 5.066 Executing VM operation: HandshakeAllThreads done
Event: 5.066 Executing VM operation: Cleanup
Event: 5.067 Executing VM operation: Cleanup done
Event: 5.397 Executing VM operation: HandshakeAllThreads
Event: 5.397 Executing VM operation: HandshakeAllThreads done
Event: 5.598 Executing VM operation: HandshakeAllThreads
Event: 5.598 Executing VM operation: HandshakeAllThreads done
Event: 5.599 Executing VM operation: HandshakeAllThreads
Event: 5.599 Executing VM operation: HandshakeAllThreads done
Event: 5.757 Executing VM operation: HandshakeAllThreads
Event: 5.757 Executing VM operation: HandshakeAllThreads done
Event: 5.758 Executing VM operation: HandshakeAllThreads
Event: 5.758 Executing VM operation: HandshakeAllThreads done

Events (20 events):
Event: 0.728 Thread 0x00000232ad0f5540 Thread added: 0x00000232ad0f5540
Event: 0.803 Thread 0x00000232ad223fe0 Thread added: 0x00000232ad223fe0
Event: 1.844 Thread 0x00000232ad223fe0 Thread exited: 0x00000232ad223fe0
Event: 1.849 Thread 0x00000232ad0f5540 Thread exited: 0x00000232ad0f5540
Event: 2.249 Thread 0x00000232ada168a0 Thread added: 0x00000232ada168a0
Event: 3.288 Thread 0x00000232ae4ef030 Thread added: 0x00000232ae4ef030
Event: 4.052 Thread 0x00000232ae3eda40 Thread added: 0x00000232ae3eda40
Event: 4.188 Thread 0x00000232aeba5220 Thread added: 0x00000232aeba5220
Event: 4.301 Thread 0x00000232ae8ec260 Thread added: 0x00000232ae8ec260
Event: 4.308 Thread 0x00000232ae6ab810 Thread added: 0x00000232ae6ab810
Event: 4.382 Thread 0x00000232ae388050 Thread added: 0x00000232ae388050
Event: 4.478 Thread 0x00000232adab40d0 Thread added: 0x00000232adab40d0
Event: 4.498 Thread 0x00000232ae4c9060 Thread added: 0x00000232ae4c9060
Event: 4.505 Thread 0x00000232ae4c8b10 Thread added: 0x00000232ae4c8b10
Event: 4.512 Thread 0x00000232ae4c95b0 Thread added: 0x00000232ae4c95b0
Event: 4.533 Thread 0x00000232ada168a0 Thread exited: 0x00000232ada168a0
Event: 5.397 Thread 0x00000232ae4c6b30 Thread added: 0x00000232ae4c6b30
Event: 5.433 Thread 0x00000232ae4c6090 Thread added: 0x00000232ae4c6090
Event: 5.671 Thread 0x00000232ad415030 Thread added: 0x00000232ad415030
Event: 6.170 Thread 0x00000232ae4c7b20 Thread added: 0x00000232ae4c7b20


Dynamic libraries:
0x00007ff64f4d0000 - 0x00007ff64f4dd000 	C:\Users\g3ral\.jdks\corretto-19.0.2\bin\java.exe
0x00007ffb137f0000 - 0x00007ffb13a07000 	C:\WINDOWS\SYSTEM32\ntdll.dll
0x00007ffb12fa0000 - 0x00007ffb13064000 	C:\WINDOWS\System32\KERNEL32.DLL
0x00007ffb10b60000 - 0x00007ffb10f05000 	C:\WINDOWS\System32\KERNELBASE.dll
0x00007ffb10fd0000 - 0x00007ffb110e1000 	C:\WINDOWS\System32\ucrtbase.dll
0x00007ffafce10000 - 0x00007ffafce25000 	C:\Users\g3ral\.jdks\corretto-19.0.2\bin\VCRUNTIME140.dll
0x00007ffafd050000 - 0x00007ffafd067000 	C:\Users\g3ral\.jdks\corretto-19.0.2\bin\jli.dll
0x00007ffb133f0000 - 0x00007ffb1359e000 	C:\WINDOWS\System32\USER32.dll
0x00007ffb113a0000 - 0x00007ffb113c6000 	C:\WINDOWS\System32\win32u.dll
0x00007ffaf34f0000 - 0x00007ffaf3783000 	C:\WINDOWS\WinSxS\amd64_microsoft.windows.common-controls_6595b64144ccf1df_6.0.22621.2506_none_270c5ae97388e100\COMCTL32.dll
0x00007ffb12d90000 - 0x00007ffb12db9000 	C:\WINDOWS\System32\GDI32.dll
0x00007ffb12ef0000 - 0x00007ffb12f97000 	C:\WINDOWS\System32\msvcrt.dll
0x00007ffb111e0000 - 0x00007ffb112f9000 	C:\WINDOWS\System32\gdi32full.dll
0x00007ffb11300000 - 0x00007ffb1139a000 	C:\WINDOWS\System32\msvcp_win.dll
0x00007ffb11540000 - 0x00007ffb11571000 	C:\WINDOWS\System32\IMM32.DLL
0x00007ffad5930000 - 0x00007ffad59cb000 	C:\Users\g3ral\.jdks\corretto-19.0.2\bin\msvcp140.dll
0x00007ffa42660000 - 0x00007ffa43339000 	C:\Users\g3ral\.jdks\corretto-19.0.2\bin\server\jvm.dll
0x00007ffb12050000 - 0x00007ffb12101000 	C:\WINDOWS\System32\ADVAPI32.dll
0x00007ffb13160000 - 0x00007ffb13206000 	C:\WINDOWS\System32\sechost.dll
0x00007ffb11f30000 - 0x00007ffb12047000 	C:\WINDOWS\System32\RPCRT4.dll
0x00007ffb0de40000 - 0x00007ffb0de49000 	C:\WINDOWS\SYSTEM32\WSOCK32.dll
0x00007ffb12e70000 - 0x00007ffb12ee1000 	C:\WINDOWS\System32\WS2_32.dll
0x00007ffb091d0000 - 0x00007ffb09204000 	C:\WINDOWS\SYSTEM32\WINMM.dll
0x00007ffb05b70000 - 0x00007ffb05b7a000 	C:\WINDOWS\SYSTEM32\VERSION.dll
0x00007ffb0fb00000 - 0x00007ffb0fb18000 	C:\WINDOWS\SYSTEM32\kernel.appcore.dll
0x00007ffafdac0000 - 0x00007ffafdaca000 	C:\Users\g3ral\.jdks\corretto-19.0.2\bin\jimage.dll
0x00007ffb0c020000 - 0x00007ffb0c253000 	C:\WINDOWS\SYSTEM32\DBGHELP.DLL
0x00007ffb11610000 - 0x00007ffb11999000 	C:\WINDOWS\System32\combase.dll
0x00007ffb12cb0000 - 0x00007ffb12d87000 	C:\WINDOWS\System32\OLEAUT32.dll
0x00007ffae8070000 - 0x00007ffae80a2000 	C:\WINDOWS\SYSTEM32\dbgcore.DLL
0x00007ffb11160000 - 0x00007ffb111da000 	C:\WINDOWS\System32\bcryptPrimitives.dll
0x00007ffafcf30000 - 0x00007ffafcf3e000 	C:\Users\g3ral\.jdks\corretto-19.0.2\bin\instrument.dll
0x00007ffafc710000 - 0x00007ffafc736000 	C:\Users\g3ral\.jdks\corretto-19.0.2\bin\java.dll
0x00007ffad0eb0000 - 0x00007ffad0f86000 	C:\Users\g3ral\.jdks\corretto-19.0.2\bin\jsvml.dll
0x00007ffb12420000 - 0x00007ffb12c79000 	C:\WINDOWS\System32\SHELL32.dll
0x00007ffb0ea80000 - 0x00007ffb0f374000 	C:\WINDOWS\SYSTEM32\windows.storage.dll
0x00007ffb0e940000 - 0x00007ffb0ea7e000 	C:\WINDOWS\SYSTEM32\wintypes.dll
0x00007ffb13210000 - 0x00007ffb13303000 	C:\WINDOWS\System32\SHCORE.dll
0x00007ffb13390000 - 0x00007ffb133ee000 	C:\WINDOWS\System32\shlwapi.dll
0x00007ffb10a90000 - 0x00007ffb10ab6000 	C:\WINDOWS\SYSTEM32\profapi.dll
0x00007ffaf5090000 - 0x00007ffaf50a8000 	C:\Users\g3ral\.jdks\corretto-19.0.2\bin\zip.dll
0x00007ffafbbc0000 - 0x00007ffafbbd3000 	C:\Users\g3ral\.jdks\corretto-19.0.2\bin\net.dll
0x00007ffb0a400000 - 0x00007ffb0a537000 	C:\WINDOWS\SYSTEM32\WINHTTP.dll
0x00007ffb0ffe0000 - 0x00007ffb10049000 	C:\WINDOWS\system32\mswsock.dll
0x00007ffafa410000 - 0x00007ffafa425000 	C:\Users\g3ral\.jdks\corretto-19.0.2\bin\nio.dll
0x00007ffafd1b0000 - 0x00007ffafd1c0000 	C:\Users\g3ral\.jdks\corretto-19.0.2\bin\verify.dll
0x00007ffaeb420000 - 0x00007ffaeb447000 	C:\Users\g3ral\.gradle\native\68d5fa5c4cc2d200863cafc0d521ce42e7d3e7ee720ec0a83991735586a16f82\windows-amd64\native-platform.dll
0x00007ffacbcc0000 - 0x00007ffacbe04000 	C:\Users\g3ral\.gradle\native\e376f236ea51e6404a007f0833ffe2c6e607c4080706a723a18a27aeea778392\windows-amd64\native-platform-file-events.dll
0x00007ffafc2b0000 - 0x00007ffafc2b9000 	C:\Users\g3ral\.jdks\corretto-19.0.2\bin\management.dll
0x00007ffafbbb0000 - 0x00007ffafbbbb000 	C:\Users\g3ral\.jdks\corretto-19.0.2\bin\management_ext.dll
0x00007ffb135b0000 - 0x00007ffb135b8000 	C:\WINDOWS\System32\PSAPI.DLL
0x00007ffb10230000 - 0x00007ffb1024b000 	C:\WINDOWS\SYSTEM32\CRYPTSP.dll
0x00007ffb0fac0000 - 0x00007ffb0faf5000 	C:\WINDOWS\system32\rsaenh.dll
0x00007ffb100d0000 - 0x00007ffb100fc000 	C:\WINDOWS\SYSTEM32\USERENV.dll
0x00007ffb10420000 - 0x00007ffb10448000 	C:\WINDOWS\SYSTEM32\bcrypt.dll
0x00007ffb10250000 - 0x00007ffb1025c000 	C:\WINDOWS\SYSTEM32\CRYPTBASE.dll
0x00007ffb0f5e0000 - 0x00007ffb0f60d000 	C:\WINDOWS\SYSTEM32\IPHLPAPI.DLL
0x00007ffb12ca0000 - 0x00007ffb12ca9000 	C:\WINDOWS\System32\NSI.dll
0x00007ffb09a10000 - 0x00007ffb09a29000 	C:\WINDOWS\SYSTEM32\dhcpcsvc6.DLL
0x00007ffb099f0000 - 0x00007ffb09a0f000 	C:\WINDOWS\SYSTEM32\dhcpcsvc.DLL
0x00007ffb0f610000 - 0x00007ffb0f709000 	C:\WINDOWS\SYSTEM32\DNSAPI.dll
0x00007ffafd780000 - 0x00007ffafd788000 	C:\Users\g3ral\.jdks\corretto-19.0.2\bin\extnet.dll
0x00007ffafa400000 - 0x00007ffafa40e000 	C:\Users\g3ral\.jdks\corretto-19.0.2\bin\sunmscapi.dll
0x00007ffb113d0000 - 0x00007ffb11536000 	C:\WINDOWS\System32\CRYPT32.dll
0x00007ffb103f0000 - 0x00007ffb1041d000 	C:\WINDOWS\SYSTEM32\ncrypt.dll
0x00007ffb103b0000 - 0x00007ffb103e7000 	C:\WINDOWS\SYSTEM32\NTASN1.dll
0x00007ffb09cf0000 - 0x00007ffb09cf8000 	C:\WINDOWS\system32\wshunix.dll

dbghelp: loaded successfully - version: 4.0.5 - missing functions: none
symbol engine: initialized successfully - sym options: 0x614 - pdb path: .;C:\Users\g3ral\.jdks\corretto-19.0.2\bin;C:\WINDOWS\SYSTEM32;C:\WINDOWS\WinSxS\amd64_microsoft.windows.common-controls_6595b64144ccf1df_6.0.22621.2506_none_270c5ae97388e100;C:\Users\g3ral\.jdks\corretto-19.0.2\bin\server;C:\Users\g3ral\.gradle\native\68d5fa5c4cc2d200863cafc0d521ce42e7d3e7ee720ec0a83991735586a16f82\windows-amd64;C:\Users\g3ral\.gradle\native\e376f236ea51e6404a007f0833ffe2c6e607c4080706a723a18a27aeea778392\windows-amd64

VM Arguments:
jvm_args: --add-opens=java.base/java.util=ALL-UNNAMED --add-opens=java.base/java.lang=ALL-UNNAMED --add-opens=java.base/java.lang.invoke=ALL-UNNAMED --add-opens=java.prefs/java.util.prefs=ALL-UNNAMED --add-opens=java.base/java.nio.charset=ALL-UNNAMED --add-opens=java.base/java.net=ALL-UNNAMED --add-opens=java.base/java.util.concurrent.atomic=ALL-UNNAMED -XX:MaxMetaspaceSize=384m -XX:+HeapDumpOnOutOfMemoryError -Xms256m -Xmx512m -Dfile.encoding=windows-1252 -Duser.country=PT -Duser.language=pt -Duser.variant -javaagent:C:\Users\g3ral\.gradle\wrapper\dists\gradle-8.2-bin\bbg7u40eoinfdyxsxr3z4i7ta\gradle-8.2\lib\agents\gradle-instrumentation-agent-8.2.jar 
java_command: org.gradle.launcher.daemon.bootstrap.GradleDaemon 8.2
java_class_path (initial): C:\Users\g3ral\.gradle\wrapper\dists\gradle-8.2-bin\bbg7u40eoinfdyxsxr3z4i7ta\gradle-8.2\lib\gradle-launcher-8.2.jar
Launcher Type: SUN_STANDARD

[Global flags]
     intx CICompilerCount                          = 4                                         {product} {ergonomic}
   size_t CompressedClassSpaceSize                 = 322961408                                 {product} {ergonomic}
     uint ConcGCThreads                            = 2                                         {product} {ergonomic}
     uint G1ConcRefinementThreads                  = 8                                         {product} {ergonomic}
   size_t G1HeapRegionSize                         = 1048576                                   {product} {ergonomic}
    uintx GCDrainStackTargetSize                   = 64                                        {product} {ergonomic}
     bool HeapDumpOnOutOfMemoryError               = true                                   {manageable} {command line}
   size_t InitialHeapSize                          = 268435456                                 {product} {command line}
   size_t MarkStackSize                            = 4194304                                   {product} {ergonomic}
   size_t MaxHeapSize                              = 536870912                                 {product} {command line}
   size_t MaxMetaspaceSize                         = 402653184                                 {product} {command line}
   size_t MaxNewSize                               = 321912832                                 {product} {ergonomic}
   size_t MinHeapDeltaBytes                        = 1048576                                   {product} {ergonomic}
   size_t MinHeapSize                              = 268435456                                 {product} {command line}
    uintx NonNMethodCodeHeapSize                   = 5839372                                {pd product} {ergonomic}
    uintx NonProfiledCodeHeapSize                  = 122909434                              {pd product} {ergonomic}
    uintx ProfiledCodeHeapSize                     = 122909434                              {pd product} {ergonomic}
    uintx ReservedCodeCacheSize                    = 251658240                              {pd product} {ergonomic}
     bool SegmentedCodeCache                       = true                                      {product} {ergonomic}
   size_t SoftMaxHeapSize                          = 536870912                              {manageable} {ergonomic}
     bool UseCompressedClassPointers               = true                           {product lp64_product} {ergonomic}
     bool UseCompressedOops                        = true                           {product lp64_product} {ergonomic}
     bool UseG1GC                                  = true                                      {product} {ergonomic}
     bool UseLargePagesIndividualAllocation        = false                                  {pd product} {ergonomic}

Logging:
Log output configuration:
 #0: stdout all=warning uptime,level,tags foldmultilines=false
 #1: stderr all=off uptime,level,tags foldmultilines=false

Environment Variables:
PATH=C:\Program Files (x86)\Common Files\Oracle\Java\javapath;C:\WINDOWS\system32;C:\WINDOWS;C:\WINDOWS\System32\Wbem;C:\WINDOWS\System32\WindowsPowerShell\v1.0\;C:\WINDOWS\System32\OpenSSH\;C:\Program Files\dotnet;C:\Program Files\Git\cmd;C:\Users\g3ral\AppData\Local\Programs\Python\Python311\Scripts\;C:\Users\g3ral\AppData\Local\Programs\Python\Python311\;C:\Users\g3ral\AppData\Local\Microsoft\WindowsApps;C:\Users\g3ral\AppData\Local\Programs\Microsoft VS Code\bin;C:\MinGW\bin;C:\Program Files\JetBrains\CLion 2023.2.2\bin;
USERNAME=g3ral
OS=Windows_NT
PROCESSOR_IDENTIFIER=Intel64 Family 6 Model 126 Stepping 5, GenuineIntel
TMP=C:\Users\g3ral\AppData\Local\Temp
TEMP=C:\Users\g3ral\AppData\Local\Temp



---------------  S Y S T E M  ---------------

OS:
 Windows 11 , 64 bit Build 22621 (10.0.22621.2506)
OS uptime: 9 days 1:54 hours

CPU: total 8 (initial active 8) (4 cores per cpu, 2 threads per core) family 6 model 126 stepping 5 microcode 0xb0, cx8, cmov, fxsr, ht, mmx, 3dnowpref, sse, sse2, sse3, ssse3, sse4.1, sse4.2, popcnt, lzcnt, tsc, tscinvbit, avx, avx2, aes, erms, clmul, bmi1, bmi2, adx, avx512f, avx512dq, avx512cd, avx512bw, avx512vl, sha, fma, vzeroupper, avx512_vpopcntdq, avx512_vpclmulqdq, avx512_vaes, avx512_vnni, clflush, clflushopt, avx512_vbmi2, avx512_vbmi, rdtscp, rdpid, fsrm, gfni, avx512_bitalg

Memory: 4k page, system-wide physical 7778M (489M free)
TotalPageFile size 22866M (AvailPageFile size 5M)
current process WorkingSet (physical memory assigned to process): 180M, peak: 180M
current process commit charge ("private bytes"): 404M, peak: 405M

vm_info: OpenJDK 64-Bit Server VM (19.0.2+7-FR) for windows-amd64 JRE (19.0.2+7-FR), built on Jan 13 2023 22:53:32 by "Administrator" with MS VC++ 15.9 (VS2017)

END.
